mode: atomic
github.com/saredigital/sarepost/cmd/postflow/main.go:10.13,12.2 1 0
github.com/saredigital/sarepost/cmd/postflow-server/main.go:28.13,30.16 2 0
github.com/saredigital/sarepost/cmd/postflow-server/main.go:30.16,31.45 1 0
github.com/saredigital/sarepost/cmd/postflow-server/main.go:33.2,35.56 2 0
github.com/saredigital/sarepost/cmd/postflow-server/main.go:35.56,38.3 2 0
github.com/saredigital/sarepost/cmd/postflow-server/main.go:40.2,41.16 2 0
github.com/saredigital/sarepost/cmd/postflow-server/main.go:41.16,44.3 2 0
github.com/saredigital/sarepost/cmd/postflow-server/main.go:45.2,47.57 2 0
github.com/saredigital/sarepost/cmd/postflow-server/main.go:47.57,48.58 1 0
github.com/saredigital/sarepost/cmd/postflow-server/main.go:48.58,51.4 2 0
github.com/saredigital/sarepost/cmd/postflow-server/main.go:52.3,52.121 1 0
github.com/saredigital/sarepost/cmd/postflow-server/main.go:52.121,55.4 2 0
github.com/saredigital/sarepost/cmd/postflow-server/main.go:57.2,58.16 2 0
github.com/saredigital/sarepost/cmd/postflow-server/main.go:58.16,61.3 2 0
github.com/saredigital/sarepost/cmd/postflow-server/main.go:63.2,64.16 2 0
github.com/saredigital/sarepost/cmd/postflow-server/main.go:64.16,67.3 2 0
github.com/saredigital/sarepost/cmd/postflow-server/main.go:69.2,70.16 2 0
github.com/saredigital/sarepost/cmd/postflow-server/main.go:70.16,73.3 2 0
github.com/saredigital/sarepost/cmd/postflow-server/main.go:75.2,110.12 7 0
github.com/saredigital/sarepost/cmd/postflow-server/main.go:110.12,115.3 4 0
github.com/saredigital/sarepost/cmd/postflow-server/main.go:117.2,118.83 2 0
github.com/saredigital/sarepost/cmd/postflow-server/main.go:118.83,121.3 2 0
github.com/saredigital/sarepost/cmd/postflow-server/main.go:124.106,126.16 2 0
github.com/saredigital/sarepost/cmd/postflow-server/main.go:127.18,133.9 1 0
github.com/saredigital/sarepost/cmd/postflow-server/main.go:134.27,154.109 6 0
github.com/saredigital/sarepost/cmd/postflow-server/main.go:155.10,156.99 1 0
github.com/saredigital/sarepost/cmd/postflow-server/main.go:160.90,162.16 2 1
github.com/saredigital/sarepost/cmd/postflow-server/main.go:162.16,164.3 1 0
github.com/saredigital/sarepost/cmd/postflow-server/main.go:165.2,165.50 1 1
github.com/saredigital/sarepost/cmd/postflow-server/main.go:165.50,167.20 2 1
github.com/saredigital/sarepost/cmd/postflow-server/main.go:167.20,169.4 1 0
github.com/saredigital/sarepost/cmd/postflow-server/main.go:170.3,176.9 2 1
github.com/saredigital/sarepost/cmd/postflow-server/main.go:180.53,182.19 2 2
github.com/saredigital/sarepost/cmd/postflow-server/main.go:182.19,184.3 1 0
github.com/saredigital/sarepost/cmd/postflow-server/main.go:185.2,185.55 1 2
github.com/saredigital/sarepost/cmd/postflow-server/main.go:188.63,190.47 2 2
github.com/saredigital/sarepost/cmd/postflow-server/main.go:190.47,192.3 1 0
github.com/saredigital/sarepost/cmd/postflow-server/main.go:193.2,193.18 1 2
github.com/saredigital/sarepost/cmd/postflow-server/main.go:194.48,195.16 1 1
github.com/saredigital/sarepost/cmd/postflow-server/main.go:196.19,197.16 1 0
github.com/saredigital/sarepost/cmd/postflow-server/main.go:198.19,199.16 1 0
github.com/saredigital/sarepost/cmd/postflow-server/main.go:200.25,201.16 1 0
github.com/saredigital/sarepost/cmd/postflow-server/main.go:203.2,203.70 1 1
github.com/saredigital/sarepost/cmd/postflow-server/main.go:203.70,205.38 2 1
github.com/saredigital/sarepost/cmd/postflow-server/main.go:205.38,207.4 1 1
github.com/saredigital/sarepost/cmd/postflow-server/main.go:209.2,209.11 1 0
github.com/saredigital/sarepost/cmd/postflow-server/main.go:212.50,213.47 1 1
github.com/saredigital/sarepost/cmd/postflow-server/main.go:213.47,215.3 1 0
github.com/saredigital/sarepost/cmd/postflow-server/main.go:216.2,216.28 1 1
github.com/saredigital/sarepost/cmd/postflow-server/main.go:216.28,217.55 1 3
github.com/saredigital/sarepost/cmd/postflow-server/main.go:217.55,218.12 1 3
github.com/saredigital/sarepost/cmd/postflow-server/main.go:220.3,220.15 1 0
github.com/saredigital/sarepost/cmd/postflow-server/main.go:222.2,222.13 1 1
github.com/saredigital/sarepost/internal/observability/logger.go:9.39,15.2 3 0
github.com/saredigital/sarepost/internal/observability/logger.go:17.42,18.51 1 0
github.com/saredigital/sarepost/internal/observability/logger.go:19.15,20.25 1 0
github.com/saredigital/sarepost/internal/observability/logger.go:21.25,22.24 1 0
github.com/saredigital/sarepost/internal/observability/logger.go:23.15,24.25 1 0
github.com/saredigital/sarepost/internal/observability/logger.go:25.10,26.24 1 0
github.com/saredigital/sarepost/internal/domain/domain.go:29.75,30.18 1 0
github.com/saredigital/sarepost/internal/domain/domain.go:31.24,32.14 1 0
github.com/saredigital/sarepost/internal/domain/domain.go:33.52,34.30 1 0
github.com/saredigital/sarepost/internal/domain/domain.go:35.32,36.34 1 0
github.com/saredigital/sarepost/internal/domain/domain.go:37.11,38.13 1 0
github.com/saredigital/sarepost/internal/domain/domain.go:40.10,41.14 1 0
github.com/saredigital/sarepost/internal/domain/domain.go:42.31,43.29 1 0
github.com/saredigital/sarepost/internal/domain/domain.go:44.11,45.13 1 0
github.com/saredigital/sarepost/internal/capabilities/registry.go:41.48,66.2 1 0
github.com/saredigital/sarepost/scripts/hash-password.go:10.13,11.22 1 0
github.com/saredigital/sarepost/scripts/hash-password.go:11.22,14.3 2 0
github.com/saredigital/sarepost/scripts/hash-password.go:16.2,17.16 2 0
github.com/saredigital/sarepost/scripts/hash-password.go:17.16,20.3 2 0
github.com/saredigital/sarepost/scripts/hash-password.go:22.2,22.27 1 0
github.com/saredigital/sarepost/internal/application/media/service.go:35.36,36.16 1 5
github.com/saredigital/sarepost/internal/application/media/service.go:36.16,38.3 1 2
github.com/saredigital/sarepost/internal/application/media/service.go:39.2,39.26 1 3
github.com/saredigital/sarepost/internal/application/media/service.go:39.26,41.3 1 2
github.com/saredigital/sarepost/internal/application/media/service.go:42.2,42.14 1 1
github.com/saredigital/sarepost/internal/application/media/service.go:45.84,47.2 1 1
github.com/saredigital/sarepost/internal/application/media/service.go:49.84,51.19 2 3
github.com/saredigital/sarepost/internal/application/media/service.go:51.19,53.3 1 1
github.com/saredigital/sarepost/internal/application/media/service.go:55.2,56.16 2 2
github.com/saredigital/sarepost/internal/application/media/service.go:56.16,58.3 1 0
github.com/saredigital/sarepost/internal/application/media/service.go:60.2,61.21 2 2
github.com/saredigital/sarepost/internal/application/media/service.go:64.89,66.16 2 1
github.com/saredigital/sarepost/internal/application/media/service.go:66.16,68.3 1 0
github.com/saredigital/sarepost/internal/application/media/service.go:69.2,69.31 1 1
github.com/saredigital/sarepost/internal/application/media/service.go:69.31,71.3 1 2
github.com/saredigital/sarepost/internal/application/media/service.go:72.2,72.21 1 1
github.com/saredigital/sarepost/internal/application/media/service.go:75.42,76.16 1 4
github.com/saredigital/sarepost/internal/application/media/service.go:76.16,78.3 1 0
github.com/saredigital/sarepost/internal/application/media/service.go:79.2,80.19 2 4
github.com/saredigital/sarepost/internal/application/media/service.go:80.19,82.3 1 4
github.com/saredigital/sarepost/internal/application/media/service.go:83.2,84.51 2 4
github.com/saredigital/sarepost/internal/application/media/service.go:84.52,85.3 0 0
github.com/saredigital/sarepost/internal/application/publishcycle/runner.go:35.46,37.19 2 7
github.com/saredigital/sarepost/internal/application/publishcycle/runner.go:37.19,39.3 1 7
github.com/saredigital/sarepost/internal/application/publishcycle/runner.go:41.2,42.16 2 7
github.com/saredigital/sarepost/internal/application/publishcycle/runner.go:42.16,45.3 2 0
github.com/saredigital/sarepost/internal/application/publishcycle/runner.go:46.2,46.20 1 7
github.com/saredigital/sarepost/internal/application/publishcycle/runner.go:46.20,48.3 1 7
github.com/saredigital/sarepost/internal/application/publishcycle/runner.go:50.2,50.29 1 7
github.com/saredigital/sarepost/internal/application/publishcycle/runner.go:50.29,52.74 2 7
github.com/saredigital/sarepost/internal/application/publishcycle/runner.go:52.74,54.4 1 0
github.com/saredigital/sarepost/internal/application/publishcycle/runner.go:55.3,56.26 2 7
github.com/saredigital/sarepost/internal/application/publishcycle/runner.go:56.26,58.4 1 7
github.com/saredigital/sarepost/internal/application/publishcycle/runner.go:59.3,61.17 3 7
github.com/saredigital/sarepost/internal/application/publishcycle/runner.go:61.17,65.12 4 0
github.com/saredigital/sarepost/internal/application/publishcycle/runner.go:68.3,69.10 2 7
github.com/saredigital/sarepost/internal/application/publishcycle/runner.go:69.10,74.12 5 1
github.com/saredigital/sarepost/internal/application/publishcycle/runner.go:77.3,78.17 2 6
github.com/saredigital/sarepost/internal/application/publishcycle/runner.go:78.17,82.12 4 0
github.com/saredigital/sarepost/internal/application/publishcycle/runner.go:85.3,86.17 2 6
github.com/saredigital/sarepost/internal/application/publishcycle/runner.go:86.17,91.12 5 0
github.com/saredigital/sarepost/internal/application/publishcycle/runner.go:94.3,97.78 2 6
github.com/saredigital/sarepost/internal/application/publishcycle/runner.go:97.78,100.61 3 2
github.com/saredigital/sarepost/internal/application/publishcycle/runner.go:100.61,102.5 1 1
github.com/saredigital/sarepost/internal/application/publishcycle/runner.go:103.4,104.18 2 2
github.com/saredigital/sarepost/internal/application/publishcycle/runner.go:104.18,108.13 4 1
github.com/saredigital/sarepost/internal/application/publishcycle/runner.go:110.4,110.79 1 1
github.com/saredigital/sarepost/internal/application/publishcycle/runner.go:110.79,115.13 5 1
github.com/saredigital/sarepost/internal/application/publishcycle/runner.go:117.4,118.41 2 0
github.com/saredigital/sarepost/internal/application/publishcycle/runner.go:118.41,120.5 1 0
github.com/saredigital/sarepost/internal/application/publishcycle/runner.go:120.10,122.5 1 0
github.com/saredigital/sarepost/internal/application/publishcycle/runner.go:125.3,126.39 2 4
github.com/saredigital/sarepost/internal/application/publishcycle/runner.go:126.39,128.18 2 2
github.com/saredigital/sarepost/internal/application/publishcycle/runner.go:128.18,130.5 1 2
github.com/saredigital/sarepost/internal/application/publishcycle/runner.go:132.3,132.17 1 4
github.com/saredigital/sarepost/internal/application/publishcycle/runner.go:132.17,133.44 1 2
github.com/saredigital/sarepost/internal/application/publishcycle/runner.go:133.44,136.13 3 1
github.com/saredigital/sarepost/internal/application/publishcycle/runner.go:138.4,140.26 3 1
github.com/saredigital/sarepost/internal/application/publishcycle/runner.go:140.26,142.5 1 1
github.com/saredigital/sarepost/internal/application/publishcycle/runner.go:143.4,144.12 2 1
github.com/saredigital/sarepost/internal/application/publishcycle/runner.go:147.3,149.87 3 2
github.com/saredigital/sarepost/internal/application/publishcycle/runner.go:149.87,151.12 2 0
github.com/saredigital/sarepost/internal/application/publishcycle/runner.go:153.3,154.241 2 2
github.com/saredigital/sarepost/internal/application/publishcycle/runner.go:158.143,159.30 1 4
github.com/saredigital/sarepost/internal/application/publishcycle/runner.go:159.30,161.3 1 3
github.com/saredigital/sarepost/internal/application/publishcycle/runner.go:162.2,163.16 2 1
github.com/saredigital/sarepost/internal/application/publishcycle/runner.go:163.16,165.3 1 0
github.com/saredigital/sarepost/internal/application/publishcycle/runner.go:166.2,170.34 1 1
github.com/saredigital/sarepost/internal/application/publishcycle/runner.go:170.34,172.3 1 0
github.com/saredigital/sarepost/internal/application/publishcycle/runner.go:175.188,176.11 1 8
github.com/saredigital/sarepost/internal/application/publishcycle/runner.go:176.11,179.3 2 2
github.com/saredigital/sarepost/internal/application/publishcycle/runner.go:180.2,181.16 2 8
github.com/saredigital/sarepost/internal/application/publishcycle/runner.go:181.16,183.3 1 0
github.com/saredigital/sarepost/internal/application/publishcycle/runner.go:184.2,184.13 1 8
github.com/saredigital/sarepost/internal/application/publishcycle/runner.go:184.13,185.81 1 0
github.com/saredigital/sarepost/internal/application/publishcycle/runner.go:185.81,187.4 1 0
github.com/saredigital/sarepost/internal/application/publishcycle/runner.go:189.2,189.21 1 8
github.com/saredigital/sarepost/internal/application/publishcycle/runner.go:192.36,193.16 1 4
github.com/saredigital/sarepost/internal/application/publishcycle/runner.go:193.16,195.3 1 0
github.com/saredigital/sarepost/internal/application/publishcycle/runner.go:196.2,197.120 2 4
github.com/saredigital/sarepost/internal/application/publishcycle/runner.go:200.54,201.16 1 2
github.com/saredigital/sarepost/internal/application/publishcycle/runner.go:201.16,203.3 1 0
github.com/saredigital/sarepost/internal/application/publishcycle/runner.go:204.2,205.41 2 2
github.com/saredigital/sarepost/internal/application/publishcycle/runner.go:205.41,207.3 1 1
github.com/saredigital/sarepost/internal/application/publishcycle/runner.go:208.2,208.92 1 1
github.com/saredigital/sarepost/internal/application/publishcycle/runner.go:208.92,210.3 1 1
github.com/saredigital/sarepost/internal/application/publishcycle/runner.go:211.2,211.79 1 0
github.com/saredigital/sarepost/internal/application/publishcycle/runner.go:214.61,216.2 1 2
github.com/saredigital/sarepost/internal/application/publishcycle/runner.go:222.51,224.2 1 1
github.com/saredigital/sarepost/internal/application/publishcycle/runner.go:226.32,228.19 2 5
github.com/saredigital/sarepost/internal/application/publishcycle/runner.go:228.19,230.3 1 1
github.com/saredigital/sarepost/internal/application/publishcycle/runner.go:231.2,231.17 1 4
github.com/saredigital/sarepost/internal/db/accounts.go:32.110,35.20 3 35
github.com/saredigital/sarepost/internal/db/accounts.go:35.20,37.3 1 0
github.com/saredigital/sarepost/internal/db/accounts.go:38.2,39.23 2 35
github.com/saredigital/sarepost/internal/db/accounts.go:39.23,41.3 1 0
github.com/saredigital/sarepost/internal/db/accounts.go:42.2,42.22 1 35
github.com/saredigital/sarepost/internal/db/accounts.go:42.22,44.3 1 0
github.com/saredigital/sarepost/internal/db/accounts.go:45.2,46.23 2 35
github.com/saredigital/sarepost/internal/db/accounts.go:46.23,48.3 1 0
github.com/saredigital/sarepost/internal/db/accounts.go:49.2,50.49 2 35
github.com/saredigital/sarepost/internal/db/accounts.go:50.49,52.3 1 0
github.com/saredigital/sarepost/internal/db/accounts.go:53.2,54.45 2 35
github.com/saredigital/sarepost/internal/db/accounts.go:54.45,56.3 1 0
github.com/saredigital/sarepost/internal/db/accounts.go:57.2,58.60 2 35
github.com/saredigital/sarepost/internal/db/accounts.go:58.60,60.3 1 0
github.com/saredigital/sarepost/internal/db/accounts.go:61.2,64.50 3 35
github.com/saredigital/sarepost/internal/db/accounts.go:64.50,66.3 1 0
github.com/saredigital/sarepost/internal/db/accounts.go:67.2,67.16 1 35
github.com/saredigital/sarepost/internal/db/accounts.go:67.16,69.35 2 0
github.com/saredigital/sarepost/internal/db/accounts.go:69.35,71.4 1 0
github.com/saredigital/sarepost/internal/db/accounts.go:72.3,72.61 1 0
github.com/saredigital/sarepost/internal/db/accounts.go:72.61,74.4 1 0
github.com/saredigital/sarepost/internal/db/accounts.go:75.3,80.23 2 0
github.com/saredigital/sarepost/internal/db/accounts.go:80.23,82.4 1 0
github.com/saredigital/sarepost/internal/db/accounts.go:83.3,83.40 1 0
github.com/saredigital/sarepost/internal/db/accounts.go:86.2,87.16 2 35
github.com/saredigital/sarepost/internal/db/accounts.go:87.16,89.3 1 0
github.com/saredigital/sarepost/internal/db/accounts.go:90.2,94.16 2 35
github.com/saredigital/sarepost/internal/db/accounts.go:94.16,96.3 1 0
github.com/saredigital/sarepost/internal/db/accounts.go:97.2,97.30 1 35
github.com/saredigital/sarepost/internal/db/accounts.go:100.117,102.21 2 5
github.com/saredigital/sarepost/internal/db/accounts.go:102.21,104.3 1 1
github.com/saredigital/sarepost/internal/db/accounts.go:105.2,105.65 1 4
github.com/saredigital/sarepost/internal/db/accounts.go:105.65,107.3 1 2
github.com/saredigital/sarepost/internal/db/accounts.go:108.2,109.24 2 2
github.com/saredigital/sarepost/internal/db/accounts.go:109.24,111.3 1 0
github.com/saredigital/sarepost/internal/db/accounts.go:112.2,121.12 2 2
github.com/saredigital/sarepost/internal/db/accounts.go:124.108,132.16 4 1
github.com/saredigital/sarepost/internal/db/accounts.go:132.16,134.3 1 0
github.com/saredigital/sarepost/internal/db/accounts.go:135.2,136.19 2 1
github.com/saredigital/sarepost/internal/db/accounts.go:139.90,149.16 6 45
github.com/saredigital/sarepost/internal/db/accounts.go:149.16,150.36 1 0
github.com/saredigital/sarepost/internal/db/accounts.go:150.36,152.4 1 0
github.com/saredigital/sarepost/internal/db/accounts.go:153.3,153.37 1 0
github.com/saredigital/sarepost/internal/db/accounts.go:155.2,155.21 1 45
github.com/saredigital/sarepost/internal/db/accounts.go:155.21,157.18 2 1
github.com/saredigital/sarepost/internal/db/accounts.go:157.18,159.4 1 1
github.com/saredigital/sarepost/internal/db/accounts.go:161.2,165.17 5 45
github.com/saredigital/sarepost/internal/db/accounts.go:168.183,171.26 3 35
github.com/saredigital/sarepost/internal/db/accounts.go:171.26,173.3 1 0
github.com/saredigital/sarepost/internal/db/accounts.go:174.2,181.16 2 35
github.com/saredigital/sarepost/internal/db/accounts.go:181.16,183.3 1 35
github.com/saredigital/sarepost/internal/db/accounts.go:184.2,184.30 1 0
github.com/saredigital/sarepost/internal/db/accounts.go:187.83,193.16 2 1
github.com/saredigital/sarepost/internal/db/accounts.go:193.16,195.3 1 0
github.com/saredigital/sarepost/internal/db/accounts.go:196.2,198.18 3 1
github.com/saredigital/sarepost/internal/db/accounts.go:198.18,203.199 5 2
github.com/saredigital/sarepost/internal/db/accounts.go:203.199,205.4 1 0
github.com/saredigital/sarepost/internal/db/accounts.go:206.3,206.22 1 2
github.com/saredigital/sarepost/internal/db/accounts.go:206.22,208.19 2 0
github.com/saredigital/sarepost/internal/db/accounts.go:208.19,210.5 1 0
github.com/saredigital/sarepost/internal/db/accounts.go:212.3,216.26 5 2
github.com/saredigital/sarepost/internal/db/accounts.go:218.2,218.24 1 1
github.com/saredigital/sarepost/internal/db/accounts.go:221.91,223.14 2 3
github.com/saredigital/sarepost/internal/db/accounts.go:223.14,225.3 1 0
github.com/saredigital/sarepost/internal/db/accounts.go:226.2,227.16 2 3
github.com/saredigital/sarepost/internal/db/accounts.go:227.16,229.3 1 0
github.com/saredigital/sarepost/internal/db/accounts.go:230.2,230.42 1 3
github.com/saredigital/sarepost/internal/db/accounts.go:230.42,232.3 1 1
github.com/saredigital/sarepost/internal/db/accounts.go:233.2,238.16 2 2
github.com/saredigital/sarepost/internal/db/accounts.go:238.16,240.3 1 0
github.com/saredigital/sarepost/internal/db/accounts.go:241.2,242.19 2 2
github.com/saredigital/sarepost/internal/db/accounts.go:242.19,244.3 1 0
github.com/saredigital/sarepost/internal/db/accounts.go:245.2,245.12 1 2
github.com/saredigital/sarepost/internal/db/accounts.go:248.38,249.11 1 37
github.com/saredigital/sarepost/internal/db/accounts.go:249.11,251.3 1 1
github.com/saredigital/sarepost/internal/db/accounts.go:252.2,252.10 1 36
github.com/saredigital/sarepost/internal/db/accounts.go:255.73,262.16 3 2
github.com/saredigital/sarepost/internal/db/accounts.go:262.16,264.3 1 0
github.com/saredigital/sarepost/internal/db/accounts.go:265.2,266.19 2 2
github.com/saredigital/sarepost/internal/db/accounts.go:266.19,268.3 1 0
github.com/saredigital/sarepost/internal/db/accounts.go:269.2,269.12 1 2
github.com/saredigital/sarepost/internal/db/accounts.go:272.123,279.16 3 2
github.com/saredigital/sarepost/internal/db/accounts.go:279.16,281.3 1 0
github.com/saredigital/sarepost/internal/db/accounts.go:282.2,283.19 2 2
github.com/saredigital/sarepost/internal/db/accounts.go:283.19,285.3 1 0
github.com/saredigital/sarepost/internal/db/accounts.go:286.2,286.12 1 2
github.com/saredigital/sarepost/internal/db/accounts.go:289.69,291.14 2 2
github.com/saredigital/sarepost/internal/db/accounts.go:291.14,293.3 1 0
github.com/saredigital/sarepost/internal/db/accounts.go:294.2,295.16 2 2
github.com/saredigital/sarepost/internal/db/accounts.go:295.16,297.3 1 0
github.com/saredigital/sarepost/internal/db/accounts.go:298.2,298.56 1 2
github.com/saredigital/sarepost/internal/db/accounts.go:298.56,300.3 1 0
github.com/saredigital/sarepost/internal/db/accounts.go:301.2,306.40 2 2
github.com/saredigital/sarepost/internal/db/accounts.go:306.40,308.3 1 0
github.com/saredigital/sarepost/internal/db/accounts.go:309.2,309.21 1 2
github.com/saredigital/sarepost/internal/db/accounts.go:309.21,311.3 1 2
github.com/saredigital/sarepost/internal/db/accounts.go:312.2,313.16 2 0
github.com/saredigital/sarepost/internal/db/accounts.go:313.16,315.3 1 0
github.com/saredigital/sarepost/internal/db/accounts.go:316.2,318.107 2 0
github.com/saredigital/sarepost/internal/db/accounts.go:318.107,320.3 1 0
github.com/saredigital/sarepost/internal/db/accounts.go:321.2,322.16 2 0
github.com/saredigital/sarepost/internal/db/accounts.go:322.16,324.3 1 0
github.com/saredigital/sarepost/internal/db/accounts.go:325.2,326.19 2 0
github.com/saredigital/sarepost/internal/db/accounts.go:326.19,328.3 1 0
github.com/saredigital/sarepost/internal/db/accounts.go:329.2,329.20 1 0
github.com/saredigital/sarepost/internal/db/accounts.go:332.107,333.39 1 2
github.com/saredigital/sarepost/internal/db/accounts.go:333.39,335.17 2 2
github.com/saredigital/sarepost/internal/db/accounts.go:335.17,337.4 1 0
github.com/saredigital/sarepost/internal/db/accounts.go:338.3,338.16 1 2
github.com/saredigital/sarepost/internal/db/accounts.go:340.2,340.42 1 2
github.com/saredigital/sarepost/internal/db/accounts.go:340.42,342.3 1 0
github.com/saredigital/sarepost/internal/db/accounts.go:343.2,343.53 1 2
github.com/saredigital/sarepost/internal/db/accounts.go:343.53,345.3 1 0
github.com/saredigital/sarepost/internal/db/accounts.go:346.2,346.30 1 2
github.com/saredigital/sarepost/internal/db/accounts.go:346.30,348.3 1 0
github.com/saredigital/sarepost/internal/db/accounts.go:349.2,354.16 3 2
github.com/saredigital/sarepost/internal/db/accounts.go:354.16,356.3 1 0
github.com/saredigital/sarepost/internal/db/accounts.go:357.2,357.19 1 2
github.com/saredigital/sarepost/internal/db/accounts.go:360.100,362.20 2 4
github.com/saredigital/sarepost/internal/db/accounts.go:362.20,364.3 1 0
github.com/saredigital/sarepost/internal/db/accounts.go:365.2,366.16 2 4
github.com/saredigital/sarepost/internal/db/accounts.go:366.16,368.3 1 0
github.com/saredigital/sarepost/internal/db/accounts.go:369.2,378.16 5 4
github.com/saredigital/sarepost/internal/db/accounts.go:378.16,380.3 1 2
github.com/saredigital/sarepost/internal/db/accounts.go:381.2,383.46 3 2
github.com/saredigital/sarepost/internal/db/accounts.go:383.46,384.99 1 1
github.com/saredigital/sarepost/internal/db/accounts.go:384.99,386.4 1 0
github.com/saredigital/sarepost/internal/db/accounts.go:387.3,387.37 1 1
github.com/saredigital/sarepost/internal/db/accounts.go:387.37,389.4 1 0
github.com/saredigital/sarepost/internal/db/accounts.go:390.3,390.64 1 1
github.com/saredigital/sarepost/internal/db/accounts.go:392.2,392.98 1 1
github.com/saredigital/sarepost/internal/db/accounts.go:392.98,394.3 1 0
github.com/saredigital/sarepost/internal/db/accounts.go:395.2,395.36 1 1
github.com/saredigital/sarepost/internal/db/accounts.go:395.36,397.3 1 0
github.com/saredigital/sarepost/internal/db/accounts.go:398.2,398.19 1 1
github.com/saredigital/sarepost/internal/db/accounts.go:401.128,409.16 3 2
github.com/saredigital/sarepost/internal/db/accounts.go:409.16,410.36 1 1
github.com/saredigital/sarepost/internal/db/accounts.go:410.36,412.4 1 1
github.com/saredigital/sarepost/internal/db/accounts.go:413.3,413.37 1 0
github.com/saredigital/sarepost/internal/db/accounts.go:415.2,415.30 1 1
github.com/saredigital/sarepost/internal/db/db.go:14.100,18.42 4 43
github.com/saredigital/sarepost/internal/db/db.go:18.42,20.3 1 0
github.com/saredigital/sarepost/internal/db/db.go:22.2,22.26 1 43
github.com/saredigital/sarepost/internal/db/db.go:22.26,24.17 2 2
github.com/saredigital/sarepost/internal/db/db.go:24.17,26.4 1 1
github.com/saredigital/sarepost/internal/db/db.go:27.3,27.37 1 1
github.com/saredigital/sarepost/internal/db/db.go:27.37,29.4 1 0
github.com/saredigital/sarepost/internal/db/db.go:32.2,32.16 1 42
github.com/saredigital/sarepost/internal/db/db.go:32.16,34.17 2 42
github.com/saredigital/sarepost/internal/db/db.go:34.17,36.4 1 0
github.com/saredigital/sarepost/internal/db/db.go:37.3,37.12 1 42
github.com/saredigital/sarepost/internal/db/db.go:39.2,39.46 1 42
github.com/saredigital/sarepost/internal/db/db.go:39.46,41.3 1 35
github.com/saredigital/sarepost/internal/db/db.go:42.2,42.27 1 42
github.com/saredigital/sarepost/internal/db/db.go:42.27,44.3 1 35
github.com/saredigital/sarepost/internal/db/db.go:45.2,45.67 1 42
github.com/saredigital/sarepost/internal/db/db.go:45.67,47.3 1 38
github.com/saredigital/sarepost/internal/db/db.go:48.2,48.27 1 42
github.com/saredigital/sarepost/internal/db/db.go:48.27,50.3 1 38
github.com/saredigital/sarepost/internal/db/db.go:51.2,54.20 4 42
github.com/saredigital/sarepost/internal/db/db.go:54.20,55.29 1 1
github.com/saredigital/sarepost/internal/db/db.go:55.29,57.4 1 1
github.com/saredigital/sarepost/internal/db/db.go:57.9,59.4 1 0
github.com/saredigital/sarepost/internal/db/db.go:61.2,61.24 1 42
github.com/saredigital/sarepost/internal/db/db.go:61.24,63.3 1 0
github.com/saredigital/sarepost/internal/db/db.go:64.2,64.26 1 42
github.com/saredigital/sarepost/internal/db/db.go:64.26,66.3 1 1
github.com/saredigital/sarepost/internal/db/db.go:68.2,69.16 2 42
github.com/saredigital/sarepost/internal/db/db.go:69.16,71.3 1 0
github.com/saredigital/sarepost/internal/db/db.go:72.2,78.16 3 42
github.com/saredigital/sarepost/internal/db/db.go:78.16,79.87 1 0
github.com/saredigital/sarepost/internal/db/db.go:79.87,81.22 2 0
github.com/saredigital/sarepost/internal/db/db.go:81.22,83.5 1 0
github.com/saredigital/sarepost/internal/db/db.go:84.4,84.64 1 0
github.com/saredigital/sarepost/internal/db/db.go:86.3,86.33 1 0
github.com/saredigital/sarepost/internal/db/db.go:89.2,89.35 1 42
github.com/saredigital/sarepost/internal/db/db.go:89.35,90.142 1 24
github.com/saredigital/sarepost/internal/db/db.go:90.142,92.4 1 0
github.com/saredigital/sarepost/internal/db/db.go:94.2,94.36 1 42
github.com/saredigital/sarepost/internal/db/db.go:94.36,96.3 1 0
github.com/saredigital/sarepost/internal/db/db.go:97.2,98.16 2 42
github.com/saredigital/sarepost/internal/db/db.go:98.16,100.3 1 0
github.com/saredigital/sarepost/internal/db/db.go:101.2,101.64 1 42
github.com/saredigital/sarepost/internal/db/db.go:104.78,120.16 11 85
github.com/saredigital/sarepost/internal/db/db.go:120.16,122.3 1 5
github.com/saredigital/sarepost/internal/db/db.go:123.2,126.27 4 80
github.com/saredigital/sarepost/internal/db/db.go:126.27,128.3 1 0
github.com/saredigital/sarepost/internal/db/db.go:129.2,129.54 1 80
github.com/saredigital/sarepost/internal/db/db.go:129.54,131.3 1 80
github.com/saredigital/sarepost/internal/db/db.go:131.8,133.3 1 0
github.com/saredigital/sarepost/internal/db/db.go:134.2,134.24 1 80
github.com/saredigital/sarepost/internal/db/db.go:134.24,135.71 1 12
github.com/saredigital/sarepost/internal/db/db.go:135.71,137.4 1 12
github.com/saredigital/sarepost/internal/db/db.go:139.2,139.22 1 80
github.com/saredigital/sarepost/internal/db/db.go:139.22,140.69 1 80
github.com/saredigital/sarepost/internal/db/db.go:140.69,142.4 1 80
github.com/saredigital/sarepost/internal/db/db.go:144.2,144.25 1 80
github.com/saredigital/sarepost/internal/db/db.go:144.25,146.3 1 0
github.com/saredigital/sarepost/internal/db/db.go:147.2,147.66 1 80
github.com/saredigital/sarepost/internal/db/db.go:147.66,150.3 2 3
github.com/saredigital/sarepost/internal/db/db.go:151.2,151.26 1 80
github.com/saredigital/sarepost/internal/db/db.go:151.26,153.18 2 2
github.com/saredigital/sarepost/internal/db/db.go:153.18,155.4 1 2
github.com/saredigital/sarepost/internal/db/db.go:157.2,157.66 1 80
github.com/saredigital/sarepost/internal/db/db.go:157.66,160.3 2 2
github.com/saredigital/sarepost/internal/db/db.go:161.2,161.20 1 80
github.com/saredigital/sarepost/internal/db/db.go:161.20,163.18 2 2
github.com/saredigital/sarepost/internal/db/db.go:163.18,165.4 1 2
github.com/saredigital/sarepost/internal/db/db.go:167.2,167.24 1 80
github.com/saredigital/sarepost/internal/db/db.go:167.24,169.18 2 1
github.com/saredigital/sarepost/internal/db/db.go:169.18,171.4 1 1
github.com/saredigital/sarepost/internal/db/db.go:173.2,173.18 1 80
github.com/saredigital/sarepost/internal/db/db.go:173.18,175.18 2 8
github.com/saredigital/sarepost/internal/db/db.go:175.18,177.4 1 8
github.com/saredigital/sarepost/internal/db/db.go:179.2,189.16 4 80
github.com/saredigital/sarepost/internal/db/db.go:189.16,191.3 1 0
github.com/saredigital/sarepost/internal/db/db.go:192.2,194.18 2 80
github.com/saredigital/sarepost/internal/db/db.go:194.18,197.115 3 33
github.com/saredigital/sarepost/internal/db/db.go:197.115,199.4 1 0
github.com/saredigital/sarepost/internal/db/db.go:200.3,201.31 2 33
github.com/saredigital/sarepost/internal/db/db.go:203.2,203.22 1 80
github.com/saredigital/sarepost/internal/db/db.go:206.106,209.16 3 2
github.com/saredigital/sarepost/internal/db/db.go:209.16,211.3 1 1
github.com/saredigital/sarepost/internal/db/db.go:212.2,212.27 1 1
github.com/saredigital/sarepost/internal/db/db.go:215.96,217.22 2 4
github.com/saredigital/sarepost/internal/db/db.go:217.22,219.3 1 0
github.com/saredigital/sarepost/internal/db/db.go:220.2,226.16 2 4
github.com/saredigital/sarepost/internal/db/db.go:226.16,228.3 1 0
github.com/saredigital/sarepost/internal/db/db.go:229.2,232.18 3 4
github.com/saredigital/sarepost/internal/db/db.go:232.18,234.40 2 9
github.com/saredigital/sarepost/internal/db/db.go:234.40,236.4 1 0
github.com/saredigital/sarepost/internal/db/db.go:237.3,237.24 1 9
github.com/saredigital/sarepost/internal/db/db.go:239.2,239.35 1 4
github.com/saredigital/sarepost/internal/db/db.go:239.35,241.3 1 0
github.com/saredigital/sarepost/internal/db/db.go:243.2,244.25 2 4
github.com/saredigital/sarepost/internal/db/db.go:244.25,246.17 2 9
github.com/saredigital/sarepost/internal/db/db.go:246.17,248.4 1 0
github.com/saredigital/sarepost/internal/db/db.go:249.3,249.30 1 9
github.com/saredigital/sarepost/internal/db/db.go:251.2,251.19 1 4
github.com/saredigital/sarepost/internal/db/db.go:254.94,261.16 2 1
github.com/saredigital/sarepost/internal/db/db.go:261.16,263.3 1 0
github.com/saredigital/sarepost/internal/db/db.go:264.2,267.18 3 1
github.com/saredigital/sarepost/internal/db/db.go:267.18,269.40 2 2
github.com/saredigital/sarepost/internal/db/db.go:269.40,271.4 1 0
github.com/saredigital/sarepost/internal/db/db.go:272.3,272.24 1 2
github.com/saredigital/sarepost/internal/db/db.go:274.2,274.35 1 1
github.com/saredigital/sarepost/internal/db/db.go:274.35,276.3 1 0
github.com/saredigital/sarepost/internal/db/db.go:278.2,279.25 2 1
github.com/saredigital/sarepost/internal/db/db.go:279.25,281.17 2 2
github.com/saredigital/sarepost/internal/db/db.go:281.17,283.4 1 0
github.com/saredigital/sarepost/internal/db/db.go:284.3,284.23 1 2
github.com/saredigital/sarepost/internal/db/db.go:286.2,286.17 1 1
github.com/saredigital/sarepost/internal/db/db.go:289.87,297.38 3 2
github.com/saredigital/sarepost/internal/db/db.go:297.38,300.3 2 1
github.com/saredigital/sarepost/internal/db/db.go:301.2,302.16 2 2
github.com/saredigital/sarepost/internal/db/db.go:302.16,304.3 1 0
github.com/saredigital/sarepost/internal/db/db.go:305.2,308.18 3 2
github.com/saredigital/sarepost/internal/db/db.go:308.18,310.40 2 3
github.com/saredigital/sarepost/internal/db/db.go:310.40,312.4 1 0
github.com/saredigital/sarepost/internal/db/db.go:313.3,313.24 1 3
github.com/saredigital/sarepost/internal/db/db.go:315.2,315.35 1 2
github.com/saredigital/sarepost/internal/db/db.go:315.35,317.3 1 0
github.com/saredigital/sarepost/internal/db/db.go:319.2,320.25 2 2
github.com/saredigital/sarepost/internal/db/db.go:320.25,322.17 2 3
github.com/saredigital/sarepost/internal/db/db.go:322.17,324.4 1 0
github.com/saredigital/sarepost/internal/db/db.go:325.3,325.23 1 3
github.com/saredigital/sarepost/internal/db/db.go:327.2,327.17 1 2
github.com/saredigital/sarepost/internal/db/db.go:330.96,332.16 2 1
github.com/saredigital/sarepost/internal/db/db.go:332.16,334.3 1 0
github.com/saredigital/sarepost/internal/db/db.go:335.2,341.16 2 1
github.com/saredigital/sarepost/internal/db/db.go:341.16,343.3 1 0
github.com/saredigital/sarepost/internal/db/db.go:344.2,345.12 2 1
github.com/saredigital/sarepost/internal/db/db.go:345.12,347.3 1 0
github.com/saredigital/sarepost/internal/db/db.go:348.2,348.12 1 1
github.com/saredigital/sarepost/internal/db/db.go:351.66,353.16 2 1
github.com/saredigital/sarepost/internal/db/db.go:353.16,355.3 1 0
github.com/saredigital/sarepost/internal/db/db.go:356.2,362.16 2 1
github.com/saredigital/sarepost/internal/db/db.go:362.16,364.3 1 0
github.com/saredigital/sarepost/internal/db/db.go:365.2,366.12 2 1
github.com/saredigital/sarepost/internal/db/db.go:366.12,368.3 1 0
github.com/saredigital/sarepost/internal/db/db.go:369.2,369.12 1 1
github.com/saredigital/sarepost/internal/db/db.go:372.74,374.14 2 3
github.com/saredigital/sarepost/internal/db/db.go:374.14,376.3 1 0
github.com/saredigital/sarepost/internal/db/db.go:378.2,379.16 2 3
github.com/saredigital/sarepost/internal/db/db.go:379.16,381.3 1 0
github.com/saredigital/sarepost/internal/db/db.go:382.2,385.16 3 3
github.com/saredigital/sarepost/internal/db/db.go:385.16,386.36 1 0
github.com/saredigital/sarepost/internal/db/db.go:386.36,388.4 1 0
github.com/saredigital/sarepost/internal/db/db.go:389.3,389.13 1 0
github.com/saredigital/sarepost/internal/db/db.go:392.2,397.16 2 3
github.com/saredigital/sarepost/internal/db/db.go:397.16,399.3 1 0
github.com/saredigital/sarepost/internal/db/db.go:400.2,403.18 3 3
github.com/saredigital/sarepost/internal/db/db.go:403.18,406.53 3 3
github.com/saredigital/sarepost/internal/db/db.go:406.53,408.4 1 0
github.com/saredigital/sarepost/internal/db/db.go:409.3,409.17 1 3
github.com/saredigital/sarepost/internal/db/db.go:410.111,410.111 0 2
github.com/saredigital/sarepost/internal/db/db.go:411.11,412.30 1 1
github.com/saredigital/sarepost/internal/db/db.go:414.3,414.28 1 2
github.com/saredigital/sarepost/internal/db/db.go:416.2,416.35 1 2
github.com/saredigital/sarepost/internal/db/db.go:416.35,418.3 1 0
github.com/saredigital/sarepost/internal/db/db.go:419.2,419.19 1 2
github.com/saredigital/sarepost/internal/db/db.go:419.19,421.3 1 0
github.com/saredigital/sarepost/internal/db/db.go:423.2,423.29 1 2
github.com/saredigital/sarepost/internal/db/db.go:423.29,424.100 1 2
github.com/saredigital/sarepost/internal/db/db.go:424.100,426.4 1 0
github.com/saredigital/sarepost/internal/db/db.go:427.3,427.102 1 2
github.com/saredigital/sarepost/internal/db/db.go:427.102,429.4 1 0
github.com/saredigital/sarepost/internal/db/db.go:430.3,430.90 1 2
github.com/saredigital/sarepost/internal/db/db.go:430.90,432.4 1 0
github.com/saredigital/sarepost/internal/db/db.go:434.2,434.20 1 2
github.com/saredigital/sarepost/internal/db/db.go:437.84,439.2 1 1
github.com/saredigital/sarepost/internal/db/db.go:441.141,443.14 2 2
github.com/saredigital/sarepost/internal/db/db.go:443.14,445.3 1 0
github.com/saredigital/sarepost/internal/db/db.go:447.2,448.27 2 2
github.com/saredigital/sarepost/internal/db/db.go:448.27,450.3 1 0
github.com/saredigital/sarepost/internal/db/db.go:452.2,453.16 2 2
github.com/saredigital/sarepost/internal/db/db.go:453.16,455.3 1 0
github.com/saredigital/sarepost/internal/db/db.go:456.2,464.16 3 2
github.com/saredigital/sarepost/internal/db/db.go:464.16,466.3 1 0
github.com/saredigital/sarepost/internal/db/db.go:467.2,467.49 1 2
github.com/saredigital/sarepost/internal/db/db.go:467.49,469.3 1 0
github.com/saredigital/sarepost/internal/db/db.go:471.2,471.18 1 2
github.com/saredigital/sarepost/internal/db/db.go:471.18,472.96 1 2
github.com/saredigital/sarepost/internal/db/db.go:472.96,474.4 1 0
github.com/saredigital/sarepost/internal/db/db.go:475.3,475.36 1 2
github.com/saredigital/sarepost/internal/db/db.go:475.36,477.21 2 1
github.com/saredigital/sarepost/internal/db/db.go:477.21,478.13 1 0
github.com/saredigital/sarepost/internal/db/db.go:480.4,480.122 1 1
github.com/saredigital/sarepost/internal/db/db.go:480.122,482.5 1 0
github.com/saredigital/sarepost/internal/db/db.go:486.2,486.20 1 2
github.com/saredigital/sarepost/internal/db/db.go:489.110,491.22 2 2
github.com/saredigital/sarepost/internal/db/db.go:491.22,493.3 1 0
github.com/saredigital/sarepost/internal/db/db.go:494.2,494.21 1 2
github.com/saredigital/sarepost/internal/db/db.go:494.21,496.3 1 0
github.com/saredigital/sarepost/internal/db/db.go:498.2,499.16 2 2
github.com/saredigital/sarepost/internal/db/db.go:499.16,501.3 1 0
github.com/saredigital/sarepost/internal/db/db.go:502.2,505.16 3 2
github.com/saredigital/sarepost/internal/db/db.go:505.16,507.3 1 0
github.com/saredigital/sarepost/internal/db/db.go:509.2,522.16 3 2
github.com/saredigital/sarepost/internal/db/db.go:522.16,524.3 1 0
github.com/saredigital/sarepost/internal/db/db.go:525.2,528.18 3 2
github.com/saredigital/sarepost/internal/db/db.go:528.18,530.116 2 5
github.com/saredigital/sarepost/internal/db/db.go:530.116,532.4 1 0
github.com/saredigital/sarepost/internal/db/db.go:533.3,533.41 1 5
github.com/saredigital/sarepost/internal/db/db.go:533.41,535.4 1 0
github.com/saredigital/sarepost/internal/db/db.go:536.3,536.36 1 5
github.com/saredigital/sarepost/internal/db/db.go:538.2,538.35 1 2
github.com/saredigital/sarepost/internal/db/db.go:538.35,540.3 1 0
github.com/saredigital/sarepost/internal/db/db.go:541.2,541.24 1 2
github.com/saredigital/sarepost/internal/db/db.go:541.24,543.3 1 0
github.com/saredigital/sarepost/internal/db/db.go:545.2,546.21 2 2
github.com/saredigital/sarepost/internal/db/db.go:546.21,548.3 1 0
github.com/saredigital/sarepost/internal/db/db.go:549.2,550.25 2 2
github.com/saredigital/sarepost/internal/db/db.go:550.25,552.3 1 0
github.com/saredigital/sarepost/internal/db/db.go:553.2,554.22 2 2
github.com/saredigital/sarepost/internal/db/db.go:554.22,556.3 1 0
github.com/saredigital/sarepost/internal/db/db.go:557.2,560.51 3 2
github.com/saredigital/sarepost/internal/db/db.go:560.51,562.19 2 2
github.com/saredigital/sarepost/internal/db/db.go:562.19,563.12 1 0
github.com/saredigital/sarepost/internal/db/db.go:565.3,565.100 1 2
github.com/saredigital/sarepost/internal/db/db.go:565.100,567.4 1 0
github.com/saredigital/sarepost/internal/db/db.go:568.3,568.102 1 2
github.com/saredigital/sarepost/internal/db/db.go:568.102,570.4 1 0
github.com/saredigital/sarepost/internal/db/db.go:571.3,571.90 1 2
github.com/saredigital/sarepost/internal/db/db.go:571.90,573.4 1 0
github.com/saredigital/sarepost/internal/db/db.go:576.2,577.101 2 2
github.com/saredigital/sarepost/internal/db/db.go:577.101,579.33 2 1
github.com/saredigital/sarepost/internal/db/db.go:579.33,581.4 1 1
github.com/saredigital/sarepost/internal/db/db.go:582.3,585.194 1 1
github.com/saredigital/sarepost/internal/db/db.go:585.194,587.4 1 0
github.com/saredigital/sarepost/internal/db/db.go:588.3,588.41 1 1
github.com/saredigital/sarepost/internal/db/db.go:588.41,590.21 2 1
github.com/saredigital/sarepost/internal/db/db.go:590.21,591.13 1 0
github.com/saredigital/sarepost/internal/db/db.go:593.4,593.126 1 1
github.com/saredigital/sarepost/internal/db/db.go:593.126,595.5 1 0
github.com/saredigital/sarepost/internal/db/db.go:597.3,597.13 1 1
github.com/saredigital/sarepost/internal/db/db.go:600.2,600.31 1 2
github.com/saredigital/sarepost/internal/db/db.go:600.31,603.26 3 4
github.com/saredigital/sarepost/internal/db/db.go:603.26,605.4 1 2
github.com/saredigital/sarepost/internal/db/db.go:607.3,607.26 1 4
github.com/saredigital/sarepost/internal/db/db.go:607.26,610.34 3 3
github.com/saredigital/sarepost/internal/db/db.go:610.34,612.5 1 1
github.com/saredigital/sarepost/internal/db/db.go:613.4,617.163 1 3
github.com/saredigital/sarepost/internal/db/db.go:617.163,619.5 1 0
github.com/saredigital/sarepost/internal/db/db.go:620.4,620.101 1 3
github.com/saredigital/sarepost/internal/db/db.go:620.101,622.5 1 0
github.com/saredigital/sarepost/internal/db/db.go:623.4,623.42 1 3
github.com/saredigital/sarepost/internal/db/db.go:623.42,625.22 2 3
github.com/saredigital/sarepost/internal/db/db.go:625.22,626.14 1 0
github.com/saredigital/sarepost/internal/db/db.go:628.5,628.127 1 3
github.com/saredigital/sarepost/internal/db/db.go:628.127,630.6 1 0
github.com/saredigital/sarepost/internal/db/db.go:632.4,633.12 2 3
github.com/saredigital/sarepost/internal/db/db.go:636.3,637.17 2 1
github.com/saredigital/sarepost/internal/db/db.go:637.17,639.4 1 0
github.com/saredigital/sarepost/internal/db/db.go:640.3,640.73 1 1
github.com/saredigital/sarepost/internal/db/db.go:640.73,642.4 1 0
github.com/saredigital/sarepost/internal/db/db.go:643.3,643.41 1 1
github.com/saredigital/sarepost/internal/db/db.go:646.2,646.26 1 2
github.com/saredigital/sarepost/internal/db/db.go:646.26,648.3 1 0
github.com/saredigital/sarepost/internal/db/db.go:650.2,654.70 1 2
github.com/saredigital/sarepost/internal/db/db.go:654.70,656.3 1 0
github.com/saredigital/sarepost/internal/db/db.go:657.2,657.45 1 2
github.com/saredigital/sarepost/internal/db/db.go:657.45,662.99 1 2
github.com/saredigital/sarepost/internal/db/db.go:662.99,664.4 1 0
github.com/saredigital/sarepost/internal/db/db.go:667.2,667.20 1 2
github.com/saredigital/sarepost/internal/db/db.go:670.86,690.16 3 8
github.com/saredigital/sarepost/internal/db/db.go:690.16,692.3 1 0
github.com/saredigital/sarepost/internal/db/db.go:693.2,696.18 3 8
github.com/saredigital/sarepost/internal/db/db.go:696.18,698.40 2 8
github.com/saredigital/sarepost/internal/db/db.go:698.40,700.4 1 0
github.com/saredigital/sarepost/internal/db/db.go:701.3,701.24 1 8
github.com/saredigital/sarepost/internal/db/db.go:703.2,703.35 1 8
github.com/saredigital/sarepost/internal/db/db.go:703.35,705.3 1 0
github.com/saredigital/sarepost/internal/db/db.go:707.2,708.25 2 8
github.com/saredigital/sarepost/internal/db/db.go:708.25,714.17 2 8
github.com/saredigital/sarepost/internal/db/db.go:714.17,716.4 1 0
github.com/saredigital/sarepost/internal/db/db.go:717.3,718.13 2 8
github.com/saredigital/sarepost/internal/db/db.go:718.13,720.18 2 8
github.com/saredigital/sarepost/internal/db/db.go:720.18,722.5 1 0
github.com/saredigital/sarepost/internal/db/db.go:723.4,723.32 1 8
github.com/saredigital/sarepost/internal/db/db.go:726.2,726.21 1 8
github.com/saredigital/sarepost/internal/db/db.go:729.105,730.21 1 2
github.com/saredigital/sarepost/internal/db/db.go:730.21,732.3 1 0
github.com/saredigital/sarepost/internal/db/db.go:733.2,738.16 5 2
github.com/saredigital/sarepost/internal/db/db.go:738.16,740.3 1 0
github.com/saredigital/sarepost/internal/db/db.go:741.2,749.16 3 2
github.com/saredigital/sarepost/internal/db/db.go:749.16,751.3 1 0
github.com/saredigital/sarepost/internal/db/db.go:752.2,759.18 4 2
github.com/saredigital/sarepost/internal/db/db.go:759.18,761.58 2 1
github.com/saredigital/sarepost/internal/db/db.go:761.58,763.4 1 0
github.com/saredigital/sarepost/internal/db/db.go:764.3,764.30 1 1
github.com/saredigital/sarepost/internal/db/db.go:766.2,766.35 1 2
github.com/saredigital/sarepost/internal/db/db.go:766.35,768.3 1 0
github.com/saredigital/sarepost/internal/db/db.go:769.2,769.21 1 2
github.com/saredigital/sarepost/internal/db/db.go:769.21,770.37 1 1
github.com/saredigital/sarepost/internal/db/db.go:770.37,772.4 1 0
github.com/saredigital/sarepost/internal/db/db.go:773.3,773.16 1 1
github.com/saredigital/sarepost/internal/db/db.go:776.2,777.29 2 1
github.com/saredigital/sarepost/internal/db/db.go:777.29,779.20 2 1
github.com/saredigital/sarepost/internal/db/db.go:779.20,781.4 1 1
github.com/saredigital/sarepost/internal/db/db.go:783.3,788.17 2 1
github.com/saredigital/sarepost/internal/db/db.go:788.17,790.4 1 0
github.com/saredigital/sarepost/internal/db/db.go:791.3,792.13 2 1
github.com/saredigital/sarepost/internal/db/db.go:792.13,793.12 1 0
github.com/saredigital/sarepost/internal/db/db.go:795.3,798.17 3 1
github.com/saredigital/sarepost/internal/db/db.go:798.17,800.4 1 0
github.com/saredigital/sarepost/internal/db/db.go:801.3,805.90 1 1
github.com/saredigital/sarepost/internal/db/db.go:805.90,807.4 1 0
github.com/saredigital/sarepost/internal/db/db.go:810.2,810.36 1 1
github.com/saredigital/sarepost/internal/db/db.go:810.36,812.3 1 0
github.com/saredigital/sarepost/internal/db/db.go:813.2,813.23 1 1
github.com/saredigital/sarepost/internal/db/db.go:816.95,824.2 3 2
github.com/saredigital/sarepost/internal/db/db.go:826.119,827.23 1 5
github.com/saredigital/sarepost/internal/db/db.go:827.23,829.3 1 0
github.com/saredigital/sarepost/internal/db/db.go:830.2,832.16 3 5
github.com/saredigital/sarepost/internal/db/db.go:832.16,834.3 1 0
github.com/saredigital/sarepost/internal/db/db.go:835.2,844.16 5 5
github.com/saredigital/sarepost/internal/db/db.go:844.16,846.3 1 0
github.com/saredigital/sarepost/internal/db/db.go:847.2,851.18 5 5
github.com/saredigital/sarepost/internal/db/db.go:851.18,853.3 1 0
github.com/saredigital/sarepost/internal/db/db.go:854.2,854.25 1 5
github.com/saredigital/sarepost/internal/db/db.go:854.25,856.3 1 0
github.com/saredigital/sarepost/internal/db/db.go:858.2,858.29 1 5
github.com/saredigital/sarepost/internal/db/db.go:858.29,863.86 1 4
github.com/saredigital/sarepost/internal/db/db.go:863.86,865.4 1 0
github.com/saredigital/sarepost/internal/db/db.go:866.3,866.111 1 4
github.com/saredigital/sarepost/internal/db/db.go:866.111,868.4 1 0
github.com/saredigital/sarepost/internal/db/db.go:869.3,869.122 1 4
github.com/saredigital/sarepost/internal/db/db.go:869.122,871.4 1 0
github.com/saredigital/sarepost/internal/db/db.go:872.3,872.21 1 4
github.com/saredigital/sarepost/internal/db/db.go:875.2,880.124 2 1
github.com/saredigital/sarepost/internal/db/db.go:880.124,882.3 1 0
github.com/saredigital/sarepost/internal/db/db.go:883.2,883.20 1 1
github.com/saredigital/sarepost/internal/db/db.go:886.128,887.21 1 1
github.com/saredigital/sarepost/internal/db/db.go:887.21,889.3 1 0
github.com/saredigital/sarepost/internal/db/db.go:890.2,897.12 4 1
github.com/saredigital/sarepost/internal/db/db.go:900.111,902.16 2 5
github.com/saredigital/sarepost/internal/db/db.go:902.16,904.3 1 0
github.com/saredigital/sarepost/internal/db/db.go:905.2,910.12 2 5
github.com/saredigital/sarepost/internal/db/db.go:913.160,916.45 3 4
github.com/saredigital/sarepost/internal/db/db.go:916.45,918.3 1 0
github.com/saredigital/sarepost/internal/db/db.go:920.2,921.24 2 4
github.com/saredigital/sarepost/internal/db/db.go:921.24,923.3 1 0
github.com/saredigital/sarepost/internal/db/db.go:923.8,925.3 1 4
github.com/saredigital/sarepost/internal/db/db.go:927.2,936.16 2 4
github.com/saredigital/sarepost/internal/db/db.go:936.16,938.3 1 0
github.com/saredigital/sarepost/internal/db/db.go:939.2,942.18 3 4
github.com/saredigital/sarepost/internal/db/db.go:942.18,944.50 2 1
github.com/saredigital/sarepost/internal/db/db.go:944.50,946.4 1 0
github.com/saredigital/sarepost/internal/db/db.go:947.3,947.73 1 1
github.com/saredigital/sarepost/internal/db/db.go:949.2,949.35 1 4
github.com/saredigital/sarepost/internal/db/db.go:949.35,951.3 1 0
github.com/saredigital/sarepost/internal/db/db.go:953.2,953.45 1 4
github.com/saredigital/sarepost/internal/db/db.go:953.45,954.25 1 1
github.com/saredigital/sarepost/internal/db/db.go:954.25,955.12 1 0
github.com/saredigital/sarepost/internal/db/db.go:957.3,961.84 1 1
github.com/saredigital/sarepost/internal/db/db.go:961.84,963.4 1 0
github.com/saredigital/sarepost/internal/db/db.go:964.3,964.122 1 1
github.com/saredigital/sarepost/internal/db/db.go:964.122,966.4 1 0
github.com/saredigital/sarepost/internal/db/db.go:969.2,969.12 1 4
github.com/saredigital/sarepost/internal/db/db.go:972.87,979.42 3 2
github.com/saredigital/sarepost/internal/db/db.go:979.42,981.3 1 0
github.com/saredigital/sarepost/internal/db/db.go:982.2,982.39 1 2
github.com/saredigital/sarepost/internal/db/db.go:985.90,992.42 3 5
github.com/saredigital/sarepost/internal/db/db.go:992.42,994.3 1 0
github.com/saredigital/sarepost/internal/db/db.go:995.2,995.39 1 5
github.com/saredigital/sarepost/internal/db/db.go:998.58,999.16 1 5
github.com/saredigital/sarepost/internal/db/db.go:1000.110,1001.14 1 5
github.com/saredigital/sarepost/internal/db/db.go:1002.10,1003.15 1 0
github.com/saredigital/sarepost/internal/db/db.go:1007.35,1008.45 1 169
github.com/saredigital/sarepost/internal/db/db.go:1008.45,1010.3 1 118
github.com/saredigital/sarepost/internal/db/db.go:1011.2,1011.30 1 51
github.com/saredigital/sarepost/internal/db/db.go:1014.42,1015.14 1 42
github.com/saredigital/sarepost/internal/db/db.go:1015.14,1017.3 1 42
github.com/saredigital/sarepost/internal/db/db.go:1018.2,1018.41 1 0
github.com/saredigital/sarepost/internal/db/db.go:1021.44,1022.16 1 49
github.com/saredigital/sarepost/internal/db/db.go:1022.16,1024.3 1 21
github.com/saredigital/sarepost/internal/db/db.go:1025.2,1025.41 1 28
github.com/saredigital/sarepost/internal/db/db.go:1028.43,1030.19 2 42
github.com/saredigital/sarepost/internal/db/db.go:1030.19,1032.3 1 1
github.com/saredigital/sarepost/internal/db/db.go:1033.2,1033.17 1 41
github.com/saredigital/sarepost/internal/db/db_media.go:14.88,15.35 1 28
github.com/saredigital/sarepost/internal/db/db_media.go:15.35,17.17 2 28
github.com/saredigital/sarepost/internal/db/db_media.go:17.17,19.4 1 0
github.com/saredigital/sarepost/internal/db/db_media.go:20.3,20.12 1 28
github.com/saredigital/sarepost/internal/db/db_media.go:22.2,27.16 3 28
github.com/saredigital/sarepost/internal/db/db_media.go:27.16,29.3 1 0
github.com/saredigital/sarepost/internal/db/db_media.go:30.2,30.15 1 28
github.com/saredigital/sarepost/internal/db/db_media.go:33.90,34.19 1 2
github.com/saredigital/sarepost/internal/db/db_media.go:34.19,36.3 1 0
github.com/saredigital/sarepost/internal/db/db_media.go:37.2,38.25 2 2
github.com/saredigital/sarepost/internal/db/db_media.go:38.25,45.17 4 3
github.com/saredigital/sarepost/internal/db/db_media.go:45.17,46.37 1 1
github.com/saredigital/sarepost/internal/db/db_media.go:46.37,48.5 1 1
github.com/saredigital/sarepost/internal/db/db_media.go:49.4,49.19 1 0
github.com/saredigital/sarepost/internal/db/db_media.go:51.3,52.23 2 2
github.com/saredigital/sarepost/internal/db/db_media.go:54.2,54.17 1 1
github.com/saredigital/sarepost/internal/db/db_migration_local_auth.go:8.67,68.32 2 41
github.com/saredigital/sarepost/internal/db/db_migration_local_auth.go:68.32,69.55 1 369
github.com/saredigital/sarepost/internal/db/db_migration_local_auth.go:69.55,71.4 1 0
github.com/saredigital/sarepost/internal/db/db_migration_local_auth.go:73.2,73.12 1 41
github.com/saredigital/sarepost/internal/db/db_migrations.go:60.73,62.16 2 41
github.com/saredigital/sarepost/internal/db/db_migrations.go:62.16,64.3 1 0
github.com/saredigital/sarepost/internal/db/db_migrations.go:65.2,65.25 1 41
github.com/saredigital/sarepost/internal/db/db_migrations.go:65.25,67.3 1 41
github.com/saredigital/sarepost/internal/db/db_migrations.go:69.2,70.16 2 0
github.com/saredigital/sarepost/internal/db/db_migrations.go:70.16,72.3 1 0
github.com/saredigital/sarepost/internal/db/db_migrations.go:73.2,73.33 1 0
github.com/saredigital/sarepost/internal/db/db_migrations.go:73.33,74.39 1 0
github.com/saredigital/sarepost/internal/db/db_migrations.go:74.39,76.4 1 0
github.com/saredigital/sarepost/internal/db/db_migrations.go:78.2,78.19 1 0
github.com/saredigital/sarepost/internal/db/db_migrations.go:81.60,82.53 1 41
github.com/saredigital/sarepost/internal/db/db_migrations.go:82.53,84.3 1 0
github.com/saredigital/sarepost/internal/db/db_migrations.go:86.2,87.16 2 41
github.com/saredigital/sarepost/internal/db/db_migrations.go:87.16,89.3 1 0
github.com/saredigital/sarepost/internal/db/db_migrations.go:91.2,91.33 1 41
github.com/saredigital/sarepost/internal/db/db_migrations.go:91.33,92.38 1 287
github.com/saredigital/sarepost/internal/db/db_migrations.go:92.38,93.12 1 0
github.com/saredigital/sarepost/internal/db/db_migrations.go:96.3,97.17 2 287
github.com/saredigital/sarepost/internal/db/db_migrations.go:97.17,99.4 1 0
github.com/saredigital/sarepost/internal/db/db_migrations.go:100.3,100.27 1 287
github.com/saredigital/sarepost/internal/db/db_migrations.go:100.27,101.81 1 41
github.com/saredigital/sarepost/internal/db/db_migrations.go:101.81,104.5 2 0
github.com/saredigital/sarepost/internal/db/db_migrations.go:106.3,107.17 2 287
github.com/saredigital/sarepost/internal/db/db_migrations.go:107.17,108.28 1 0
github.com/saredigital/sarepost/internal/db/db_migrations.go:108.28,110.5 1 0
github.com/saredigital/sarepost/internal/db/db_migrations.go:111.4,112.14 2 0
github.com/saredigital/sarepost/internal/db/db_migrations.go:114.3,114.39 1 287
github.com/saredigital/sarepost/internal/db/db_migrations.go:114.39,116.28 2 0
github.com/saredigital/sarepost/internal/db/db_migrations.go:116.28,118.5 1 0
github.com/saredigital/sarepost/internal/db/db_migrations.go:119.4,120.76 2 0
github.com/saredigital/sarepost/internal/db/db_migrations.go:122.3,128.17 1 287
github.com/saredigital/sarepost/internal/db/db_migrations.go:128.17,130.28 2 0
github.com/saredigital/sarepost/internal/db/db_migrations.go:130.28,132.5 1 0
github.com/saredigital/sarepost/internal/db/db_migrations.go:133.4,134.14 2 0
github.com/saredigital/sarepost/internal/db/db_migrations.go:136.3,136.37 1 287
github.com/saredigital/sarepost/internal/db/db_migrations.go:136.37,137.28 1 0
github.com/saredigital/sarepost/internal/db/db_migrations.go:137.28,139.5 1 0
github.com/saredigital/sarepost/internal/db/db_migrations.go:140.4,141.14 2 0
github.com/saredigital/sarepost/internal/db/db_migrations.go:143.3,143.27 1 287
github.com/saredigital/sarepost/internal/db/db_migrations.go:143.27,144.80 1 41
github.com/saredigital/sarepost/internal/db/db_migrations.go:144.80,147.5 2 0
github.com/saredigital/sarepost/internal/db/db_migrations.go:149.3,149.38 1 287
github.com/saredigital/sarepost/internal/db/db_migrations.go:149.38,151.4 1 0
github.com/saredigital/sarepost/internal/db/db_migrations.go:153.2,153.12 1 41
github.com/saredigital/sarepost/internal/db/db_migrations.go:156.81,158.16 2 41
github.com/saredigital/sarepost/internal/db/db_migrations.go:158.16,160.3 1 0
github.com/saredigital/sarepost/internal/db/db_migrations.go:161.2,161.14 1 41
github.com/saredigital/sarepost/internal/db/db_migrations.go:161.14,163.3 1 0
github.com/saredigital/sarepost/internal/db/db_migrations.go:164.2,169.16 3 41
github.com/saredigital/sarepost/internal/db/db_migrations.go:169.16,171.3 1 0
github.com/saredigital/sarepost/internal/db/db_migrations.go:172.2,172.23 1 41
github.com/saredigital/sarepost/internal/db/db_migrations.go:175.66,182.2 2 41
github.com/saredigital/sarepost/internal/db/db_migrations.go:184.82,186.16 2 41
github.com/saredigital/sarepost/internal/db/db_migrations.go:186.16,188.3 1 0
github.com/saredigital/sarepost/internal/db/db_migrations.go:189.2,192.18 3 41
github.com/saredigital/sarepost/internal/db/db_migrations.go:192.18,194.45 2 0
github.com/saredigital/sarepost/internal/db/db_migrations.go:194.45,196.4 1 0
github.com/saredigital/sarepost/internal/db/db_migrations.go:197.3,197.28 1 0
github.com/saredigital/sarepost/internal/db/db_migrations.go:199.2,199.35 1 41
github.com/saredigital/sarepost/internal/db/db_migrations.go:199.35,201.3 1 0
github.com/saredigital/sarepost/internal/db/db_migrations.go:202.2,202.17 1 41
github.com/saredigital/sarepost/internal/db/db_migrations.go:205.79,212.16 3 41
github.com/saredigital/sarepost/internal/db/db_migrations.go:212.16,214.3 1 0
github.com/saredigital/sarepost/internal/db/db_migrations.go:215.2,215.23 1 41
github.com/saredigital/sarepost/internal/db/db_migrations.go:218.68,303.32 2 41
github.com/saredigital/sarepost/internal/db/db_migrations.go:303.32,304.55 1 533
github.com/saredigital/sarepost/internal/db/db_migrations.go:304.55,306.4 1 0
github.com/saredigital/sarepost/internal/db/db_migrations.go:308.2,308.12 1 41
github.com/saredigital/sarepost/internal/db/db_migrations.go:311.74,313.16 2 41
github.com/saredigital/sarepost/internal/db/db_migrations.go:313.16,315.3 1 41
github.com/saredigital/sarepost/internal/db/db_migrations.go:316.2,316.77 1 0
github.com/saredigital/sarepost/internal/db/db_migrations.go:316.77,318.3 1 0
github.com/saredigital/sarepost/internal/db/db_migrations.go:319.2,319.12 1 0
github.com/saredigital/sarepost/internal/db/db_migrations.go:322.70,329.32 2 41
github.com/saredigital/sarepost/internal/db/db_migrations.go:329.32,330.55 1 164
github.com/saredigital/sarepost/internal/db/db_migrations.go:330.55,331.79 1 160
github.com/saredigital/sarepost/internal/db/db_migrations.go:331.79,332.13 1 160
github.com/saredigital/sarepost/internal/db/db_migrations.go:334.4,334.14 1 0
github.com/saredigital/sarepost/internal/db/db_migrations.go:337.2,342.32 2 41
github.com/saredigital/sarepost/internal/db/db_migrations.go:342.32,343.55 1 123
github.com/saredigital/sarepost/internal/db/db_migrations.go:343.55,345.4 1 0
github.com/saredigital/sarepost/internal/db/db_migrations.go:348.2,353.32 2 41
github.com/saredigital/sarepost/internal/db/db_migrations.go:353.32,354.55 1 123
github.com/saredigital/sarepost/internal/db/db_migrations.go:354.55,356.4 1 0
github.com/saredigital/sarepost/internal/db/db_migrations.go:358.2,358.12 1 41
github.com/saredigital/sarepost/internal/db/db_migrations.go:361.77,411.32 2 41
github.com/saredigital/sarepost/internal/db/db_migrations.go:411.32,412.55 1 246
github.com/saredigital/sarepost/internal/db/db_migrations.go:412.55,414.4 1 0
github.com/saredigital/sarepost/internal/db/db_migrations.go:416.2,416.12 1 41
github.com/saredigital/sarepost/internal/db/db_migrations.go:419.87,432.32 2 41
github.com/saredigital/sarepost/internal/db/db_migrations.go:432.32,433.55 1 82
github.com/saredigital/sarepost/internal/db/db_migrations.go:433.55,435.4 1 0
github.com/saredigital/sarepost/internal/db/db_migrations.go:437.2,437.12 1 41
github.com/saredigital/sarepost/internal/db/db_migrations.go:440.75,442.16 2 41
github.com/saredigital/sarepost/internal/db/db_migrations.go:442.16,444.3 1 41
github.com/saredigital/sarepost/internal/db/db_migrations.go:445.2,445.77 1 0
github.com/saredigital/sarepost/internal/db/db_migrations.go:445.77,447.3 1 0
github.com/saredigital/sarepost/internal/db/db_migrations.go:448.2,448.12 1 0
github.com/saredigital/sarepost/internal/db/db_migrations.go:451.46,452.33 1 1
github.com/saredigital/sarepost/internal/db/db_migrations.go:452.33,454.3 1 0
github.com/saredigital/sarepost/internal/db/db_migrations.go:455.2,456.16 2 1
github.com/saredigital/sarepost/internal/db/db_migrations.go:456.16,457.37 1 0
github.com/saredigital/sarepost/internal/db/db_migrations.go:457.37,459.4 1 0
github.com/saredigital/sarepost/internal/db/db_migrations.go:460.3,460.13 1 0
github.com/saredigital/sarepost/internal/db/db_migrations.go:462.2,462.22 1 1
github.com/saredigital/sarepost/internal/db/db_migrations.go:462.22,464.3 1 0
github.com/saredigital/sarepost/internal/db/db_migrations.go:466.2,468.51 3 1
github.com/saredigital/sarepost/internal/db/db_migrations.go:468.51,470.3 1 0
github.com/saredigital/sarepost/internal/db/db_migrations.go:471.2,471.51 1 1
github.com/saredigital/sarepost/internal/db/db_migrations.go:471.51,473.41 2 2
github.com/saredigital/sarepost/internal/db/db_migrations.go:473.41,474.38 1 2
github.com/saredigital/sarepost/internal/db/db_migrations.go:474.38,475.13 1 2
github.com/saredigital/sarepost/internal/db/db_migrations.go:477.4,477.14 1 0
github.com/saredigital/sarepost/internal/db/db_migrations.go:479.3,479.59 1 0
github.com/saredigital/sarepost/internal/db/db_migrations.go:479.59,481.4 1 0
github.com/saredigital/sarepost/internal/db/db_migrations.go:483.2,483.12 1 1
github.com/saredigital/sarepost/internal/db/db_migrations.go:486.45,488.19 2 1
github.com/saredigital/sarepost/internal/db/db_migrations.go:488.19,490.3 1 0
github.com/saredigital/sarepost/internal/db/db_migrations.go:491.2,492.70 2 1
github.com/saredigital/sarepost/internal/db/db_migrations.go:492.70,494.3 1 0
github.com/saredigital/sarepost/internal/db/db_migrations.go:495.2,495.39 1 1
github.com/saredigital/sarepost/internal/db/db_migrations.go:495.39,497.3 1 0
github.com/saredigital/sarepost/internal/db/db_migrations.go:498.2,498.13 1 1
github.com/saredigital/sarepost/internal/db/db_migrations.go:501.38,503.16 2 1
github.com/saredigital/sarepost/internal/db/db_migrations.go:503.16,505.3 1 0
github.com/saredigital/sarepost/internal/db/db_migrations.go:506.2,509.16 3 1
github.com/saredigital/sarepost/internal/db/db_migrations.go:509.16,511.3 1 0
github.com/saredigital/sarepost/internal/db/db_migrations.go:512.2,513.16 2 1
github.com/saredigital/sarepost/internal/db/db_migrations.go:513.16,515.3 1 0
github.com/saredigital/sarepost/internal/db/db_migrations.go:516.2,516.15 1 1
github.com/saredigital/sarepost/internal/db/db_migrations.go:516.15,516.34 1 1
github.com/saredigital/sarepost/internal/db/db_migrations.go:518.2,518.44 1 1
github.com/saredigital/sarepost/internal/db/db_migrations.go:518.44,520.3 1 0
github.com/saredigital/sarepost/internal/db/db_migrations.go:521.2,521.19 1 1
github.com/saredigital/sarepost/internal/db/db_schema.go:48.40,50.16 2 41
github.com/saredigital/sarepost/internal/db/db_schema.go:50.16,52.3 1 0
github.com/saredigital/sarepost/internal/db/db_schema.go:53.2,54.34 2 41
github.com/saredigital/sarepost/internal/db/db_schema.go:54.34,56.3 1 0
github.com/saredigital/sarepost/internal/db/db_schema.go:57.2,58.60 2 41
github.com/saredigital/sarepost/internal/db/db_schema.go:58.60,60.3 1 0
github.com/saredigital/sarepost/internal/db/db_schema.go:61.2,61.19 1 41
github.com/saredigital/sarepost/internal/db/db_schema.go:64.31,64.54 1 41
github.com/saredigital/sarepost/internal/db/db_schema.go:66.52,67.78 1 41
github.com/saredigital/sarepost/internal/db/db_schema.go:67.78,69.3 1 0
github.com/saredigital/sarepost/internal/db/db_schema.go:70.2,71.16 2 41
github.com/saredigital/sarepost/internal/db/db_schema.go:71.16,73.3 1 0
github.com/saredigital/sarepost/internal/db/db_schema.go:74.2,74.17 1 41
github.com/saredigital/sarepost/internal/db/db_schema.go:74.17,75.56 1 1
github.com/saredigital/sarepost/internal/db/db_schema.go:75.56,77.4 1 0
github.com/saredigital/sarepost/internal/db/db_schema.go:79.2,79.31 1 41
github.com/saredigital/sarepost/internal/db/db_schema.go:82.43,84.43 2 122
github.com/saredigital/sarepost/internal/db/db_schema.go:84.43,86.3 1 0
github.com/saredigital/sarepost/internal/db/db_schema.go:87.2,87.68 1 122
github.com/saredigital/sarepost/internal/db/dlq.go:13.94,14.16 1 4
github.com/saredigital/sarepost/internal/db/dlq.go:14.16,16.3 1 0
github.com/saredigital/sarepost/internal/db/dlq.go:17.2,23.16 2 4
github.com/saredigital/sarepost/internal/db/dlq.go:23.16,25.3 1 0
github.com/saredigital/sarepost/internal/db/dlq.go:26.2,29.18 3 4
github.com/saredigital/sarepost/internal/db/dlq.go:29.18,32.92 3 2
github.com/saredigital/sarepost/internal/db/dlq.go:32.92,34.4 1 0
github.com/saredigital/sarepost/internal/db/dlq.go:35.3,36.23 2 2
github.com/saredigital/sarepost/internal/db/dlq.go:38.2,38.24 1 4
github.com/saredigital/sarepost/internal/db/dlq.go:41.98,43.16 2 1
github.com/saredigital/sarepost/internal/db/dlq.go:43.16,45.3 1 0
github.com/saredigital/sarepost/internal/db/dlq.go:46.2,49.125 3 1
github.com/saredigital/sarepost/internal/db/dlq.go:49.125,50.27 1 0
github.com/saredigital/sarepost/internal/db/dlq.go:50.27,52.4 1 0
github.com/saredigital/sarepost/internal/db/dlq.go:53.3,53.28 1 0
github.com/saredigital/sarepost/internal/db/dlq.go:56.2,62.16 3 1
github.com/saredigital/sarepost/internal/db/dlq.go:62.16,64.3 1 0
github.com/saredigital/sarepost/internal/db/dlq.go:65.2,66.23 2 1
github.com/saredigital/sarepost/internal/db/dlq.go:66.23,68.3 1 0
github.com/saredigital/sarepost/internal/db/dlq.go:70.2,70.102 1 1
github.com/saredigital/sarepost/internal/db/dlq.go:70.102,72.3 1 0
github.com/saredigital/sarepost/internal/db/dlq.go:73.2,73.36 1 1
github.com/saredigital/sarepost/internal/db/dlq.go:73.36,75.3 1 0
github.com/saredigital/sarepost/internal/db/dlq.go:77.2,77.31 1 1
github.com/saredigital/sarepost/internal/db/dlq.go:80.82,82.16 2 1
github.com/saredigital/sarepost/internal/db/dlq.go:82.16,84.3 1 0
github.com/saredigital/sarepost/internal/db/dlq.go:85.2,88.125 3 1
github.com/saredigital/sarepost/internal/db/dlq.go:88.125,89.27 1 0
github.com/saredigital/sarepost/internal/db/dlq.go:89.27,91.4 1 0
github.com/saredigital/sarepost/internal/db/dlq.go:92.3,92.13 1 0
github.com/saredigital/sarepost/internal/db/dlq.go:95.2,96.111 2 1
github.com/saredigital/sarepost/internal/db/dlq.go:96.111,97.27 1 0
github.com/saredigital/sarepost/internal/db/dlq.go:97.27,99.4 1 0
github.com/saredigital/sarepost/internal/db/dlq.go:100.3,100.13 1 0
github.com/saredigital/sarepost/internal/db/dlq.go:102.2,102.66 1 1
github.com/saredigital/sarepost/internal/db/dlq.go:102.66,104.3 1 0
github.com/saredigital/sarepost/internal/db/dlq.go:106.2,106.102 1 1
github.com/saredigital/sarepost/internal/db/dlq.go:106.102,108.3 1 0
github.com/saredigital/sarepost/internal/db/dlq.go:109.2,109.99 1 1
github.com/saredigital/sarepost/internal/db/dlq.go:109.99,111.3 1 0
github.com/saredigital/sarepost/internal/db/dlq.go:112.2,113.16 2 1
github.com/saredigital/sarepost/internal/db/dlq.go:113.16,115.3 1 0
github.com/saredigital/sarepost/internal/db/dlq.go:116.2,117.23 2 1
github.com/saredigital/sarepost/internal/db/dlq.go:117.23,119.3 1 0
github.com/saredigital/sarepost/internal/db/dlq.go:121.2,121.20 1 1
github.com/saredigital/sarepost/internal/db/local_auth.go:36.66,38.100 2 1
github.com/saredigital/sarepost/internal/db/local_auth.go:38.100,40.3 1 0
github.com/saredigital/sarepost/internal/db/local_auth.go:41.2,41.23 1 1
github.com/saredigital/sarepost/internal/db/local_auth.go:44.72,54.16 5 4
github.com/saredigital/sarepost/internal/db/local_auth.go:54.16,56.3 1 2
github.com/saredigital/sarepost/internal/db/local_auth.go:57.2,59.19 3 2
github.com/saredigital/sarepost/internal/db/local_auth.go:62.87,64.14 2 3
github.com/saredigital/sarepost/internal/db/local_auth.go:64.14,66.3 1 0
github.com/saredigital/sarepost/internal/db/local_auth.go:67.2,75.16 5 3
github.com/saredigital/sarepost/internal/db/local_auth.go:75.16,77.3 1 0
github.com/saredigital/sarepost/internal/db/local_auth.go:78.2,80.19 3 3
github.com/saredigital/sarepost/internal/db/local_auth.go:83.112,86.17 3 3
github.com/saredigital/sarepost/internal/db/local_auth.go:86.17,88.3 1 0
github.com/saredigital/sarepost/internal/db/local_auth.go:89.2,89.24 1 3
github.com/saredigital/sarepost/internal/db/local_auth.go:89.24,91.3 1 0
github.com/saredigital/sarepost/internal/db/local_auth.go:92.2,95.50 3 3
github.com/saredigital/sarepost/internal/db/local_auth.go:95.50,97.3 1 0
github.com/saredigital/sarepost/internal/db/local_auth.go:98.2,98.16 1 3
github.com/saredigital/sarepost/internal/db/local_auth.go:98.16,103.85 1 1
github.com/saredigital/sarepost/internal/db/local_auth.go:103.85,105.4 1 0
github.com/saredigital/sarepost/internal/db/local_auth.go:106.3,106.44 1 1
github.com/saredigital/sarepost/internal/db/local_auth.go:109.2,110.16 2 2
github.com/saredigital/sarepost/internal/db/local_auth.go:110.16,112.3 1 0
github.com/saredigital/sarepost/internal/db/local_auth.go:113.2,116.102 1 2
github.com/saredigital/sarepost/internal/db/local_auth.go:116.102,118.3 1 0
github.com/saredigital/sarepost/internal/db/local_auth.go:119.2,119.37 1 2
github.com/saredigital/sarepost/internal/db/local_auth.go:122.105,125.35 3 1
github.com/saredigital/sarepost/internal/db/local_auth.go:125.35,127.3 1 0
github.com/saredigital/sarepost/internal/db/local_auth.go:128.2,129.16 2 1
github.com/saredigital/sarepost/internal/db/local_auth.go:129.16,130.36 1 0
github.com/saredigital/sarepost/internal/db/local_auth.go:130.36,132.4 1 0
github.com/saredigital/sarepost/internal/db/local_auth.go:133.3,133.27 1 0
github.com/saredigital/sarepost/internal/db/local_auth.go:135.2,135.26 1 1
github.com/saredigital/sarepost/internal/db/local_auth.go:135.26,137.3 1 0
github.com/saredigital/sarepost/internal/db/local_auth.go:138.2,138.114 1 1
github.com/saredigital/sarepost/internal/db/local_auth.go:138.114,140.3 1 0
github.com/saredigital/sarepost/internal/db/local_auth.go:141.2,141.19 1 1
github.com/saredigital/sarepost/internal/db/local_auth.go:144.118,146.19 2 0
github.com/saredigital/sarepost/internal/db/local_auth.go:146.19,148.3 1 0
github.com/saredigital/sarepost/internal/db/local_auth.go:149.2,149.14 1 0
github.com/saredigital/sarepost/internal/db/local_auth.go:149.14,151.3 1 0
github.com/saredigital/sarepost/internal/db/local_auth.go:152.2,152.142 1 0
github.com/saredigital/sarepost/internal/db/local_auth.go:152.142,154.3 1 0
github.com/saredigital/sarepost/internal/db/local_auth.go:155.2,156.16 2 0
github.com/saredigital/sarepost/internal/db/local_auth.go:156.16,158.3 1 0
github.com/saredigital/sarepost/internal/db/local_auth.go:159.2,170.16 3 0
github.com/saredigital/sarepost/internal/db/local_auth.go:170.16,172.3 1 0
github.com/saredigital/sarepost/internal/db/local_auth.go:173.2,173.31 1 0
github.com/saredigital/sarepost/internal/db/local_auth.go:176.96,178.16 2 0
github.com/saredigital/sarepost/internal/db/local_auth.go:178.16,180.3 1 0
github.com/saredigital/sarepost/internal/db/local_auth.go:181.2,189.16 5 0
github.com/saredigital/sarepost/internal/db/local_auth.go:189.16,191.3 1 0
github.com/saredigital/sarepost/internal/db/local_auth.go:192.2,194.48 3 0
github.com/saredigital/sarepost/internal/db/local_auth.go:194.48,197.3 2 0
github.com/saredigital/sarepost/internal/db/local_auth.go:198.2,198.21 1 0
github.com/saredigital/sarepost/internal/db/local_auth.go:201.85,203.16 2 0
github.com/saredigital/sarepost/internal/db/local_auth.go:203.16,205.3 1 0
github.com/saredigital/sarepost/internal/db/local_auth.go:206.2,207.12 2 0
github.com/saredigital/sarepost/internal/db/local_auth.go:210.45,212.2 1 4
github.com/saredigital/sarepost/internal/db/local_auth.go:214.40,216.16 2 4
github.com/saredigital/sarepost/internal/db/local_auth.go:216.16,218.3 1 4
github.com/saredigital/sarepost/internal/db/local_auth.go:219.2,219.60 1 0
github.com/saredigital/sarepost/internal/db/local_auth.go:222.35,224.15 2 7
github.com/saredigital/sarepost/internal/db/local_auth.go:224.15,226.3 1 0
github.com/saredigital/sarepost/internal/db/local_auth.go:227.2,228.35 2 7
github.com/saredigital/sarepost/internal/db/local_auth.go:231.50,232.15 1 4
github.com/saredigital/sarepost/internal/db/local_auth.go:232.15,234.3 1 0
github.com/saredigital/sarepost/internal/db/local_auth.go:235.2,236.42 2 4
github.com/saredigital/sarepost/internal/db/local_auth.go:236.42,238.3 1 0
github.com/saredigital/sarepost/internal/db/local_auth.go:239.2,239.55 1 4
github.com/saredigital/sarepost/internal/db/local_oauth.go:78.102,80.26 2 1
github.com/saredigital/sarepost/internal/db/local_oauth.go:80.26,82.3 1 0
github.com/saredigital/sarepost/internal/db/local_oauth.go:83.2,85.16 3 1
github.com/saredigital/sarepost/internal/db/local_oauth.go:85.16,87.3 1 0
github.com/saredigital/sarepost/internal/db/local_oauth.go:88.2,100.16 3 1
github.com/saredigital/sarepost/internal/db/local_oauth.go:100.16,102.3 1 0
github.com/saredigital/sarepost/internal/db/local_oauth.go:103.2,103.20 1 1
github.com/saredigital/sarepost/internal/db/local_oauth.go:106.101,108.20 2 0
github.com/saredigital/sarepost/internal/db/local_oauth.go:108.20,110.3 1 0
github.com/saredigital/sarepost/internal/db/local_oauth.go:111.2,120.16 6 0
github.com/saredigital/sarepost/internal/db/local_oauth.go:120.16,121.36 1 0
github.com/saredigital/sarepost/internal/db/local_oauth.go:121.36,123.4 1 0
github.com/saredigital/sarepost/internal/db/local_oauth.go:124.3,124.28 1 0
github.com/saredigital/sarepost/internal/db/local_oauth.go:126.2,126.87 1 0
github.com/saredigital/sarepost/internal/db/local_oauth.go:126.87,128.3 1 0
github.com/saredigital/sarepost/internal/db/local_oauth.go:129.2,131.20 3 0
github.com/saredigital/sarepost/internal/db/local_oauth.go:134.150,138.58 4 0
github.com/saredigital/sarepost/internal/db/local_oauth.go:138.58,140.3 1 0
github.com/saredigital/sarepost/internal/db/local_oauth.go:141.2,141.51 1 0
github.com/saredigital/sarepost/internal/db/local_oauth.go:141.51,143.3 1 0
github.com/saredigital/sarepost/internal/db/local_oauth.go:144.2,144.57 1 0
github.com/saredigital/sarepost/internal/db/local_oauth.go:144.57,146.3 1 0
github.com/saredigital/sarepost/internal/db/local_oauth.go:147.2,147.21 1 0
github.com/saredigital/sarepost/internal/db/local_oauth.go:147.21,149.3 1 0
github.com/saredigital/sarepost/internal/db/local_oauth.go:150.2,151.16 2 0
github.com/saredigital/sarepost/internal/db/local_oauth.go:151.16,153.3 1 0
github.com/saredigital/sarepost/internal/db/local_oauth.go:154.2,171.16 4 0
github.com/saredigital/sarepost/internal/db/local_oauth.go:171.16,173.3 1 0
github.com/saredigital/sarepost/internal/db/local_oauth.go:174.2,178.16 2 0
github.com/saredigital/sarepost/internal/db/local_oauth.go:178.16,180.3 1 0
github.com/saredigital/sarepost/internal/db/local_oauth.go:181.2,181.27 1 0
github.com/saredigital/sarepost/internal/db/local_oauth.go:184.139,188.59 4 0
github.com/saredigital/sarepost/internal/db/local_oauth.go:188.59,190.3 1 0
github.com/saredigital/sarepost/internal/db/local_oauth.go:191.2,192.16 2 0
github.com/saredigital/sarepost/internal/db/local_oauth.go:192.16,194.3 1 0
github.com/saredigital/sarepost/internal/db/local_oauth.go:195.2,206.16 7 0
github.com/saredigital/sarepost/internal/db/local_oauth.go:206.16,207.36 1 0
github.com/saredigital/sarepost/internal/db/local_oauth.go:207.36,209.4 1 0
github.com/saredigital/sarepost/internal/db/local_oauth.go:210.3,210.39 1 0
github.com/saredigital/sarepost/internal/db/local_oauth.go:212.2,214.18 3 0
github.com/saredigital/sarepost/internal/db/local_oauth.go:214.18,216.22 2 0
github.com/saredigital/sarepost/internal/db/local_oauth.go:216.22,218.4 1 0
github.com/saredigital/sarepost/internal/db/local_oauth.go:220.2,220.31 1 0
github.com/saredigital/sarepost/internal/db/local_oauth.go:220.31,222.3 1 0
github.com/saredigital/sarepost/internal/db/local_oauth.go:223.2,223.37 1 0
github.com/saredigital/sarepost/internal/db/local_oauth.go:223.37,225.3 1 0
github.com/saredigital/sarepost/internal/db/local_oauth.go:226.2,226.24 1 0
github.com/saredigital/sarepost/internal/db/local_oauth.go:226.24,228.3 1 0
github.com/saredigital/sarepost/internal/db/local_oauth.go:229.2,229.45 1 0
github.com/saredigital/sarepost/internal/db/local_oauth.go:229.45,232.3 2 0
github.com/saredigital/sarepost/internal/db/local_oauth.go:233.2,234.141 2 0
github.com/saredigital/sarepost/internal/db/local_oauth.go:234.141,236.3 1 0
github.com/saredigital/sarepost/internal/db/local_oauth.go:237.2,237.36 1 0
github.com/saredigital/sarepost/internal/db/local_oauth.go:237.36,239.3 1 0
github.com/saredigital/sarepost/internal/db/local_oauth.go:240.2,241.18 2 0
github.com/saredigital/sarepost/internal/db/local_oauth.go:244.122,247.37 3 2
github.com/saredigital/sarepost/internal/db/local_oauth.go:247.37,249.3 1 0
github.com/saredigital/sarepost/internal/db/local_oauth.go:250.2,250.27 1 2
github.com/saredigital/sarepost/internal/db/local_oauth.go:250.27,252.3 1 0
github.com/saredigital/sarepost/internal/db/local_oauth.go:253.2,253.28 1 2
github.com/saredigital/sarepost/internal/db/local_oauth.go:253.28,255.3 1 0
github.com/saredigital/sarepost/internal/db/local_oauth.go:256.2,257.16 2 2
github.com/saredigital/sarepost/internal/db/local_oauth.go:257.16,259.3 1 0
github.com/saredigital/sarepost/internal/db/local_oauth.go:260.2,261.16 2 2
github.com/saredigital/sarepost/internal/db/local_oauth.go:261.16,263.3 1 0
github.com/saredigital/sarepost/internal/db/local_oauth.go:264.2,280.16 4 2
github.com/saredigital/sarepost/internal/db/local_oauth.go:280.16,282.3 1 0
github.com/saredigital/sarepost/internal/db/local_oauth.go:283.2,283.46 1 2
github.com/saredigital/sarepost/internal/db/local_oauth.go:286.108,288.16 2 1
github.com/saredigital/sarepost/internal/db/local_oauth.go:288.16,290.3 1 0
github.com/saredigital/sarepost/internal/db/local_oauth.go:291.2,292.16 2 1
github.com/saredigital/sarepost/internal/db/local_oauth.go:292.16,294.3 1 0
github.com/saredigital/sarepost/internal/db/local_oauth.go:295.2,295.52 1 1
github.com/saredigital/sarepost/internal/db/local_oauth.go:295.52,297.3 1 0
github.com/saredigital/sarepost/internal/db/local_oauth.go:298.2,301.19 4 1
github.com/saredigital/sarepost/internal/db/local_oauth.go:304.169,307.34 3 2
github.com/saredigital/sarepost/internal/db/local_oauth.go:307.34,309.3 1 0
github.com/saredigital/sarepost/internal/db/local_oauth.go:310.2,311.16 2 2
github.com/saredigital/sarepost/internal/db/local_oauth.go:311.16,313.3 1 0
github.com/saredigital/sarepost/internal/db/local_oauth.go:314.2,314.115 1 2
github.com/saredigital/sarepost/internal/db/local_oauth.go:314.115,316.3 1 1
github.com/saredigital/sarepost/internal/db/local_oauth.go:317.2,317.159 1 1
github.com/saredigital/sarepost/internal/db/local_oauth.go:317.159,319.3 1 0
github.com/saredigital/sarepost/internal/db/local_oauth.go:320.2,326.4 1 1
github.com/saredigital/sarepost/internal/db/local_oauth.go:329.101,330.16 1 3
github.com/saredigital/sarepost/internal/db/local_oauth.go:331.49,331.49 0 3
github.com/saredigital/sarepost/internal/db/local_oauth.go:332.10,333.62 1 0
github.com/saredigital/sarepost/internal/db/local_oauth.go:335.2,358.16 9 3
github.com/saredigital/sarepost/internal/db/local_oauth.go:358.16,359.10 1 0
github.com/saredigital/sarepost/internal/db/local_oauth.go:360.71,361.51 1 0
github.com/saredigital/sarepost/internal/db/local_oauth.go:362.38,363.52 1 0
github.com/saredigital/sarepost/internal/db/local_oauth.go:364.11,365.28 1 0
github.com/saredigital/sarepost/internal/db/local_oauth.go:368.2,371.22 4 3
github.com/saredigital/sarepost/internal/db/local_oauth.go:371.22,372.81 1 1
github.com/saredigital/sarepost/internal/db/local_oauth.go:372.81,374.4 1 1
github.com/saredigital/sarepost/internal/db/local_oauth.go:376.2,376.21 1 3
github.com/saredigital/sarepost/internal/db/local_oauth.go:376.21,377.80 1 2
github.com/saredigital/sarepost/internal/db/local_oauth.go:377.80,379.4 1 2
github.com/saredigital/sarepost/internal/db/local_oauth.go:381.2,381.19 1 3
github.com/saredigital/sarepost/internal/db/local_oauth.go:384.52,387.27 3 1
github.com/saredigital/sarepost/internal/db/local_oauth.go:387.27,389.16 2 1
github.com/saredigital/sarepost/internal/db/local_oauth.go:389.16,390.12 1 0
github.com/saredigital/sarepost/internal/db/local_oauth.go:392.3,392.29 1 1
github.com/saredigital/sarepost/internal/db/local_oauth.go:392.29,393.12 1 0
github.com/saredigital/sarepost/internal/db/local_oauth.go:395.3,396.25 2 1
github.com/saredigital/sarepost/internal/db/local_oauth.go:398.2,398.12 1 1
github.com/saredigital/sarepost/internal/db/local_oauth.go:401.45,403.15 2 2
github.com/saredigital/sarepost/internal/db/local_oauth.go:403.15,405.3 1 0
github.com/saredigital/sarepost/internal/db/local_oauth.go:406.2,409.29 4 2
github.com/saredigital/sarepost/internal/db/local_oauth.go:409.29,411.17 2 2
github.com/saredigital/sarepost/internal/db/local_oauth.go:411.17,412.12 1 0
[...]
github.com/saredigital/sarepost/internal/application/posts/schedule_list.go:75.75,77.3 1 0
github.com/saredigital/sarepost/internal/application/posts/schedule_list.go:79.2,80.16 2 2
github.com/saredigital/sarepost/internal/application/posts/schedule_list.go:80.16,82.3 1 0
github.com/saredigital/sarepost/internal/application/posts/schedule_list.go:83.2,83.35 1 2
github.com/saredigital/sarepost/internal/application/posts/schedule_list.go:83.35,88.3 1 1
github.com/saredigital/sarepost/internal/application/posts/schedule_list.go:90.2,93.33 4 1
github.com/saredigital/sarepost/internal/application/posts/schedule_list.go:93.33,95.28 2 3
github.com/saredigital/sarepost/internal/application/posts/schedule_list.go:95.28,98.18 3 0
github.com/saredigital/sarepost/internal/application/posts/schedule_list.go:98.18,100.5 1 0
github.com/saredigital/sarepost/internal/application/posts/schedule_list.go:102.3,102.86 1 3
github.com/saredigital/sarepost/internal/application/posts/schedule_list.go:105.2,108.8 1 1
github.com/saredigital/sarepost/internal/application/posts/schedule_list.go:111.51,112.21 1 1
github.com/saredigital/sarepost/internal/application/posts/schedule_list.go:112.21,114.3 1 0
github.com/saredigital/sarepost/internal/application/posts/schedule_list.go:115.2,117.29 3 1
github.com/saredigital/sarepost/internal/application/posts/schedule_list.go:117.29,119.19 2 6
github.com/saredigital/sarepost/internal/application/posts/schedule_list.go:119.19,120.12 1 0
github.com/saredigital/sarepost/internal/application/posts/schedule_list.go:122.3,122.32 1 6
github.com/saredigital/sarepost/internal/application/posts/schedule_list.go:122.32,123.12 1 3
github.com/saredigital/sarepost/internal/application/posts/schedule_list.go:125.3,126.28 2 3
github.com/saredigital/sarepost/internal/application/posts/schedule_list.go:128.2,128.12 1 1
github.com/saredigital/sarepost/internal/application/posts/schedule_list.go:131.72,133.29 2 1
github.com/saredigital/sarepost/internal/application/posts/schedule_list.go:133.29,135.19 2 6
github.com/saredigital/sarepost/internal/application/posts/schedule_list.go:135.19,136.12 1 0
github.com/saredigital/sarepost/internal/application/posts/schedule_list.go:138.3,138.42 1 6
github.com/saredigital/sarepost/internal/application/posts/schedule_list.go:140.2,140.12 1 1
github.com/saredigital/sarepost/internal/application/posts/schedule_list.go:143.95,150.22 3 3
github.com/saredigital/sarepost/internal/application/posts/schedule_list.go:150.22,152.3 1 0
github.com/saredigital/sarepost/internal/application/posts/schedule_list.go:154.2,164.30 10 3
github.com/saredigital/sarepost/internal/application/posts/schedule_list.go:164.30,175.3 4 6
github.com/saredigital/sarepost/internal/application/posts/schedule_list.go:176.2,177.20 2 3
github.com/saredigital/sarepost/internal/application/posts/schedule_list.go:180.64,181.21 1 3
github.com/saredigital/sarepost/internal/application/posts/schedule_list.go:181.21,183.3 1 0
github.com/saredigital/sarepost/internal/application/posts/schedule_list.go:184.2,185.44 2 3
github.com/saredigital/sarepost/internal/application/posts/schedule_list.go:185.44,188.26 3 3
github.com/saredigital/sarepost/internal/application/posts/schedule_list.go:188.26,190.4 1 3
github.com/saredigital/sarepost/internal/application/posts/schedule_list.go:191.3,191.48 1 0
github.com/saredigital/sarepost/internal/application/posts/schedule_list.go:191.48,193.4 1 0
github.com/saredigital/sarepost/internal/application/posts/schedule_list.go:194.3,194.69 1 0
github.com/saredigital/sarepost/internal/application/posts/schedule_list.go:196.2,196.12 1 3
github.com/saredigital/sarepost/internal/application/posts/schedule_list.go:199.53,200.29 1 12
github.com/saredigital/sarepost/internal/application/posts/schedule_list.go:200.29,202.3 1 12
github.com/saredigital/sarepost/internal/application/posts/schedule_list.go:203.2,203.10 1 0
github.com/saredigital/sarepost/internal/application/posts/schedule_list.go:206.50,207.73 1 12
github.com/saredigital/sarepost/internal/application/posts/schedule_list.go:207.73,209.3 1 6
github.com/saredigital/sarepost/internal/application/posts/schedule_list.go:210.2,210.35 1 6
github.com/saredigital/sarepost/internal/application/posts/schedule_list.go:213.72,218.29 5 3
github.com/saredigital/sarepost/internal/application/posts/schedule_list.go:218.29,219.22 1 6
github.com/saredigital/sarepost/internal/application/posts/schedule_list.go:220.32,221.34 1 0
github.com/saredigital/sarepost/internal/application/posts/schedule_list.go:222.36,223.24 1 0
github.com/saredigital/sarepost/internal/application/posts/schedule_list.go:224.35,225.23 1 0
github.com/saredigital/sarepost/internal/application/posts/schedule_list.go:226.35,227.23 1 6
github.com/saredigital/sarepost/internal/application/posts/schedule_list.go:228.31,229.19 1 0
github.com/saredigital/sarepost/internal/application/posts/schedule_list.go:232.2,232.9 1 3
github.com/saredigital/sarepost/internal/application/posts/schedule_list.go:233.21,234.37 1 0
github.com/saredigital/sarepost/internal/application/posts/schedule_list.go:235.50,236.37 1 0
github.com/saredigital/sarepost/internal/application/posts/schedule_list.go:237.20,238.36 1 0
github.com/saredigital/sarepost/internal/application/posts/schedule_list.go:239.20,240.36 1 3
github.com/saredigital/sarepost/internal/application/posts/schedule_list.go:241.16,242.32 1 0
github.com/saredigital/sarepost/internal/application/posts/schedule_list.go:243.10,244.36 1 0
github.com/saredigital/sarepost/internal/application/posts/schedule_list.go:248.55,249.21 1 6
github.com/saredigital/sarepost/internal/application/posts/schedule_list.go:249.21,251.3 1 5
github.com/saredigital/sarepost/internal/application/posts/schedule_list.go:252.2,253.29 2 1
github.com/saredigital/sarepost/internal/application/posts/schedule_list.go:253.29,255.15 2 1
github.com/saredigital/sarepost/internal/application/posts/schedule_list.go:255.15,256.12 1 0
github.com/saredigital/sarepost/internal/application/posts/schedule_list.go:258.3,258.24 1 1
github.com/saredigital/sarepost/internal/application/posts/schedule_list.go:260.2,260.12 1 1
github.com/saredigital/sarepost/internal/application/posts/thread_validation.go:14.143,16.24 2 6
github.com/saredigital/sarepost/internal/application/posts/thread_validation.go:16.24,18.3 1 5
github.com/saredigital/sarepost/internal/application/posts/thread_validation.go:19.2,20.16 2 1
github.com/saredigital/sarepost/internal/application/posts/thread_validation.go:20.16,22.3 1 0
github.com/saredigital/sarepost/internal/application/posts/thread_validation.go:23.2,24.34 2 1
github.com/saredigital/sarepost/internal/application/posts/thread_validation.go:24.34,26.3 1 1
github.com/saredigital/sarepost/internal/application/posts/thread_validation.go:27.2,27.23 1 1
github.com/saredigital/sarepost/internal/application/posts/thread_validation.go:30.180,32.16 2 6
github.com/saredigital/sarepost/internal/application/posts/thread_validation.go:32.16,34.3 1 0
github.com/saredigital/sarepost/internal/application/posts/thread_validation.go:35.2,35.37 1 6
github.com/saredigital/sarepost/internal/application/posts/thread_validation.go:35.37,37.17 2 7
github.com/saredigital/sarepost/internal/application/posts/thread_validation.go:37.17,39.4 1 0
github.com/saredigital/sarepost/internal/application/posts/thread_validation.go:40.3,40.15 1 7
github.com/saredigital/sarepost/internal/application/posts/thread_validation.go:40.15,41.120 1 6
github.com/saredigital/sarepost/internal/application/posts/thread_validation.go:41.120,43.5 1 1
github.com/saredigital/sarepost/internal/application/posts/thread_validation.go:44.4,44.12 1 5
github.com/saredigital/sarepost/internal/application/posts/thread_validation.go:46.3,46.78 1 1
github.com/saredigital/sarepost/internal/application/posts/thread_validation.go:46.78,48.4 1 1
github.com/saredigital/sarepost/internal/application/posts/thread_validation.go:50.2,50.12 1 4
github.com/saredigital/sarepost/internal/textfmt/format.go:9.49,18.23 8 4
github.com/saredigital/sarepost/internal/textfmt/format.go:18.23,19.23 1 13
github.com/saredigital/sarepost/internal/textfmt/format.go:19.23,21.4 1 1
github.com/saredigital/sarepost/internal/textfmt/format.go:22.3,23.16 2 12
github.com/saredigital/sarepost/internal/textfmt/format.go:26.2,27.30 2 4
github.com/saredigital/sarepost/internal/textfmt/format.go:27.30,28.35 1 113
github.com/saredigital/sarepost/internal/textfmt/format.go:28.35,31.12 3 0
github.com/saredigital/sarepost/internal/textfmt/format.go:33.3,33.23 1 113
github.com/saredigital/sarepost/internal/textfmt/format.go:33.23,37.12 4 1
github.com/saredigital/sarepost/internal/textfmt/format.go:39.3,39.91 1 112
github.com/saredigital/sarepost/internal/textfmt/format.go:39.91,45.12 6 2
github.com/saredigital/sarepost/internal/textfmt/format.go:47.3,47.133 1 110
github.com/saredigital/sarepost/internal/textfmt/format.go:47.133,53.12 6 2
github.com/saredigital/sarepost/internal/textfmt/format.go:55.3,60.52 1 108
github.com/saredigital/sarepost/internal/textfmt/format.go:60.52,66.12 6 2
github.com/saredigital/sarepost/internal/textfmt/format.go:68.3,71.52 1 106
github.com/saredigital/sarepost/internal/textfmt/format.go:71.52,77.12 6 2
github.com/saredigital/sarepost/internal/textfmt/format.go:79.3,80.6 2 104
github.com/saredigital/sarepost/internal/textfmt/format.go:83.2,84.16 2 4
github.com/saredigital/sarepost/internal/textfmt/format.go:84.16,86.3 1 0
github.com/saredigital/sarepost/internal/textfmt/format.go:87.2,87.14 1 4
github.com/saredigital/sarepost/internal/textfmt/format.go:87.14,89.3 1 0
github.com/saredigital/sarepost/internal/textfmt/format.go:90.2,90.21 1 4
github.com/saredigital/sarepost/internal/textfmt/format.go:93.41,104.23 9 3
github.com/saredigital/sarepost/internal/textfmt/format.go:104.23,105.23 1 12
github.com/saredigital/sarepost/internal/textfmt/format.go:105.23,107.4 1 1
github.com/saredigital/sarepost/internal/textfmt/format.go:108.3,109.16 2 11
github.com/saredigital/sarepost/internal/textfmt/format.go:112.2,113.30 2 3
github.com/saredigital/sarepost/internal/textfmt/format.go:113.30,114.35 1 66
github.com/saredigital/sarepost/internal/textfmt/format.go:114.35,117.12 3 0
github.com/saredigital/sarepost/internal/textfmt/format.go:119.3,119.23 1 66
github.com/saredigital/sarepost/internal/textfmt/format.go:119.23,123.12 4 1
github.com/saredigital/sarepost/internal/textfmt/format.go:125.3,125.91 1 65
github.com/saredigital/sarepost/internal/textfmt/format.go:125.91,131.12 6 2
github.com/saredigital/sarepost/internal/textfmt/format.go:133.3,133.133 1 63
github.com/saredigital/sarepost/internal/textfmt/format.go:133.133,139.12 6 2
github.com/saredigital/sarepost/internal/textfmt/format.go:141.3,146.52 1 61
github.com/saredigital/sarepost/internal/textfmt/format.go:146.52,152.12 6 2
github.com/saredigital/sarepost/internal/textfmt/format.go:154.3,157.52 1 59
github.com/saredigital/sarepost/internal/textfmt/format.go:157.52,163.12 6 2
github.com/saredigital/sarepost/internal/textfmt/format.go:165.3,166.6 2 57
github.com/saredigital/sarepost/internal/textfmt/format.go:169.2,170.16 2 3
github.com/saredigital/sarepost/internal/textfmt/format.go:170.16,172.3 1 0
github.com/saredigital/sarepost/internal/textfmt/format.go:173.2,173.14 1 3
github.com/saredigital/sarepost/internal/textfmt/format.go:173.14,175.3 1 0
github.com/saredigital/sarepost/internal/textfmt/format.go:176.2,177.21 2 3
github.com/saredigital/sarepost/internal/textfmt/format.go:180.51,189.23 8 2
github.com/saredigital/sarepost/internal/textfmt/format.go:189.23,190.23 1 6
github.com/saredigital/sarepost/internal/textfmt/format.go:190.23,192.4 1 1
github.com/saredigital/sarepost/internal/textfmt/format.go:193.3,194.16 2 5
github.com/saredigital/sarepost/internal/textfmt/format.go:197.2,198.30 2 2
github.com/saredigital/sarepost/internal/textfmt/format.go:198.30,199.35 1 50
github.com/saredigital/sarepost/internal/textfmt/format.go:199.35,202.12 3 4
github.com/saredigital/sarepost/internal/textfmt/format.go:204.3,204.23 1 46
github.com/saredigital/sarepost/internal/textfmt/format.go:204.23,208.12 4 0
github.com/saredigital/sarepost/internal/textfmt/format.go:210.3,210.91 1 46
github.com/saredigital/sarepost/internal/textfmt/format.go:210.91,215.12 5 1
github.com/saredigital/sarepost/internal/textfmt/format.go:217.3,217.133 1 45
github.com/saredigital/sarepost/internal/textfmt/format.go:217.133,222.12 5 1
github.com/saredigital/sarepost/internal/textfmt/format.go:224.3,229.52 1 44
github.com/saredigital/sarepost/internal/textfmt/format.go:229.52,234.12 5 1
github.com/saredigital/sarepost/internal/textfmt/format.go:236.3,239.52 1 43
github.com/saredigital/sarepost/internal/textfmt/format.go:239.52,244.12 5 1
github.com/saredigital/sarepost/internal/textfmt/format.go:246.3,247.6 2 42
github.com/saredigital/sarepost/internal/textfmt/format.go:250.2,251.21 2 2
github.com/saredigital/sarepost/internal/textfmt/format.go:254.62,255.22 1 5
github.com/saredigital/sarepost/internal/textfmt/format.go:255.22,257.3 1 3
github.com/saredigital/sarepost/internal/textfmt/format.go:258.2,259.26 2 2
github.com/saredigital/sarepost/internal/textfmt/format.go:259.26,261.3 1 11
github.com/saredigital/sarepost/internal/textfmt/format.go:262.2,262.21 1 2
github.com/saredigital/sarepost/internal/textfmt/format.go:265.58,266.9 1 11
github.com/saredigital/sarepost/internal/textfmt/format.go:267.22,268.44 1 0
github.com/saredigital/sarepost/internal/textfmt/format.go:268.44,270.4 1 0
github.com/saredigital/sarepost/internal/textfmt/format.go:271.12,272.38 1 5
github.com/saredigital/sarepost/internal/textfmt/format.go:272.38,274.4 1 5
github.com/saredigital/sarepost/internal/textfmt/format.go:275.14,276.40 1 6
github.com/saredigital/sarepost/internal/textfmt/format.go:276.40,278.4 1 6
github.com/saredigital/sarepost/internal/textfmt/format.go:280.2,280.10 1 0
github.com/saredigital/sarepost/internal/textfmt/format.go:283.38,284.9 1 5
github.com/saredigital/sarepost/internal/textfmt/format.go:285.28,286.41 1 0
github.com/saredigital/sarepost/internal/textfmt/format.go:287.28,288.41 1 5
github.com/saredigital/sarepost/internal/textfmt/format.go:289.28,290.41 1 0
github.com/saredigital/sarepost/internal/textfmt/format.go:291.10,292.18 1 0
github.com/saredigital/sarepost/internal/textfmt/format.go:296.40,297.9 1 6
github.com/saredigital/sarepost/internal/textfmt/format.go:298.28,299.41 1 0
github.com/saredigital/sarepost/internal/textfmt/format.go:300.28,301.15 1 6
github.com/saredigital/sarepost/internal/textfmt/format.go:301.15,303.4 1 0
github.com/saredigital/sarepost/internal/textfmt/format.go:304.3,304.41 1 6
github.com/saredigital/sarepost/internal/textfmt/format.go:305.10,306.18 1 0
github.com/saredigital/sarepost/internal/textfmt/format.go:310.44,311.9 1 0
github.com/saredigital/sarepost/internal/textfmt/format.go:312.28,313.41 1 0
github.com/saredigital/sarepost/internal/textfmt/format.go:314.28,315.41 1 0
github.com/saredigital/sarepost/internal/textfmt/format.go:316.10,317.18 1 0
github.com/saredigital/sarepost/internal/textfmt/format.go:321.50,323.2 1 9
github.com/saredigital/sarepost/internal/textfmt/format.go:325.75,326.40 1 5
github.com/saredigital/sarepost/internal/textfmt/format.go:326.40,327.35 1 30
github.com/saredigital/sarepost/internal/textfmt/format.go:327.35,329.12 2 0
github.com/saredigital/sarepost/internal/textfmt/format.go:331.3,331.89 1 30
github.com/saredigital/sarepost/internal/textfmt/format.go:331.89,333.4 1 5
github.com/saredigital/sarepost/internal/textfmt/format.go:335.2,335.14 1 0
github.com/saredigital/sarepost/internal/textfmt/format.go:338.75,339.38 1 5
github.com/saredigital/sarepost/internal/textfmt/format.go:339.38,340.35 1 35
github.com/saredigital/sarepost/internal/textfmt/format.go:340.35,342.12 2 0
github.com/saredigital/sarepost/internal/textfmt/format.go:344.3,344.65 1 35
github.com/saredigital/sarepost/internal/textfmt/format.go:344.65,346.4 1 5
github.com/saredigital/sarepost/internal/textfmt/format.go:348.2,348.14 1 0
github.com/saredigital/sarepost/internal/textfmt/format.go:351.51,352.43 1 294
github.com/saredigital/sarepost/internal/textfmt/format.go:352.43,354.3 1 290
github.com/saredigital/sarepost/internal/textfmt/format.go:355.2,355.33 1 4
github.com/saredigital/sarepost/internal/textfmt/format.go:358.32,360.2 1 365
github.com/saredigital/sarepost/internal/textfmt/format.go:362.74,363.19 1 11
github.com/saredigital/sarepost/internal/textfmt/format.go:363.19,365.3 1 5
github.com/saredigital/sarepost/internal/textfmt/format.go:366.2,367.62 2 6
github.com/saredigital/sarepost/internal/textfmt/format.go:367.62,369.3 1 0
github.com/saredigital/sarepost/internal/textfmt/format.go:370.2,370.14 1 6
github.com/saredigital/sarepost/internal/textfmt/format.go:370.14,372.3 1 0
github.com/saredigital/sarepost/internal/textfmt/format.go:373.2,373.34 1 6
github.com/saredigital/sarepost/internal/textfmt/format.go:376.74,377.19 1 20
github.com/saredigital/sarepost/internal/textfmt/format.go:377.19,379.3 1 10
github.com/saredigital/sarepost/internal/textfmt/format.go:380.2,381.52 2 10
github.com/saredigital/sarepost/internal/textfmt/format.go:381.52,383.3 1 0
github.com/saredigital/sarepost/internal/textfmt/format.go:384.2,385.27 2 10
github.com/saredigital/sarepost/internal/textfmt/format.go:385.27,387.3 1 6
github.com/saredigital/sarepost/internal/textfmt/format.go:388.2,388.36 1 4
github.com/saredigital/sarepost/internal/textfmt/format.go:391.30,393.2 1 10
github.com/saredigital/sarepost/internal/textfmt/format.go:395.38,404.2 2 12
github.com/saredigital/sarepost/internal/textfmt/format.go:406.41,408.26 2 11
github.com/saredigital/sarepost/internal/textfmt/format.go:408.26,409.12 1 57
github.com/saredigital/sarepost/internal/textfmt/format.go:410.13,411.27 1 0
github.com/saredigital/sarepost/internal/textfmt/format.go:412.12,413.26 1 1
github.com/saredigital/sarepost/internal/textfmt/format.go:414.12,415.26 1 1
github.com/saredigital/sarepost/internal/textfmt/format.go:416.11,417.27 1 55
github.com/saredigital/sarepost/internal/textfmt/format.go:417.27,419.13 2 53
github.com/saredigital/sarepost/internal/textfmt/format.go:421.4,423.22 3 2
github.com/saredigital/sarepost/internal/textfmt/format.go:426.2,426.21 1 11
github.com/saredigital/sarepost/internal/worker/worker.go:25.44,30.6 4 1
github.com/saredigital/sarepost/internal/worker/worker.go:30.6,31.10 1 1
github.com/saredigital/sarepost/internal/worker/worker.go:32.21,33.10 1 1
github.com/saredigital/sarepost/internal/worker/worker.go:34.19,35.18 1 0
github.com/saredigital/sarepost/internal/worker/worker.go:40.46,42.16 2 2
github.com/saredigital/sarepost/internal/worker/worker.go:42.16,44.3 1 1
github.com/saredigital/sarepost/internal/worker/worker.go:44.8,44.26 1 1
github.com/saredigital/sarepost/internal/worker/worker.go:44.26,46.3 1 0
github.com/saredigital/sarepost/internal/worker/worker.go:48.2,56.21 2 2
github.com/saredigital/sarepost/internal/worker/worker.go:59.102,61.16 2 16
github.com/saredigital/sarepost/internal/worker/worker.go:61.16,62.36 1 14
github.com/saredigital/sarepost/internal/worker/worker.go:62.36,64.4 1 14
github.com/saredigital/sarepost/internal/worker/worker.go:65.3,65.37 1 0
github.com/saredigital/sarepost/internal/worker/worker.go:67.2,68.98 2 2
github.com/saredigital/sarepost/internal/worker/worker.go:68.98,70.3 1 1
github.com/saredigital/sarepost/internal/worker/worker.go:71.2,71.30 1 1
github.com/saredigital/sarepost/internal/worker/worker.go:71.30,73.3 1 0
github.com/saredigital/sarepost/internal/worker/worker.go:74.2,74.25 1 1
github.com/saredigital/sarepost/internal/worker/worker.go:81.118,83.2 1 13
github.com/saredigital/sarepost/internal/worker/worker.go:85.128,87.16 2 2
github.com/saredigital/sarepost/internal/worker/worker.go:87.16,89.3 1 0
github.com/saredigital/sarepost/internal/worker/worker.go:90.2,95.4 1 2
