mode: atomic
github.com/escarface/sarepost/internal/secure/aesgcm.go:24.71,26.16 2 1
github.com/escarface/sarepost/internal/secure/aesgcm.go:26.16,28.3 1 0
github.com/escarface/sarepost/internal/secure/aesgcm.go:29.2,29.24 1 1
github.com/escarface/sarepost/internal/secure/aesgcm.go:29.24,31.3 1 1
github.com/escarface/sarepost/internal/secure/aesgcm.go:32.2,32.39 1 0
github.com/escarface/sarepost/internal/secure/aesgcm.go:35.61,36.20 1 2
github.com/escarface/sarepost/internal/secure/aesgcm.go:36.20,38.3 1 0
github.com/escarface/sarepost/internal/secure/aesgcm.go:39.2,40.16 2 2
github.com/escarface/sarepost/internal/secure/aesgcm.go:40.16,42.3 1 0
github.com/escarface/sarepost/internal/secure/aesgcm.go:43.2,44.16 2 2
github.com/escarface/sarepost/internal/secure/aesgcm.go:44.16,46.3 1 0
github.com/escarface/sarepost/internal/secure/aesgcm.go:47.2,47.21 1 2
github.com/escarface/sarepost/internal/secure/aesgcm.go:47.21,49.3 1 0
github.com/escarface/sarepost/internal/secure/aesgcm.go:50.2,52.73 3 2
github.com/escarface/sarepost/internal/secure/aesgcm.go:55.35,56.14 1 0
github.com/escarface/sarepost/internal/secure/aesgcm.go:56.14,58.3 1 0
github.com/escarface/sarepost/internal/secure/aesgcm.go:59.2,59.21 1 0
github.com/escarface/sarepost/internal/secure/aesgcm.go:62.82,63.14 1 1
github.com/escarface/sarepost/internal/secure/aesgcm.go:63.14,65.3 1 0
github.com/escarface/sarepost/internal/secure/aesgcm.go:66.2,67.16 2 1
github.com/escarface/sarepost/internal/secure/aesgcm.go:67.16,69.3 1 0
github.com/escarface/sarepost/internal/secure/aesgcm.go:70.2,71.59 2 1
github.com/escarface/sarepost/internal/secure/aesgcm.go:71.59,73.3 1 0
github.com/escarface/sarepost/internal/secure/aesgcm.go:74.2,75.31 2 1
github.com/escarface/sarepost/internal/secure/aesgcm.go:78.71,79.14 1 1
github.com/escarface/sarepost/internal/secure/aesgcm.go:79.14,81.3 1 0
github.com/escarface/sarepost/internal/secure/aesgcm.go:82.2,83.16 2 1
github.com/escarface/sarepost/internal/secure/aesgcm.go:83.16,85.3 1 0
github.com/escarface/sarepost/internal/secure/aesgcm.go:86.2,86.35 1 1
github.com/escarface/sarepost/internal/secure/aesgcm.go:89.52,90.14 1 3
github.com/escarface/sarepost/internal/secure/aesgcm.go:90.14,92.3 1 0
github.com/escarface/sarepost/internal/secure/aesgcm.go:93.2,95.41 3 3
github.com/escarface/sarepost/internal/secure/aesgcm.go:98.63,99.14 1 2
github.com/escarface/sarepost/internal/secure/aesgcm.go:99.14,101.3 1 0
github.com/escarface/sarepost/internal/secure/aesgcm.go:102.2,104.33 3 2
github.com/escarface/sarepost/internal/secure/aesgcm.go:104.33,106.3 1 0
github.com/escarface/sarepost/internal/secure/aesgcm.go:107.2,107.31 1 2
github.com/escarface/sarepost/internal/secure/aesgcm.go:107.31,109.3 1 0
github.com/escarface/sarepost/internal/secure/aesgcm.go:110.2,110.71 1 2
github.com/escarface/sarepost/internal/application/posts/create.go:81.41,82.18 1 5
github.com/escarface/sarepost/internal/application/posts/create.go:82.18,84.3 1 0
github.com/escarface/sarepost/internal/application/posts/create.go:85.2,85.22 1 5
github.com/escarface/sarepost/internal/application/posts/create.go:88.41,90.2 1 4
github.com/escarface/sarepost/internal/application/posts/create.go:92.40,95.2 2 4
github.com/escarface/sarepost/internal/application/posts/create.go:97.66,100.26 3 7
github.com/escarface/sarepost/internal/application/posts/create.go:100.26,102.15 2 15
github.com/escarface/sarepost/internal/application/posts/create.go:102.15,104.4 1 7
github.com/escarface/sarepost/internal/application/posts/create.go:105.3,105.28 1 8
github.com/escarface/sarepost/internal/application/posts/create.go:105.28,107.4 1 0
github.com/escarface/sarepost/internal/application/posts/create.go:108.3,109.24 2 8
github.com/escarface/sarepost/internal/application/posts/create.go:111.2,111.26 1 7
github.com/escarface/sarepost/internal/application/posts/create.go:111.26,113.3 1 8
github.com/escarface/sarepost/internal/application/posts/create.go:114.2,115.12 2 7
github.com/escarface/sarepost/internal/application/posts/create.go:118.90,119.20 1 7
github.com/escarface/sarepost/internal/application/posts/create.go:119.20,121.3 1 0
github.com/escarface/sarepost/internal/application/posts/create.go:122.2,122.23 1 7
github.com/escarface/sarepost/internal/application/posts/create.go:122.23,124.3 1 0
github.com/escarface/sarepost/internal/application/posts/create.go:126.2,127.26 2 7
github.com/escarface/sarepost/internal/application/posts/create.go:127.26,129.3 1 1
github.com/escarface/sarepost/internal/application/posts/create.go:131.2,132.16 2 6
github.com/escarface/sarepost/internal/application/posts/create.go:132.16,134.3 1 2
github.com/escarface/sarepost/internal/application/posts/create.go:136.2,137.22 2 4
github.com/escarface/sarepost/internal/application/posts/create.go:137.22,139.23 2 4
github.com/escarface/sarepost/internal/application/posts/create.go:139.23,141.4 1 0
github.com/escarface/sarepost/internal/application/posts/create.go:144.2,145.31 2 4
github.com/escarface/sarepost/internal/application/posts/create.go:145.31,147.3 1 1
github.com/escarface/sarepost/internal/application/posts/create.go:148.2,149.22 2 3
github.com/escarface/sarepost/internal/application/posts/create.go:149.22,151.17 2 0
github.com/escarface/sarepost/internal/application/posts/create.go:151.17,153.4 1 0
github.com/escarface/sarepost/internal/application/posts/create.go:154.3,154.55 1 0
github.com/escarface/sarepost/internal/application/posts/create.go:154.55,156.4 1 0
github.com/escarface/sarepost/internal/application/posts/create.go:159.2,160.39 2 3
github.com/escarface/sarepost/internal/application/posts/create.go:160.39,162.17 2 5
github.com/escarface/sarepost/internal/application/posts/create.go:162.17,164.4 1 0
github.com/escarface/sarepost/internal/application/posts/create.go:165.3,165.54 1 5
github.com/escarface/sarepost/internal/application/posts/create.go:165.54,167.4 1 0
github.com/escarface/sarepost/internal/application/posts/create.go:168.3,169.10 2 5
github.com/escarface/sarepost/internal/application/posts/create.go:169.10,171.4 1 0
github.com/escarface/sarepost/internal/application/posts/create.go:172.3,172.101 1 5
github.com/escarface/sarepost/internal/application/posts/create.go:172.101,174.4 1 1
github.com/escarface/sarepost/internal/application/posts/create.go:175.3,175.51 1 4
github.com/escarface/sarepost/internal/application/posts/create.go:178.2,182.41 3 2
github.com/escarface/sarepost/internal/application/posts/create.go:182.41,184.24 2 4
github.com/escarface/sarepost/internal/application/posts/create.go:184.24,186.18 2 2
github.com/escarface/sarepost/internal/application/posts/create.go:186.18,188.98 2 0
github.com/escarface/sarepost/internal/application/posts/create.go:188.98,190.6 1 0
github.com/escarface/sarepost/internal/application/posts/create.go:191.5,192.19 2 0
github.com/escarface/sarepost/internal/application/posts/create.go:192.19,194.6 1 0
github.com/escarface/sarepost/internal/application/posts/create.go:195.5,195.41 1 0
github.com/escarface/sarepost/internal/application/posts/create.go:195.41,197.6 1 0
github.com/escarface/sarepost/internal/application/posts/create.go:198.5,198.13 1 0
github.com/escarface/sarepost/internal/application/posts/create.go:200.4,200.38 1 2
github.com/escarface/sarepost/internal/application/posts/create.go:200.38,202.5 1 0
github.com/escarface/sarepost/internal/application/posts/create.go:205.3,206.17 2 4
github.com/escarface/sarepost/internal/application/posts/create.go:206.17,208.4 1 0
github.com/escarface/sarepost/internal/application/posts/create.go:209.3,211.38 3 4
github.com/escarface/sarepost/internal/application/posts/create.go:211.38,233.18 3 4
github.com/escarface/sarepost/internal/application/posts/create.go:233.18,234.83 1 1
github.com/escarface/sarepost/internal/application/posts/create.go:234.83,236.6 1 0
github.com/escarface/sarepost/internal/application/posts/create.go:237.5,237.31 1 1
github.com/escarface/sarepost/internal/application/posts/create.go:239.4,239.26 1 3
github.com/escarface/sarepost/internal/application/posts/create.go:239.26,242.5 2 3
github.com/escarface/sarepost/internal/application/posts/create.go:243.4,243.21 1 3
github.com/escarface/sarepost/internal/application/posts/create.go:243.21,245.5 1 3
github.com/escarface/sarepost/internal/application/posts/create.go:246.4,250.6 2 3
github.com/escarface/sarepost/internal/application/posts/create.go:254.2,254.17 1 1
github.com/escarface/sarepost/internal/application/posts/create.go:257.52,258.24 1 7
github.com/escarface/sarepost/internal/application/posts/create.go:258.24,260.3 1 6
github.com/escarface/sarepost/internal/application/posts/create.go:261.2,262.31 2 1
github.com/escarface/sarepost/internal/application/posts/create.go:262.31,264.15 2 1
github.com/escarface/sarepost/internal/application/posts/create.go:264.15,265.12 1 0
github.com/escarface/sarepost/internal/application/posts/create.go:267.3,267.24 1 1
github.com/escarface/sarepost/internal/application/posts/create.go:269.2,269.12 1 1
github.com/escarface/sarepost/internal/application/posts/create.go:272.70,273.27 1 6
github.com/escarface/sarepost/internal/application/posts/create.go:273.27,275.17 2 5
github.com/escarface/sarepost/internal/application/posts/create.go:275.17,277.4 1 1
github.com/escarface/sarepost/internal/application/posts/create.go:278.3,281.10 1 4
github.com/escarface/sarepost/internal/application/posts/create.go:283.2,283.42 1 1
github.com/escarface/sarepost/internal/application/posts/create.go:283.42,285.3 1 1
github.com/escarface/sarepost/internal/application/posts/create.go:286.2,287.36 2 0
github.com/escarface/sarepost/internal/application/posts/create.go:287.36,289.17 2 0
github.com/escarface/sarepost/internal/application/posts/create.go:289.17,291.4 1 0
github.com/escarface/sarepost/internal/application/posts/create.go:292.3,295.5 1 0
github.com/escarface/sarepost/internal/application/posts/create.go:297.2,297.22 1 0
github.com/escarface/sarepost/internal/application/posts/create.go:300.68,303.35 3 6
github.com/escarface/sarepost/internal/application/posts/create.go:303.35,304.44 1 7
github.com/escarface/sarepost/internal/application/posts/create.go:304.44,306.21 2 1
github.com/escarface/sarepost/internal/application/posts/create.go:306.21,307.13 1 0
github.com/escarface/sarepost/internal/application/posts/create.go:309.4,309.34 1 1
github.com/escarface/sarepost/internal/application/posts/create.go:309.34,310.13 1 0
github.com/escarface/sarepost/internal/application/posts/create.go:312.4,313.30 2 1
github.com/escarface/sarepost/internal/application/posts/create.go:316.2,316.12 1 6
github.com/escarface/sarepost/internal/application/posts/create.go:319.105,320.24 1 7
github.com/escarface/sarepost/internal/application/posts/create.go:320.24,322.3 1 6
github.com/escarface/sarepost/internal/application/posts/create.go:323.2,324.31 2 1
github.com/escarface/sarepost/internal/application/posts/create.go:324.31,326.20 2 1
github.com/escarface/sarepost/internal/application/posts/create.go:326.20,327.12 1 0
github.com/escarface/sarepost/internal/application/posts/create.go:329.3,330.10 2 1
github.com/escarface/sarepost/internal/application/posts/create.go:330.10,332.4 1 0
github.com/escarface/sarepost/internal/application/posts/create.go:333.3,333.31 1 1
github.com/escarface/sarepost/internal/application/posts/create.go:335.2,335.19 1 1
github.com/escarface/sarepost/internal/application/posts/create.go:338.84,339.18 1 1
github.com/escarface/sarepost/internal/application/posts/create.go:340.24,341.21 1 0
github.com/escarface/sarepost/internal/application/posts/create.go:341.21,343.4 1 0
github.com/escarface/sarepost/internal/application/posts/create.go:344.3,344.13 1 0
github.com/escarface/sarepost/internal/application/posts/create.go:345.31,346.21 1 1
github.com/escarface/sarepost/internal/application/posts/create.go:346.21,348.4 1 1
github.com/escarface/sarepost/internal/application/posts/create.go:349.3,349.13 1 0
github.com/escarface/sarepost/internal/application/posts/create.go:350.31,351.21 1 0
github.com/escarface/sarepost/internal/application/posts/create.go:351.21,353.4 1 0
github.com/escarface/sarepost/internal/application/posts/create.go:354.3,354.13 1 0
github.com/escarface/sarepost/internal/application/posts/create.go:355.32,356.21 1 0
github.com/escarface/sarepost/internal/application/posts/create.go:356.21,358.4 1 0
github.com/escarface/sarepost/internal/application/posts/create.go:359.3,359.13 1 0
github.com/escarface/sarepost/internal/application/posts/create.go:360.10,361.21 1 0
github.com/escarface/sarepost/internal/application/posts/create.go:361.21,363.4 1 0
github.com/escarface/sarepost/internal/application/posts/create.go:364.3,364.13 1 0
github.com/escarface/sarepost/internal/application/posts/create.go:368.75,369.26 1 4
github.com/escarface/sarepost/internal/application/posts/create.go:369.26,371.3 1 2
github.com/escarface/sarepost/internal/application/posts/create.go:372.2,372.35 1 2
github.com/escarface/sarepost/internal/application/posts/create.go:375.90,377.33 2 1
github.com/escarface/sarepost/internal/application/posts/create.go:377.33,379.19 2 1
github.com/escarface/sarepost/internal/application/posts/create.go:379.19,380.12 1 0
github.com/escarface/sarepost/internal/application/posts/create.go:382.3,382.65 1 1
github.com/escarface/sarepost/internal/application/posts/create.go:382.65,384.4 1 0
github.com/escarface/sarepost/internal/application/posts/create.go:386.2,386.29 1 1
github.com/escarface/sarepost/internal/application/posts/create.go:386.29,388.3 1 0
github.com/escarface/sarepost/internal/application/posts/create.go:389.2,389.12 1 1
github.com/escarface/sarepost/internal/application/posts/create.go:392.71,395.48 3 8
github.com/escarface/sarepost/internal/application/posts/create.go:395.48,397.3 1 4
github.com/escarface/sarepost/internal/application/posts/create.go:398.2,399.24 2 4
github.com/escarface/sarepost/internal/application/posts/create.go:399.24,401.3 1 4
github.com/escarface/sarepost/internal/application/posts/create.go:402.2,405.19 4 0
github.com/escarface/sarepost/internal/application/posts/create.go:405.19,407.3 1 0
github.com/escarface/sarepost/internal/application/posts/create.go:408.2,408.27 1 0
github.com/escarface/sarepost/internal/application/posts/create.go:408.27,410.3 1 0
github.com/escarface/sarepost/internal/application/posts/create.go:411.2,411.28 1 0
github.com/escarface/sarepost/internal/application/posts/create.go:414.40,416.19 2 7
github.com/escarface/sarepost/internal/application/posts/create.go:416.19,418.3 1 4
github.com/escarface/sarepost/internal/application/posts/create.go:419.2,419.17 1 3
github.com/escarface/sarepost/internal/application/posts/mutations.go:82.141,84.16 2 15
github.com/escarface/sarepost/internal/application/posts/mutations.go:85.15,86.26 1 1
github.com/escarface/sarepost/internal/application/posts/mutations.go:87.21,88.17 1 3
github.com/escarface/sarepost/internal/application/posts/mutations.go:88.17,90.4 1 0
github.com/escarface/sarepost/internal/application/posts/mutations.go:91.3,91.26 1 3
github.com/escarface/sarepost/internal/application/posts/mutations.go:92.18,93.27 1 3
github.com/escarface/sarepost/internal/application/posts/mutations.go:93.27,95.4 1 2
github.com/escarface/sarepost/internal/application/posts/mutations.go:97.2,97.26 1 9
github.com/escarface/sarepost/internal/application/posts/mutations.go:97.26,98.19 1 8
github.com/escarface/sarepost/internal/application/posts/mutations.go:98.19,99.35 1 8
github.com/escarface/sarepost/internal/application/posts/mutations.go:99.35,101.5 1 6
github.com/escarface/sarepost/internal/application/posts/mutations.go:102.4,102.40 1 2
github.com/escarface/sarepost/internal/application/posts/mutations.go:104.3,104.26 1 0
github.com/escarface/sarepost/internal/application/posts/mutations.go:106.2,106.31 1 1
github.com/escarface/sarepost/internal/application/posts/mutations.go:109.76,111.18 2 1
github.com/escarface/sarepost/internal/application/posts/mutations.go:111.18,113.3 1 1
github.com/escarface/sarepost/internal/application/posts/mutations.go:114.2,114.40 1 0
github.com/escarface/sarepost/internal/application/posts/mutations.go:117.84,119.18 2 1
github.com/escarface/sarepost/internal/application/posts/mutations.go:119.18,121.3 1 1
github.com/escarface/sarepost/internal/application/posts/mutations.go:122.2,122.48 1 0
github.com/escarface/sarepost/internal/application/posts/mutations.go:125.121,127.18 2 7
github.com/escarface/sarepost/internal/application/posts/mutations.go:127.18,129.3 1 1
github.com/escarface/sarepost/internal/application/posts/mutations.go:130.2,130.26 1 6
github.com/escarface/sarepost/internal/application/posts/mutations.go:130.26,132.3 1 0
github.com/escarface/sarepost/internal/application/posts/mutations.go:133.2,134.16 2 6
github.com/escarface/sarepost/internal/application/posts/mutations.go:134.16,136.3 1 0
github.com/escarface/sarepost/internal/application/posts/mutations.go:137.2,137.35 1 6
github.com/escarface/sarepost/internal/application/posts/mutations.go:137.35,139.3 1 1
github.com/escarface/sarepost/internal/application/posts/mutations.go:140.2,140.66 1 5
github.com/escarface/sarepost/internal/application/posts/mutations.go:140.66,142.3 1 1
github.com/escarface/sarepost/internal/application/posts/mutations.go:143.2,143.98 1 4
github.com/escarface/sarepost/internal/application/posts/mutations.go:143.98,145.3 1 2
github.com/escarface/sarepost/internal/application/posts/mutations.go:146.2,146.82 1 2
github.com/escarface/sarepost/internal/application/posts/mutations.go:146.82,148.3 1 0
github.com/escarface/sarepost/internal/application/posts/mutations.go:149.2,149.37 1 2
github.com/escarface/sarepost/internal/application/posts/mutations.go:152.147,154.18 2 1
github.com/escarface/sarepost/internal/application/posts/mutations.go:154.18,156.3 1 0
github.com/escarface/sarepost/internal/application/posts/mutations.go:157.2,157.26 1 1
github.com/escarface/sarepost/internal/application/posts/mutations.go:157.26,159.3 1 0
github.com/escarface/sarepost/internal/application/posts/mutations.go:160.2,160.16 1 1
github.com/escarface/sarepost/internal/application/posts/mutations.go:160.16,162.3 1 0
github.com/escarface/sarepost/internal/application/posts/mutations.go:163.2,164.16 2 1
github.com/escarface/sarepost/internal/application/posts/mutations.go:164.16,166.3 1 0
github.com/escarface/sarepost/internal/application/posts/mutations.go:167.2,168.16 2 1
github.com/escarface/sarepost/internal/application/posts/mutations.go:168.16,170.3 1 0
github.com/escarface/sarepost/internal/application/posts/mutations.go:171.2,183.35 2 1
github.com/escarface/sarepost/internal/application/posts/mutations.go:183.35,185.3 1 1
github.com/escarface/sarepost/internal/application/posts/mutations.go:186.2,186.75 1 1
github.com/escarface/sarepost/internal/application/posts/mutations.go:186.75,188.17 2 1
github.com/escarface/sarepost/internal/application/posts/mutations.go:188.17,190.4 1 0
github.com/escarface/sarepost/internal/application/posts/mutations.go:191.3,192.55 2 1
github.com/escarface/sarepost/internal/application/posts/mutations.go:192.55,194.4 1 1
github.com/escarface/sarepost/internal/application/posts/mutations.go:196.2,197.16 2 1
github.com/escarface/sarepost/internal/application/posts/mutations.go:197.16,199.3 1 0
github.com/escarface/sarepost/internal/application/posts/mutations.go:200.2,201.21 2 1
github.com/escarface/sarepost/internal/application/posts/mutations.go:204.50,205.28 1 9
github.com/escarface/sarepost/internal/application/posts/mutations.go:205.28,207.3 1 6
github.com/escarface/sarepost/internal/application/posts/mutations.go:208.2,208.60 1 3
github.com/escarface/sarepost/internal/application/posts/mutations.go:208.60,210.3 1 1
github.com/escarface/sarepost/internal/application/posts/mutations.go:211.2,211.31 1 2
github.com/escarface/sarepost/internal/application/posts/mutations.go:214.120,216.16 2 10
github.com/escarface/sarepost/internal/application/posts/mutations.go:216.16,218.3 1 6
github.com/escarface/sarepost/internal/application/posts/mutations.go:219.2,219.21 1 4
github.com/escarface/sarepost/internal/application/posts/mutations.go:219.21,221.3 1 0
github.com/escarface/sarepost/internal/application/posts/mutations.go:222.2,222.22 1 4
github.com/escarface/sarepost/internal/application/posts/mutations.go:225.126,227.23 2 10
github.com/escarface/sarepost/internal/application/posts/mutations.go:227.23,229.3 1 1
github.com/escarface/sarepost/internal/application/posts/mutations.go:231.2,232.33 2 9
github.com/escarface/sarepost/internal/application/posts/mutations.go:232.33,234.17 2 9
github.com/escarface/sarepost/internal/application/posts/mutations.go:234.17,236.4 1 5
github.com/escarface/sarepost/internal/application/posts/mutations.go:237.3,237.36 1 4
github.com/escarface/sarepost/internal/application/posts/mutations.go:240.2,241.32 2 4
github.com/escarface/sarepost/internal/application/posts/mutations.go:241.32,242.26 1 4
github.com/escarface/sarepost/internal/application/posts/mutations.go:242.26,243.91 1 0
github.com/escarface/sarepost/internal/application/posts/mutations.go:243.91,245.5 1 0
github.com/escarface/sarepost/internal/application/posts/mutations.go:246.4,247.18 2 0
github.com/escarface/sarepost/internal/application/posts/mutations.go:247.18,249.5 1 0
github.com/escarface/sarepost/internal/application/posts/mutations.go:250.4,251.12 2 0
github.com/escarface/sarepost/internal/application/posts/mutations.go:254.3,254.133 1 4
github.com/escarface/sarepost/internal/application/posts/mutations.go:254.133,256.4 1 0
github.com/escarface/sarepost/internal/application/posts/mutations.go:257.3,258.17 2 4
github.com/escarface/sarepost/internal/application/posts/mutations.go:258.17,260.4 1 0
github.com/escarface/sarepost/internal/application/posts/mutations.go:261.3,261.34 1 4
github.com/escarface/sarepost/internal/application/posts/mutations.go:264.2,264.21 1 4
github.com/escarface/sarepost/internal/application/posts/mutations.go:267.143,269.18 2 9
github.com/escarface/sarepost/internal/application/posts/mutations.go:269.18,271.3 1 0
github.com/escarface/sarepost/internal/application/posts/mutations.go:272.2,273.16 2 9
github.com/escarface/sarepost/internal/application/posts/mutations.go:273.16,275.3 1 0
github.com/escarface/sarepost/internal/application/posts/mutations.go:276.2,277.16 2 9
github.com/escarface/sarepost/internal/application/posts/mutations.go:277.16,279.3 1 1
github.com/escarface/sarepost/internal/application/posts/mutations.go:280.2,280.60 1 8
github.com/escarface/sarepost/internal/application/posts/mutations.go:280.60,282.3 1 0
github.com/escarface/sarepost/internal/application/posts/mutations.go:283.2,283.27 1 8
github.com/escarface/sarepost/internal/application/posts/mutations.go:283.27,284.67 1 2
github.com/escarface/sarepost/internal/application/posts/mutations.go:284.67,286.4 1 0
github.com/escarface/sarepost/internal/application/posts/mutations.go:288.2,290.26 2 8
github.com/escarface/sarepost/internal/application/posts/mutations.go:290.26,291.43 1 2
github.com/escarface/sarepost/internal/application/posts/mutations.go:291.43,293.4 1 1
github.com/escarface/sarepost/internal/application/posts/mutations.go:294.3,294.77 1 1
github.com/escarface/sarepost/internal/application/posts/mutations.go:294.77,296.4 1 1
github.com/escarface/sarepost/internal/application/posts/mutations.go:297.3,298.39 2 0
github.com/escarface/sarepost/internal/application/posts/mutations.go:298.39,300.18 2 0
github.com/escarface/sarepost/internal/application/posts/mutations.go:300.18,302.5 1 0
github.com/escarface/sarepost/internal/application/posts/mutations.go:303.4,303.23 1 0
github.com/escarface/sarepost/internal/application/posts/mutations.go:303.23,305.5 1 0
github.com/escarface/sarepost/internal/application/posts/mutations.go:306.4,310.6 1 0
github.com/escarface/sarepost/internal/application/posts/mutations.go:312.3,313.80 2 0
github.com/escarface/sarepost/internal/application/posts/mutations.go:313.80,315.4 1 0
github.com/escarface/sarepost/internal/application/posts/mutations.go:316.3,316.28 1 0
github.com/escarface/sarepost/internal/application/posts/mutations.go:316.28,317.95 1 0
github.com/escarface/sarepost/internal/application/posts/mutations.go:317.95,319.5 1 0
github.com/escarface/sarepost/internal/application/posts/mutations.go:321.3,326.9 1 0
github.com/escarface/sarepost/internal/application/posts/mutations.go:329.2,330.16 2 6
github.com/escarface/sarepost/internal/application/posts/mutations.go:330.16,332.3 1 1
github.com/escarface/sarepost/internal/application/posts/mutations.go:334.2,335.21 2 5
github.com/escarface/sarepost/internal/application/posts/mutations.go:335.21,337.3 1 3
github.com/escarface/sarepost/internal/application/posts/mutations.go:338.2,338.95 1 5
github.com/escarface/sarepost/internal/application/posts/mutations.go:338.95,340.3 1 1
github.com/escarface/sarepost/internal/application/posts/mutations.go:341.2,341.27 1 4
github.com/escarface/sarepost/internal/application/posts/mutations.go:341.27,342.85 1 2
github.com/escarface/sarepost/internal/application/posts/mutations.go:342.85,344.4 1 0
github.com/escarface/sarepost/internal/application/posts/mutations.go:347.2,354.8 1 4
github.com/escarface/sarepost/internal/application/posts/mutations.go:357.98,359.22 2 7
github.com/escarface/sarepost/internal/application/posts/mutations.go:359.22,361.3 1 6
github.com/escarface/sarepost/internal/application/posts/mutations.go:362.2,363.16 2 1
github.com/escarface/sarepost/internal/application/posts/mutations.go:363.16,365.3 1 0
github.com/escarface/sarepost/internal/application/posts/mutations.go:366.2,366.54 1 1
github.com/escarface/sarepost/internal/application/posts/mutations.go:366.54,368.3 1 1
github.com/escarface/sarepost/internal/application/posts/mutations.go:369.2,369.12 1 0
github.com/escarface/sarepost/internal/application/posts/mutations.go:372.142,374.16 2 6
github.com/escarface/sarepost/internal/application/posts/mutations.go:374.16,376.3 1 0
github.com/escarface/sarepost/internal/application/posts/mutations.go:377.2,377.35 1 6
github.com/escarface/sarepost/internal/application/posts/mutations.go:377.35,378.18 1 2
github.com/escarface/sarepost/internal/application/posts/mutations.go:379.36,380.30 1 1
github.com/escarface/sarepost/internal/application/posts/mutations.go:381.42,382.36 1 1
github.com/escarface/sarepost/internal/application/posts/mutations.go:385.2,385.12 1 4
github.com/escarface/sarepost/internal/application/posts/mutations.go:388.155,389.26 1 7
github.com/escarface/sarepost/internal/application/posts/mutations.go:389.26,391.3 1 0
github.com/escarface/sarepost/internal/application/posts/mutations.go:392.2,393.16 2 7
github.com/escarface/sarepost/internal/application/posts/mutations.go:393.16,395.3 1 0
github.com/escarface/sarepost/internal/application/posts/mutations.go:396.2,400.29 5 7
github.com/escarface/sarepost/internal/application/posts/mutations.go:400.29,401.112 1 3
github.com/escarface/sarepost/internal/application/posts/mutations.go:401.112,402.12 1 0
github.com/escarface/sarepost/internal/application/posts/mutations.go:404.3,404.60 1 3
github.com/escarface/sarepost/internal/application/posts/mutations.go:404.60,405.12 1 0
github.com/escarface/sarepost/internal/application/posts/mutations.go:407.3,408.16 2 3
github.com/escarface/sarepost/internal/application/posts/mutations.go:408.16,410.4 1 1
github.com/escarface/sarepost/internal/application/posts/mutations.go:411.3,411.38 1 3
github.com/escarface/sarepost/internal/application/posts/mutations.go:411.38,413.4 1 2
github.com/escarface/sarepost/internal/application/posts/mutations.go:414.3,414.92 1 3
github.com/escarface/sarepost/internal/application/posts/mutations.go:414.92,416.4 1 2
github.com/escarface/sarepost/internal/application/posts/mutations.go:418.2,419.99 2 7
github.com/escarface/sarepost/internal/application/posts/mutations.go:419.99,420.39 1 14
github.com/escarface/sarepost/internal/application/posts/mutations.go:420.39,422.4 1 4
github.com/escarface/sarepost/internal/application/posts/mutations.go:424.2,424.22 1 7
github.com/escarface/sarepost/internal/application/posts/mutations.go:427.54,428.73 1 10
github.com/escarface/sarepost/internal/application/posts/mutations.go:428.73,430.3 1 0
github.com/escarface/sarepost/internal/application/posts/mutations.go:431.2,431.35 1 10
github.com/escarface/sarepost/internal/application/posts/mutations.go:434.49,436.2 1 10
github.com/escarface/sarepost/internal/application/posts/mutations.go:438.71,441.26 3 10
github.com/escarface/sarepost/internal/application/posts/mutations.go:441.26,443.15 2 10
github.com/escarface/sarepost/internal/application/posts/mutations.go:443.15,445.4 1 1
github.com/escarface/sarepost/internal/application/posts/mutations.go:446.3,446.36 1 9
github.com/escarface/sarepost/internal/application/posts/mutations.go:446.36,448.4 1 0
github.com/escarface/sarepost/internal/application/posts/mutations.go:449.3,450.24 2 9
github.com/escarface/sarepost/internal/application/posts/mutations.go:452.2,452.26 1 10
github.com/escarface/sarepost/internal/application/posts/mutations.go:452.26,454.3 1 0
github.com/escarface/sarepost/internal/application/posts/mutations.go:455.2,456.12 2 10
github.com/escarface/sarepost/internal/application/posts/mutations.go:459.126,460.23 1 1
github.com/escarface/sarepost/internal/application/posts/mutations.go:460.23,462.3 1 0
github.com/escarface/sarepost/internal/application/posts/mutations.go:464.2,465.16 2 1
github.com/escarface/sarepost/internal/application/posts/mutations.go:465.16,467.3 1 0
github.com/escarface/sarepost/internal/application/posts/mutations.go:468.2,469.9 2 1
github.com/escarface/sarepost/internal/application/posts/mutations.go:469.9,471.3 1 0
github.com/escarface/sarepost/internal/application/posts/mutations.go:472.2,472.100 1 1
github.com/escarface/sarepost/internal/application/posts/mutations.go:472.100,474.3 1 1
github.com/escarface/sarepost/internal/application/posts/mutations.go:475.2,475.12 1 0
github.com/escarface/sarepost/internal/application/posts/mutations.go:478.145,479.23 1 5
github.com/escarface/sarepost/internal/application/posts/mutations.go:479.23,481.3 1 2
github.com/escarface/sarepost/internal/application/posts/mutations.go:483.2,484.16 2 3
github.com/escarface/sarepost/internal/application/posts/mutations.go:484.16,486.3 1 0
github.com/escarface/sarepost/internal/application/posts/mutations.go:487.2,488.9 2 3
github.com/escarface/sarepost/internal/application/posts/mutations.go:488.9,490.3 1 0
github.com/escarface/sarepost/internal/application/posts/mutations.go:492.2,493.18 2 3
github.com/escarface/sarepost/internal/application/posts/mutations.go:493.18,495.17 2 3
github.com/escarface/sarepost/internal/application/posts/mutations.go:495.17,497.4 1 0
github.com/escarface/sarepost/internal/application/posts/mutations.go:499.2,502.17 1 3
github.com/escarface/sarepost/internal/application/posts/mutations.go:502.17,504.3 1 1
github.com/escarface/sarepost/internal/application/posts/mutations.go:505.2,505.12 1 2
github.com/escarface/sarepost/internal/application/posts/mutations.go:508.54,509.21 1 5
github.com/escarface/sarepost/internal/application/posts/mutations.go:509.21,511.3 1 3
github.com/escarface/sarepost/internal/application/posts/mutations.go:512.2,513.29 2 2
github.com/escarface/sarepost/internal/application/posts/mutations.go:513.29,515.15 2 2
github.com/escarface/sarepost/internal/application/posts/mutations.go:515.15,516.12 1 0
github.com/escarface/sarepost/internal/application/posts/mutations.go:518.3,518.24 1 2
github.com/escarface/sarepost/internal/application/posts/mutations.go:520.2,520.12 1 2
github.com/escarface/sarepost/internal/application/posts/schedule_list.go:60.66,61.49 1 3
github.com/escarface/sarepost/internal/application/posts/schedule_list.go:62.48,63.43 1 1
github.com/escarface/sarepost/internal/application/posts/schedule_list.go:64.37,65.36 1 1
github.com/escarface/sarepost/internal/application/posts/schedule_list.go:66.10,67.40 1 1
github.com/escarface/sarepost/internal/application/posts/schedule_list.go:71.127,72.20 1 2
github.com/escarface/sarepost/internal/application/posts/schedule_list.go:72.20,74.3 1 0
github.com/escarface/sarepost/internal/application/posts/schedule_list.go:75.2,75.75 1 2
github.com/escarface/sarepost/internal/application/posts/schedule_list.go:75.75,77.3 1 0
github.com/escarface/sarepost/internal/application/posts/schedule_list.go:79.2,80.16 2 2
github.com/escarface/sarepost/internal/application/posts/schedule_list.go:80.16,82.3 1 0
github.com/escarface/sarepost/internal/application/posts/schedule_list.go:83.2,83.35 1 2
github.com/escarface/sarepost/internal/application/posts/schedule_list.go:83.35,88.3 1 1
github.com/escarface/sarepost/internal/application/posts/schedule_list.go:90.2,93.33 4 1
github.com/escarface/sarepost/internal/application/posts/schedule_list.go:93.33,95.28 2 3
github.com/escarface/sarepost/internal/application/posts/schedule_list.go:95.28,98.18 3 0
github.com/escarface/sarepost/internal/application/posts/schedule_list.go:98.18,100.5 1 0
github.com/escarface/sarepost/internal/application/posts/schedule_list.go:102.3,102.86 1 3
github.com/escarface/sarepost/internal/application/posts/schedule_list.go:105.2,108.8 1 1
github.com/escarface/sarepost/internal/application/posts/schedule_list.go:111.51,112.21 1 1
github.com/escarface/sarepost/internal/application/posts/schedule_list.go:112.21,114.3 1 0
github.com/escarface/sarepost/internal/application/posts/schedule_list.go:115.2,117.29 3 1
github.com/escarface/sarepost/internal/application/posts/schedule_list.go:117.29,119.19 2 6
github.com/escarface/sarepost/internal/application/posts/schedule_list.go:119.19,120.12 1 0
github.com/escarface/sarepost/internal/application/posts/schedule_list.go:122.3,122.32 1 6
github.com/escarface/sarepost/internal/application/posts/schedule_list.go:122.32,123.12 1 3
github.com/escarface/sarepost/internal/application/posts/schedule_list.go:125.3,126.28 2 3
github.com/escarface/sarepost/internal/application/posts/schedule_list.go:128.2,128.12 1 1
github.com/escarface/sarepost/internal/application/posts/schedule_list.go:131.72,133.29 2 1
github.com/escarface/sarepost/internal/application/posts/schedule_list.go:133.29,135.19 2 6
github.com/escarface/sarepost/internal/application/posts/schedule_list.go:135.19,136.12 1 0
github.com/escarface/sarepost/internal/application/posts/schedule_list.go:138.3,138.42 1 6
github.com/escarface/sarepost/internal/application/posts/schedule_list.go:140.2,140.12 1 1
github.com/escarface/sarepost/internal/application/posts/schedule_list.go:143.95,150.22 3 3
github.com/escarface/sarepost/internal/application/posts/schedule_list.go:150.22,152.3 1 0
github.com/escarface/sarepost/internal/application/posts/schedule_list.go:154.2,164.30 10 3
github.com/escarface/sarepost/internal/application/posts/schedule_list.go:164.30,175.3 4 6
github.com/escarface/sarepost/internal/application/posts/schedule_list.go:176.2,177.20 2 3
github.com/escarface/sarepost/internal/application/posts/schedule_list.go:180.64,181.21 1 3
github.com/escarface/sarepost/internal/application/posts/schedule_list.go:181.21,183.3 1 0
github.com/escarface/sarepost/internal/application/posts/schedule_list.go:184.2,185.44 2 3
github.com/escarface/sarepost/internal/application/posts/schedule_list.go:185.44,188.26 3 3
github.com/escarface/sarepost/internal/application/posts/schedule_list.go:188.26,190.4 1 3
github.com/escarface/sarepost/internal/application/posts/schedule_list.go:191.3,191.48 1 0
github.com/escarface/sarepost/internal/application/posts/schedule_list.go:191.48,193.4 1 0
github.com/escarface/sarepost/internal/application/posts/schedule_list.go:194.3,194.69 1 0
github.com/escarface/sarepost/internal/application/posts/schedule_list.go:196.2,196.12 1 3
github.com/escarface/sarepost/internal/application/posts/schedule_list.go:199.53,200.29 1 12
github.com/escarface/sarepost/internal/application/posts/schedule_list.go:200.29,202.3 1 12
github.com/escarface/sarepost/internal/application/posts/schedule_list.go:203.2,203.10 1 0
github.com/escarface/sarepost/internal/application/posts/schedule_list.go:206.50,207.73 1 12
github.com/escarface/sarepost/internal/application/posts/schedule_list.go:207.73,209.3 1 6
github.com/escarface/sarepost/internal/application/posts/schedule_list.go:210.2,210.35 1 6
github.com/escarface/sarepost/internal/application/posts/schedule_list.go:213.72,218.29 5 3
github.com/escarface/sarepost/internal/application/posts/schedule_list.go:218.29,219.22 1 6
github.com/escarface/sarepost/internal/application/posts/schedule_list.go:220.32,221.34 1 0
github.com/escarface/sarepost/internal/application/posts/schedule_list.go:222.36,223.24 1 0
github.com/escarface/sarepost/internal/application/posts/schedule_list.go:224.35,225.23 1 0
github.com/escarface/sarepost/internal/application/posts/schedule_list.go:226.35,227.23 1 6
github.com/escarface/sarepost/internal/application/posts/schedule_list.go:228.31,229.19 1 0
github.com/escarface/sarepost/internal/application/posts/schedule_list.go:232.2,232.9 1 3
github.com/escarface/sarepost/internal/application/posts/schedule_list.go:233.21,234.37 1 0
github.com/escarface/sarepost/internal/application/posts/schedule_list.go:235.50,236.37 1 0
github.com/escarface/sarepost/internal/application/posts/schedule_list.go:237.20,238.36 1 0
github.com/escarface/sarepost/internal/application/posts/schedule_list.go:239.20,240.36 1 3
github.com/escarface/sarepost/internal/application/posts/schedule_list.go:241.16,242.32 1 0
github.com/escarface/sarepost/internal/application/posts/schedule_list.go:243.10,244.36 1 0
github.com/escarface/sarepost/internal/application/posts/schedule_list.go:248.55,249.21 1 6
github.com/escarface/sarepost/internal/application/posts/schedule_list.go:249.21,251.3 1 5
github.com/escarface/sarepost/internal/application/posts/schedule_list.go:252.2,253.29 2 1
github.com/escarface/sarepost/internal/application/posts/schedule_list.go:253.29,255.15 2 1
github.com/escarface/sarepost/internal/application/posts/schedule_list.go:255.15,256.12 1 0
github.com/escarface/sarepost/internal/application/posts/schedule_list.go:258.3,258.24 1 1
github.com/escarface/sarepost/internal/application/posts/schedule_list.go:260.2,260.12 1 1
github.com/escarface/sarepost/internal/application/posts/thread_validation.go:14.143,16.24 2 6
github.com/escarface/sarepost/internal/application/posts/thread_validation.go:16.24,18.3 1 5
github.com/escarface/sarepost/internal/application/posts/thread_validation.go:19.2,20.16 2 1
github.com/escarface/sarepost/internal/application/posts/thread_validation.go:20.16,22.3 1 0
github.com/escarface/sarepost/internal/application/posts/thread_validation.go:23.2,24.34 2 1
github.com/escarface/sarepost/internal/application/posts/thread_validation.go:24.34,26.3 1 1
github.com/escarface/sarepost/internal/application/posts/thread_validation.go:27.2,27.23 1 1
github.com/escarface/sarepost/internal/application/posts/thread_validation.go:30.180,32.16 2 6
github.com/escarface/sarepost/internal/application/posts/thread_validation.go:32.16,34.3 1 0
github.com/escarface/sarepost/internal/application/posts/thread_validation.go:35.2,35.37 1 6
github.com/escarface/sarepost/internal/application/posts/thread_validation.go:35.37,37.17 2 7
github.com/escarface/sarepost/internal/application/posts/thread_validation.go:37.17,39.4 1 0
github.com/escarface/sarepost/internal/application/posts/thread_validation.go:40.3,40.15 1 7
github.com/escarface/sarepost/internal/application/posts/thread_validation.go:40.15,41.120 1 6
github.com/escarface/sarepost/internal/application/posts/thread_validation.go:41.120,43.5 1 1
github.com/escarface/sarepost/internal/application/posts/thread_validation.go:44.4,44.12 1 5
github.com/escarface/sarepost/internal/application/posts/thread_validation.go:46.3,46.78 1 1
github.com/escarface/sarepost/internal/application/posts/thread_validation.go:46.78,48.4 1 1
github.com/escarface/sarepost/internal/application/posts/thread_validation.go:50.2,50.12 1 4
github.com/escarface/sarepost/internal/application/dlq/service.go:37.36,38.16 1 1
github.com/escarface/sarepost/internal/application/dlq/service.go:38.16,40.3 1 0
github.com/escarface/sarepost/internal/application/dlq/service.go:41.2,41.26 1 1
github.com/escarface/sarepost/internal/application/dlq/service.go:41.26,43.3 1 1
github.com/escarface/sarepost/internal/application/dlq/service.go:44.2,44.14 1 0
github.com/escarface/sarepost/internal/application/dlq/service.go:47.42,50.26 3 5
github.com/escarface/sarepost/internal/application/dlq/service.go:50.26,52.15 2 13
github.com/escarface/sarepost/internal/application/dlq/service.go:52.15,53.12 1 4
github.com/escarface/sarepost/internal/application/dlq/service.go:55.3,55.28 1 9
github.com/escarface/sarepost/internal/application/dlq/service.go:55.28,56.12 1 3
github.com/escarface/sarepost/internal/application/dlq/service.go:58.3,59.32 2 6
github.com/escarface/sarepost/internal/application/dlq/service.go:61.2,61.16 1 5
github.com/escarface/sarepost/internal/application/dlq/service.go:64.84,66.2 1 1
github.com/escarface/sarepost/internal/application/dlq/service.go:68.89,70.24 2 1
github.com/escarface/sarepost/internal/application/dlq/service.go:70.24,72.3 1 1
github.com/escarface/sarepost/internal/application/dlq/service.go:73.2,73.53 1 0
github.com/escarface/sarepost/internal/application/dlq/service.go:76.73,78.24 2 1
github.com/escarface/sarepost/internal/application/dlq/service.go:78.24,80.3 1 1
github.com/escarface/sarepost/internal/application/dlq/service.go:81.2,81.52 1 0
github.com/escarface/sarepost/internal/application/dlq/service.go:84.85,86.23 2 2
github.com/escarface/sarepost/internal/application/dlq/service.go:86.23,88.3 1 1
github.com/escarface/sarepost/internal/application/dlq/service.go:89.2,90.29 2 1
github.com/escarface/sarepost/internal/application/dlq/service.go:90.29,91.63 1 2
github.com/escarface/sarepost/internal/application/dlq/service.go:91.63,93.12 2 1
github.com/escarface/sarepost/internal/application/dlq/service.go:95.3,95.19 1 1
github.com/escarface/sarepost/internal/application/dlq/service.go:97.2,97.20 1 1
github.com/escarface/sarepost/internal/application/dlq/service.go:100.84,102.23 2 2
github.com/escarface/sarepost/internal/application/dlq/service.go:102.23,104.3 1 1
github.com/escarface/sarepost/internal/application/dlq/service.go:105.2,106.29 2 1
github.com/escarface/sarepost/internal/application/dlq/service.go:106.29,107.59 1 2
github.com/escarface/sarepost/internal/application/dlq/service.go:107.59,109.12 2 1
github.com/escarface/sarepost/internal/application/dlq/service.go:111.3,111.19 1 1
github.com/escarface/sarepost/internal/application/dlq/service.go:113.2,113.20 1 1
github.com/escarface/sarepost/internal/textfmt/format.go:9.49,18.23 8 4
github.com/escarface/sarepost/internal/textfmt/format.go:18.23,19.23 1 13
github.com/escarface/sarepost/internal/textfmt/format.go:19.23,21.4 1 1
github.com/escarface/sarepost/internal/textfmt/format.go:22.3,23.16 2 12
github.com/escarface/sarepost/internal/textfmt/format.go:26.2,27.30 2 4
github.com/escarface/sarepost/internal/textfmt/format.go:27.30,28.35 1 113
github.com/escarface/sarepost/internal/textfmt/format.go:28.35,31.12 3 0
github.com/escarface/sarepost/internal/textfmt/format.go:33.3,33.23 1 113
github.com/escarface/sarepost/internal/textfmt/format.go:33.23,37.12 4 1
github.com/escarface/sarepost/internal/textfmt/format.go:39.3,39.91 1 112
github.com/escarface/sarepost/internal/textfmt/format.go:39.91,45.12 6 2
github.com/escarface/sarepost/internal/textfmt/format.go:47.3,47.133 1 110
github.com/escarface/sarepost/internal/textfmt/format.go:47.133,53.12 6 2
github.com/escarface/sarepost/internal/textfmt/format.go:55.3,60.52 1 108
github.com/escarface/sarepost/internal/textfmt/format.go:60.52,66.12 6 2
github.com/escarface/sarepost/internal/textfmt/format.go:68.3,71.52 1 106
github.com/escarface/sarepost/internal/textfmt/format.go:71.52,77.12 6 2
github.com/escarface/sarepost/internal/textfmt/format.go:79.3,80.6 2 104
github.com/escarface/sarepost/internal/textfmt/format.go:83.2,84.16 2 4
github.com/escarface/sarepost/internal/textfmt/format.go:84.16,86.3 1 0
github.com/escarface/sarepost/internal/textfmt/format.go:87.2,87.14 1 4
github.com/escarface/sarepost/internal/textfmt/format.go:87.14,89.3 1 0
github.com/escarface/sarepost/internal/textfmt/format.go:90.2,90.21 1 4
github.com/escarface/sarepost/internal/textfmt/format.go:93.41,104.23 9 3
github.com/escarface/sarepost/internal/textfmt/format.go:104.23,105.23 1 12
github.com/escarface/sarepost/internal/textfmt/format.go:105.23,107.4 1 1
github.com/escarface/sarepost/internal/textfmt/format.go:108.3,109.16 2 11
github.com/escarface/sarepost/internal/textfmt/format.go:112.2,113.30 2 3
github.com/escarface/sarepost/internal/textfmt/format.go:113.30,114.35 1 66
github.com/escarface/sarepost/internal/textfmt/format.go:114.35,117.12 3 0
github.com/escarface/sarepost/internal/textfmt/format.go:119.3,119.23 1 66
github.com/escarface/sarepost/internal/textfmt/format.go:119.23,123.12 4 1
github.com/escarface/sarepost/internal/textfmt/format.go:125.3,125.91 1 65
github.com/escarface/sarepost/internal/textfmt/format.go:125.91,131.12 6 2
github.com/escarface/sarepost/internal/textfmt/format.go:133.3,133.133 1 63
github.com/escarface/sarepost/internal/textfmt/format.go:133.133,139.12 6 2
github.com/escarface/sarepost/internal/textfmt/format.go:141.3,146.52 1 61
github.com/escarface/sarepost/internal/textfmt/format.go:146.52,152.12 6 2
github.com/escarface/sarepost/internal/textfmt/format.go:154.3,157.52 1 59
github.com/escarface/sarepost/internal/textfmt/format.go:157.52,163.12 6 2
github.com/escarface/sarepost/internal/textfmt/format.go:165.3,166.6 2 57
github.com/escarface/sarepost/internal/textfmt/format.go:169.2,170.16 2 3
github.com/escarface/sarepost/internal/textfmt/format.go:170.16,172.3 1 0
github.com/escarface/sarepost/internal/textfmt/format.go:173.2,173.14 1 3
github.com/escarface/sarepost/internal/textfmt/format.go:173.14,175.3 1 0
github.com/escarface/sarepost/internal/textfmt/format.go:176.2,177.21 2 3
github.com/escarface/sarepost/internal/textfmt/format.go:180.51,189.23 8 2
github.com/escarface/sarepost/internal/textfmt/format.go:189.23,190.23 1 6
github.com/escarface/sarepost/internal/textfmt/format.go:190.23,192.4 1 1
github.com/escarface/sarepost/internal/textfmt/format.go:193.3,194.16 2 5
github.com/escarface/sarepost/internal/textfmt/format.go:197.2,198.30 2 2
github.com/escarface/sarepost/internal/textfmt/format.go:198.30,199.35 1 50
github.com/escarface/sarepost/internal/textfmt/format.go:199.35,202.12 3 4
github.com/escarface/sarepost/internal/textfmt/format.go:204.3,204.23 1 46
github.com/escarface/sarepost/internal/textfmt/format.go:204.23,208.12 4 0
github.com/escarface/sarepost/internal/textfmt/format.go:210.3,210.91 1 46
github.com/escarface/sarepost/internal/textfmt/format.go:210.91,215.12 5 1
github.com/escarface/sarepost/internal/textfmt/format.go:217.3,217.133 1 45
github.com/escarface/sarepost/internal/textfmt/format.go:217.133,222.12 5 1
github.com/escarface/sarepost/internal/textfmt/format.go:224.3,229.52 1 44
github.com/escarface/sarepost/internal/textfmt/format.go:229.52,234.12 5 1
github.com/escarface/sarepost/internal/textfmt/format.go:236.3,239.52 1 43
github.com/escarface/sarepost/internal/textfmt/format.go:239.52,244.12 5 1
github.com/escarface/sarepost/internal/textfmt/format.go:246.3,247.6 2 42
github.com/escarface/sarepost/internal/textfmt/format.go:250.2,251.21 2 2
github.com/escarface/sarepost/internal/textfmt/format.go:254.62,255.22 1 5
github.com/escarface/sarepost/internal/textfmt/format.go:255.22,257.3 1 3
github.com/escarface/sarepost/internal/textfmt/format.go:258.2,259.26 2 2
github.com/escarface/sarepost/internal/textfmt/format.go:259.26,261.3 1 11
github.com/escarface/sarepost/internal/textfmt/format.go:262.2,262.21 1 2
github.com/escarface/sarepost/internal/textfmt/format.go:265.58,266.9 1 11
github.com/escarface/sarepost/internal/textfmt/format.go:267.22,268.44 1 0
github.com/escarface/sarepost/internal/textfmt/format.go:268.44,270.4 1 0
github.com/escarface/sarepost/internal/textfmt/format.go:271.12,272.38 1 5
github.com/escarface/sarepost/internal/textfmt/format.go:272.38,274.4 1 5
github.com/escarface/sarepost/internal/textfmt/format.go:275.14,276.40 1 6
github.com/escarface/sarepost/internal/textfmt/format.go:276.40,278.4 1 6
github.com/escarface/sarepost/internal/textfmt/format.go:280.2,280.10 1 0
github.com/escarface/sarepost/internal/textfmt/format.go:283.38,284.9 1 5
github.com/escarface/sarepost/internal/textfmt/format.go:285.28,286.41 1 0
github.com/escarface/sarepost/internal/textfmt/format.go:287.28,288.41 1 5
github.com/escarface/sarepost/internal/textfmt/format.go:289.28,290.41 1 0
github.com/escarface/sarepost/internal/textfmt/format.go:291.10,292.18 1 0
github.com/escarface/sarepost/internal/textfmt/format.go:296.40,297.9 1 6
github.com/escarface/sarepost/internal/textfmt/format.go:298.28,299.41 1 0
github.com/escarface/sarepost/internal/textfmt/format.go:300.28,301.15 1 6
github.com/escarface/sarepost/internal/textfmt/format.go:301.15,303.4 1 0
github.com/escarface/sarepost/internal/textfmt/format.go:304.3,304.41 1 6
github.com/escarface/sarepost/internal/textfmt/format.go:305.10,306.18 1 0
github.com/escarface/sarepost/internal/textfmt/format.go:310.44,311.9 1 0
github.com/escarface/sarepost/internal/textfmt/format.go:312.28,313.41 1 0
github.com/escarface/sarepost/internal/textfmt/format.go:314.28,315.41 1 0
github.com/escarface/sarepost/internal/textfmt/format.go:316.10,317.18 1 0
github.com/escarface/sarepost/internal/textfmt/format.go:321.50,323.2 1 9
github.com/escarface/sarepost/internal/textfmt/format.go:325.75,326.40 1 5
github.com/escarface/sarepost/internal/textfmt/format.go:326.40,327.35 1 30
github.com/escarface/sarepost/internal/textfmt/format.go:327.35,329.12 2 0
github.com/escarface/sarepost/internal/textfmt/format.go:331.3,331.89 1 30
github.com/escarface/sarepost/internal/textfmt/format.go:331.89,333.4 1 5
github.com/escarface/sarepost/internal/textfmt/format.go:335.2,335.14 1 0
github.com/escarface/sarepost/internal/textfmt/format.go:338.75,339.38 1 5
github.com/escarface/sarepost/internal/textfmt/format.go:339.38,340.35 1 35
github.com/escarface/sarepost/internal/textfmt/format.go:340.35,342.12 2 0
github.com/escarface/sarepost/internal/textfmt/format.go:344.3,344.65 1 35
github.com/escarface/sarepost/internal/textfmt/format.go:344.65,346.4 1 5
github.com/escarface/sarepost/internal/textfmt/format.go:348.2,348.14 1 0
github.com/escarface/sarepost/internal/textfmt/format.go:351.51,352.43 1 294
github.com/escarface/sarepost/internal/textfmt/format.go:352.43,354.3 1 290
github.com/escarface/sarepost/internal/textfmt/format.go:355.2,355.33 1 4
github.com/escarface/sarepost/internal/textfmt/format.go:358.32,360.2 1 365
github.com/escarface/sarepost/internal/textfmt/format.go:362.74,363.19 1 11
github.com/escarface/sarepost/internal/textfmt/format.go:363.19,365.3 1 5
github.com/escarface/sarepost/internal/textfmt/format.go:366.2,367.62 2 6
github.com/escarface/sarepost/internal/textfmt/format.go:367.62,369.3 1 0
github.com/escarface/sarepost/internal/textfmt/format.go:370.2,370.14 1 6
github.com/escarface/sarepost/internal/textfmt/format.go:370.14,372.3 1 0
github.com/escarface/sarepost/internal/textfmt/format.go:373.2,373.34 1 6
github.com/escarface/sarepost/internal/textfmt/format.go:376.74,377.19 1 20
github.com/escarface/sarepost/internal/textfmt/format.go:377.19,379.3 1 10
github.com/escarface/sarepost/internal/textfmt/format.go:380.2,381.52 2 10
github.com/escarface/sarepost/internal/textfmt/format.go:381.52,383.3 1 0
github.com/escarface/sarepost/internal/textfmt/format.go:384.2,385.27 2 10
github.com/escarface/sarepost/internal/textfmt/format.go:385.27,387.3 1 6
github.com/escarface/sarepost/internal/textfmt/format.go:388.2,388.36 1 4
github.com/escarface/sarepost/internal/textfmt/format.go:391.30,393.2 1 10
github.com/escarface/sarepost/internal/textfmt/format.go:395.38,404.2 2 12
github.com/escarface/sarepost/internal/textfmt/format.go:406.41,408.26 2 11
github.com/escarface/sarepost/internal/textfmt/format.go:408.26,409.12 1 57
github.com/escarface/sarepost/internal/textfmt/format.go:410.13,411.27 1 0
github.com/escarface/sarepost/internal/textfmt/format.go:412.12,413.26 1 1
github.com/escarface/sarepost/internal/textfmt/format.go:414.12,415.26 1 1
github.com/escarface/sarepost/internal/textfmt/format.go:416.11,417.27 1 55
github.com/escarface/sarepost/internal/textfmt/format.go:417.27,419.13 2 53
github.com/escarface/sarepost/internal/textfmt/format.go:421.4,423.22 3 2
github.com/escarface/sarepost/internal/textfmt/format.go:426.2,426.21 1 11
github.com/escarface/sarepost/internal/application/notifications/smtp.go:103.79,105.23 2 7
github.com/escarface/sarepost/internal/application/notifications/smtp.go:105.23,107.3 1 0
github.com/escarface/sarepost/internal/application/notifications/smtp.go:108.2,109.16 2 7
github.com/escarface/sarepost/internal/application/notifications/smtp.go:109.16,111.3 1 0
github.com/escarface/sarepost/internal/application/notifications/smtp.go:112.2,112.58 1 7
github.com/escarface/sarepost/internal/application/notifications/smtp.go:115.81,117.16 2 4
github.com/escarface/sarepost/internal/application/notifications/smtp.go:117.16,119.3 1 0
github.com/escarface/sarepost/internal/application/notifications/smtp.go:120.2,135.18 4 4
github.com/escarface/sarepost/internal/application/notifications/smtp.go:138.103,139.20 1 3
github.com/escarface/sarepost/internal/application/notifications/smtp.go:139.20,141.3 1 0
github.com/escarface/sarepost/internal/application/notifications/smtp.go:142.2,143.15 2 3
github.com/escarface/sarepost/internal/application/notifications/smtp.go:143.15,145.3 1 0
github.com/escarface/sarepost/internal/application/notifications/smtp.go:146.2,158.53 2 3
github.com/escarface/sarepost/internal/application/notifications/smtp.go:158.53,160.3 1 0
github.com/escarface/sarepost/internal/application/notifications/smtp.go:161.2,161.29 1 3
github.com/escarface/sarepost/internal/application/notifications/smtp.go:161.29,163.3 1 1
github.com/escarface/sarepost/internal/application/notifications/smtp.go:164.2,164.47 1 3
github.com/escarface/sarepost/internal/application/notifications/smtp.go:164.47,166.17 2 0
github.com/escarface/sarepost/internal/application/notifications/smtp.go:166.17,168.4 1 0
github.com/escarface/sarepost/internal/application/notifications/smtp.go:169.3,169.9 1 0
github.com/escarface/sarepost/internal/application/notifications/smtp.go:169.9,171.4 1 0
github.com/escarface/sarepost/internal/application/notifications/smtp.go:173.2,173.17 1 3
github.com/escarface/sarepost/internal/application/notifications/smtp.go:173.17,174.64 1 2
github.com/escarface/sarepost/internal/application/notifications/smtp.go:174.64,176.4 1 0
github.com/escarface/sarepost/internal/application/notifications/smtp.go:178.2,179.16 2 3
github.com/escarface/sarepost/internal/application/notifications/smtp.go:179.16,181.3 1 0
github.com/escarface/sarepost/internal/application/notifications/smtp.go:182.2,183.16 2 3
github.com/escarface/sarepost/internal/application/notifications/smtp.go:183.16,185.3 1 0
github.com/escarface/sarepost/internal/application/notifications/smtp.go:186.2,186.87 1 3
github.com/escarface/sarepost/internal/application/notifications/smtp.go:186.87,188.3 1 0
github.com/escarface/sarepost/internal/application/notifications/smtp.go:189.2,189.33 1 3
github.com/escarface/sarepost/internal/application/notifications/smtp.go:192.113,194.16 2 1
github.com/escarface/sarepost/internal/application/notifications/smtp.go:194.16,196.3 1 0
github.com/escarface/sarepost/internal/application/notifications/smtp.go:197.2,197.25 1 1
github.com/escarface/sarepost/internal/application/notifications/smtp.go:197.25,199.3 1 0
github.com/escarface/sarepost/internal/application/notifications/smtp.go:200.2,200.63 1 1
github.com/escarface/sarepost/internal/application/notifications/smtp.go:200.63,202.3 1 0
github.com/escarface/sarepost/internal/application/notifications/smtp.go:203.2,204.19 2 1
github.com/escarface/sarepost/internal/application/notifications/smtp.go:204.19,206.3 1 0
github.com/escarface/sarepost/internal/application/notifications/smtp.go:207.2,207.68 1 1
github.com/escarface/sarepost/internal/application/notifications/smtp.go:210.76,212.16 2 1
github.com/escarface/sarepost/internal/application/notifications/smtp.go:212.16,214.3 1 0
github.com/escarface/sarepost/internal/application/notifications/smtp.go:215.2,215.9 1 1
github.com/escarface/sarepost/internal/application/notifications/smtp.go:215.9,217.3 1 0
github.com/escarface/sarepost/internal/application/notifications/smtp.go:218.2,219.16 2 1
github.com/escarface/sarepost/internal/application/notifications/smtp.go:219.16,221.3 1 0
github.com/escarface/sarepost/internal/application/notifications/smtp.go:222.2,222.63 1 1
github.com/escarface/sarepost/internal/application/notifications/smtp.go:222.63,224.3 1 0
github.com/escarface/sarepost/internal/application/notifications/smtp.go:225.2,226.19 2 1
github.com/escarface/sarepost/internal/application/notifications/smtp.go:226.19,228.3 1 0
github.com/escarface/sarepost/internal/application/notifications/smtp.go:229.2,229.67 1 1
github.com/escarface/sarepost/internal/application/notifications/smtp.go:229.67,231.3 1 0
github.com/escarface/sarepost/internal/application/notifications/smtp.go:232.2,232.18 1 1
github.com/escarface/sarepost/internal/application/notifications/smtp.go:235.92,236.20 1 7
github.com/escarface/sarepost/internal/application/notifications/smtp.go:236.20,238.3 1 0
github.com/escarface/sarepost/internal/application/notifications/smtp.go:239.2,240.16 2 7
github.com/escarface/sarepost/internal/application/notifications/smtp.go:240.16,241.36 1 0
github.com/escarface/sarepost/internal/application/notifications/smtp.go:241.36,243.4 1 0
github.com/escarface/sarepost/internal/application/notifications/smtp.go:244.3,244.40 1 0
github.com/escarface/sarepost/internal/application/notifications/smtp.go:246.2,247.61 2 7
github.com/escarface/sarepost/internal/application/notifications/smtp.go:247.61,249.3 1 0
github.com/escarface/sarepost/internal/application/notifications/smtp.go:250.2,250.26 1 7
github.com/escarface/sarepost/internal/application/notifications/smtp.go:253.81,265.24 2 3
github.com/escarface/sarepost/internal/application/notifications/smtp.go:265.24,267.3 1 2
github.com/escarface/sarepost/internal/application/notifications/smtp.go:268.2,268.21 1 1
github.com/escarface/sarepost/internal/application/notifications/smtp.go:268.21,270.3 1 0
github.com/escarface/sarepost/internal/application/notifications/smtp.go:271.2,272.16 2 1
github.com/escarface/sarepost/internal/application/notifications/smtp.go:272.16,274.3 1 0
github.com/escarface/sarepost/internal/application/notifications/smtp.go:275.2,278.20 4 1
github.com/escarface/sarepost/internal/application/notifications/smtp.go:281.75,282.67 1 7
github.com/escarface/sarepost/internal/application/notifications/smtp.go:282.67,284.3 1 5
github.com/escarface/sarepost/internal/application/notifications/smtp.go:285.2,285.21 1 2
github.com/escarface/sarepost/internal/application/notifications/smtp.go:285.21,287.3 1 0
github.com/escarface/sarepost/internal/application/notifications/smtp.go:288.2,289.16 2 2
github.com/escarface/sarepost/internal/application/notifications/smtp.go:289.16,291.3 1 0
github.com/escarface/sarepost/internal/application/notifications/smtp.go:292.2,293.16 2 2
github.com/escarface/sarepost/internal/application/notifications/smtp.go:293.16,295.3 1 0
github.com/escarface/sarepost/internal/application/notifications/smtp.go:296.2,297.75 2 2
github.com/escarface/sarepost/internal/application/notifications/smtp.go:297.75,299.3 1 0
github.com/escarface/sarepost/internal/application/notifications/smtp.go:300.2,300.22 1 2
github.com/escarface/sarepost/internal/application/notifications/smtp.go:303.80,316.2 1 7
github.com/escarface/sarepost/internal/application/notifications/smtp.go:318.55,320.39 2 8
github.com/escarface/sarepost/internal/application/notifications/smtp.go:320.39,322.3 1 0
github.com/escarface/sarepost/internal/application/notifications/smtp.go:323.2,323.39 1 8
github.com/escarface/sarepost/internal/application/notifications/smtp.go:323.39,325.3 1 0
github.com/escarface/sarepost/internal/application/notifications/smtp.go:326.2,326.39 1 8
github.com/escarface/sarepost/internal/application/notifications/smtp.go:326.39,328.3 1 0
github.com/escarface/sarepost/internal/application/notifications/smtp.go:328.8,328.62 1 8
github.com/escarface/sarepost/internal/application/notifications/smtp.go:328.62,330.3 1 0
github.com/escarface/sarepost/internal/application/notifications/smtp.go:331.2,331.37 1 8
github.com/escarface/sarepost/internal/application/notifications/smtp.go:331.37,333.3 1 0
github.com/escarface/sarepost/internal/application/notifications/smtp.go:333.8,333.60 1 8
github.com/escarface/sarepost/internal/application/notifications/smtp.go:333.60,335.3 1 0
github.com/escarface/sarepost/internal/application/notifications/smtp.go:336.2,336.84 1 8
github.com/escarface/sarepost/internal/application/notifications/smtp.go:336.84,338.3 1 0
github.com/escarface/sarepost/internal/application/notifications/smtp.go:339.2,339.16 1 8
github.com/escarface/sarepost/internal/application/notifications/smtp.go:342.100,346.31 4 1
github.com/escarface/sarepost/internal/application/notifications/smtp.go:346.31,348.3 1 1
github.com/escarface/sarepost/internal/application/notifications/smtp.go:349.2,350.25 2 1
github.com/escarface/sarepost/internal/application/notifications/smtp.go:350.25,352.3 1 0
github.com/escarface/sarepost/internal/application/notifications/smtp.go:353.2,358.22 6 1
github.com/escarface/sarepost/internal/application/notifications/smtp.go:358.22,360.3 1 1
github.com/escarface/sarepost/internal/application/notifications/smtp.go:361.2,363.32 3 1
github.com/escarface/sarepost/internal/application/notifications/smtp.go:363.32,365.3 1 0
github.com/escarface/sarepost/internal/application/notifications/smtp.go:366.2,367.54 2 1
github.com/escarface/sarepost/internal/application/notifications/smtp.go:367.54,368.23 1 1
github.com/escarface/sarepost/internal/application/notifications/smtp.go:368.23,370.4 1 0
github.com/escarface/sarepost/internal/application/notifications/smtp.go:371.3,371.49 1 1
github.com/escarface/sarepost/internal/application/notifications/smtp.go:373.2,373.60 1 1
github.com/escarface/sarepost/internal/application/notifications/smtp.go:376.50,378.25 2 1
github.com/escarface/sarepost/internal/application/notifications/smtp.go:378.25,380.3 1 0
github.com/escarface/sarepost/internal/application/notifications/smtp.go:381.2,389.3 1 1
github.com/escarface/sarepost/internal/application/notifications/smtp.go:394.92,396.16 2 0
github.com/escarface/sarepost/internal/application/notifications/smtp.go:396.16,398.3 1 0
github.com/escarface/sarepost/internal/application/notifications/smtp.go:399.2,400.16 2 0
github.com/escarface/sarepost/internal/application/notifications/smtp.go:400.16,402.3 1 0
github.com/escarface/sarepost/internal/application/notifications/smtp.go:403.2,405.15 3 0
github.com/escarface/sarepost/internal/application/notifications/smtp.go:405.15,407.3 1 0
github.com/escarface/sarepost/internal/application/notifications/smtp.go:408.2,411.16 4 0
github.com/escarface/sarepost/internal/application/notifications/smtp.go:411.16,413.17 2 0
github.com/escarface/sarepost/internal/application/notifications/smtp.go:413.17,415.4 1 0
github.com/escarface/sarepost/internal/application/notifications/smtp.go:416.3,418.17 3 0
github.com/escarface/sarepost/internal/application/notifications/smtp.go:418.17,420.4 1 0
github.com/escarface/sarepost/internal/application/notifications/smtp.go:421.3,421.73 1 0
github.com/escarface/sarepost/internal/application/notifications/smtp.go:423.2,424.16 2 0
github.com/escarface/sarepost/internal/application/notifications/smtp.go:424.16,426.3 1 0
github.com/escarface/sarepost/internal/application/notifications/smtp.go:427.2,429.16 3 0
github.com/escarface/sarepost/internal/application/notifications/smtp.go:429.16,431.3 1 0
github.com/escarface/sarepost/internal/application/notifications/smtp.go:432.2,432.18 1 0
github.com/escarface/sarepost/internal/application/notifications/smtp.go:432.18,433.48 1 0
github.com/escarface/sarepost/internal/application/notifications/smtp.go:433.48,434.103 1 0
github.com/escarface/sarepost/internal/application/notifications/smtp.go:434.103,437.5 2 0
github.com/escarface/sarepost/internal/application/notifications/smtp.go:440.2,440.72 1 0
github.com/escarface/sarepost/internal/application/notifications/smtp.go:443.114,445.12 2 0
github.com/escarface/sarepost/internal/application/notifications/smtp.go:445.12,447.25 2 0
github.com/escarface/sarepost/internal/application/notifications/smtp.go:447.25,448.115 1 0
github.com/escarface/sarepost/internal/application/notifications/smtp.go:448.115,451.5 2 0
github.com/escarface/sarepost/internal/application/notifications/smtp.go:453.3,453.43 1 0
github.com/escarface/sarepost/internal/application/notifications/smtp.go:453.43,456.4 2 0
github.com/escarface/sarepost/internal/application/notifications/smtp.go:457.3,457.41 1 0
github.com/escarface/sarepost/internal/application/notifications/smtp.go:457.41,460.4 2 0
github.com/escarface/sarepost/internal/application/notifications/smtp.go:461.3,462.17 2 0
github.com/escarface/sarepost/internal/application/notifications/smtp.go:462.17,465.4 2 0
github.com/escarface/sarepost/internal/application/notifications/smtp.go:466.3,466.46 1 0
github.com/escarface/sarepost/internal/application/notifications/smtp.go:466.46,470.4 3 0
github.com/escarface/sarepost/internal/application/notifications/smtp.go:471.3,471.25 1 0
github.com/escarface/sarepost/internal/application/notifications/smtp.go:473.2,473.9 1 0
github.com/escarface/sarepost/internal/application/notifications/smtp.go:474.20,476.19 2 0
github.com/escarface/sarepost/internal/application/notifications/smtp.go:477.21,478.13 1 0
github.com/escarface/sarepost/internal/application/notifications/smtp.go:482.64,493.2 4 0
github.com/escarface/sarepost/internal/application/publishcycle/runner.go:35.46,37.19 2 7
github.com/escarface/sarepost/internal/application/publishcycle/runner.go:37.19,39.3 1 7
github.com/escarface/sarepost/internal/application/publishcycle/runner.go:41.2,42.16 2 7
github.com/escarface/sarepost/internal/application/publishcycle/runner.go:42.16,45.3 2 0
github.com/escarface/sarepost/internal/application/publishcycle/runner.go:46.2,46.20 1 7
github.com/escarface/sarepost/internal/application/publishcycle/runner.go:46.20,48.3 1 7
github.com/escarface/sarepost/internal/application/publishcycle/runner.go:50.2,50.29 1 7
github.com/escarface/sarepost/internal/application/publishcycle/runner.go:50.29,52.74 2 7
github.com/escarface/sarepost/internal/application/publishcycle/runner.go:52.74,54.4 1 0
github.com/escarface/sarepost/internal/application/publishcycle/runner.go:55.3,56.26 2 7
github.com/escarface/sarepost/internal/application/publishcycle/runner.go:56.26,58.4 1 7
github.com/escarface/sarepost/internal/application/publishcycle/runner.go:59.3,61.17 3 7
github.com/escarface/sarepost/internal/application/publishcycle/runner.go:61.17,65.12 4 0
github.com/escarface/sarepost/internal/application/publishcycle/runner.go:68.3,69.10 2 7
github.com/escarface/sarepost/internal/application/publishcycle/runner.go:69.10,74.12 5 1
github.com/escarface/sarepost/internal/application/publishcycle/runner.go:77.3,78.17 2 6
github.com/escarface/sarepost/internal/application/publishcycle/runner.go:78.17,82.12 4 0
github.com/escarface/sarepost/internal/application/publishcycle/runner.go:85.3,86.17 2 6
github.com/escarface/sarepost/internal/application/publishcycle/runner.go:86.17,91.12 5 0
github.com/escarface/sarepost/internal/application/publishcycle/runner.go:94.3,97.78 2 6
github.com/escarface/sarepost/internal/application/publishcycle/runner.go:97.78,100.61 3 2
github.com/escarface/sarepost/internal/application/publishcycle/runner.go:100.61,102.5 1 1
github.com/escarface/sarepost/internal/application/publishcycle/runner.go:103.4,104.18 2 2
github.com/escarface/sarepost/internal/application/publishcycle/runner.go:104.18,108.13 4 1
github.com/escarface/sarepost/internal/application/publishcycle/runner.go:110.4,110.79 1 1
github.com/escarface/sarepost/internal/application/publishcycle/runner.go:110.79,115.13 5 1
github.com/escarface/sarepost/internal/application/publishcycle/runner.go:117.4,118.41 2 0
github.com/escarface/sarepost/internal/application/publishcycle/runner.go:118.41,120.5 1 0
github.com/escarface/sarepost/internal/application/publishcycle/runner.go:120.10,122.5 1 0
github.com/escarface/sarepost/internal/application/publishcycle/runner.go:125.3,126.39 2 4
github.com/escarface/sarepost/internal/application/publishcycle/runner.go:126.39,128.18 2 2
github.com/escarface/sarepost/internal/application/publishcycle/runner.go:128.18,130.5 1 2
github.com/escarface/sarepost/internal/application/publishcycle/runner.go:132.3,132.17 1 4
github.com/escarface/sarepost/internal/application/publishcycle/runner.go:132.17,133.44 1 2
github.com/escarface/sarepost/internal/application/publishcycle/runner.go:133.44,136.13 3 1
github.com/escarface/sarepost/internal/application/publishcycle/runner.go:138.4,140.26 3 1
github.com/escarface/sarepost/internal/application/publishcycle/runner.go:140.26,142.5 1 1
github.com/escarface/sarepost/internal/application/publishcycle/runner.go:143.4,144.12 2 1
github.com/escarface/sarepost/internal/application/publishcycle/runner.go:147.3,149.87 3 2
github.com/escarface/sarepost/internal/application/publishcycle/runner.go:149.87,151.12 2 0
github.com/escarface/sarepost/internal/application/publishcycle/runner.go:153.3,154.241 2 2
github.com/escarface/sarepost/internal/application/publishcycle/runner.go:158.143,159.30 1 4
github.com/escarface/sarepost/internal/application/publishcycle/runner.go:159.30,161.3 1 3
github.com/escarface/sarepost/internal/application/publishcycle/runner.go:162.2,163.16 2 1
github.com/escarface/sarepost/internal/application/publishcycle/runner.go:163.16,165.3 1 0
github.com/escarface/sarepost/internal/application/publishcycle/runner.go:166.2,170.34 1 1
github.com/escarface/sarepost/internal/application/publishcycle/runner.go:170.34,172.3 1 0
github.com/escarface/sarepost/internal/application/publishcycle/runner.go:175.188,176.11 1 8
github.com/escarface/sarepost/internal/application/publishcycle/runner.go:176.11,179.3 2 2
github.com/escarface/sarepost/internal/application/publishcycle/runner.go:180.2,181.16 2 8
github.com/escarface/sarepost/internal/application/publishcycle/runner.go:181.16,183.3 1 0
github.com/escarface/sarepost/internal/application/publishcycle/runner.go:184.2,184.13 1 8
github.com/escarface/sarepost/internal/application/publishcycle/runner.go:184.13,185.81 1 0
github.com/escarface/sarepost/internal/application/publishcycle/runner.go:185.81,187.4 1 0
github.com/escarface/sarepost/internal/application/publishcycle/runner.go:189.2,189.21 1 8
github.com/escarface/sarepost/internal/application/publishcycle/runner.go:192.36,193.16 1 4
github.com/escarface/sarepost/internal/application/publishcycle/runner.go:193.16,195.3 1 0
github.com/escarface/sarepost/internal/application/publishcycle/runner.go:196.2,197.120 2 4
github.com/escarface/sarepost/internal/application/publishcycle/runner.go:200.54,201.16 1 2
github.com/escarface/sarepost/internal/application/publishcycle/runner.go:201.16,203.3 1 0
github.com/escarface/sarepost/internal/application/publishcycle/runner.go:204.2,205.41 2 2
github.com/escarface/sarepost/internal/application/publishcycle/runner.go:205.41,207.3 1 1
github.com/escarface/sarepost/internal/application/publishcycle/runner.go:208.2,208.92 1 1
github.com/escarface/sarepost/internal/application/publishcycle/runner.go:208.92,210.3 1 1
github.com/escarface/sarepost/internal/application/publishcycle/runner.go:211.2,211.79 1 0
github.com/escarface/sarepost/internal/application/publishcycle/runner.go:214.61,216.2 1 2
github.com/escarface/sarepost/internal/application/publishcycle/runner.go:222.51,224.2 1 1
github.com/escarface/sarepost/internal/application/publishcycle/runner.go:226.32,228.19 2 5
github.com/escarface/sarepost/internal/application/publishcycle/runner.go:228.19,230.3 1 1
github.com/escarface/sarepost/internal/application/publishcycle/runner.go:231.2,231.17 1 4
github.com/escarface/sarepost/internal/config/config.go:55.29,56.37 1 4
github.com/escarface/sarepost/internal/config/config.go:56.37,58.3 1 0
github.com/escarface/sarepost/internal/config/config.go:60.2,61.60 2 4
github.com/escarface/sarepost/internal/config/config.go:61.60,63.27 2 1
github.com/escarface/sarepost/internal/config/config.go:63.27,65.4 1 0
github.com/escarface/sarepost/internal/config/config.go:66.3,66.44 1 1
github.com/escarface/sarepost/internal/config/config.go:69.2,70.58 2 4
github.com/escarface/sarepost/internal/config/config.go:70.58,72.27 2 0
github.com/escarface/sarepost/internal/config/config.go:72.27,74.4 1 0
github.com/escarface/sarepost/internal/config/config.go:75.3,75.48 1 0
github.com/escarface/sarepost/internal/config/config.go:78.2,79.56 2 4
github.com/escarface/sarepost/internal/config/config.go:79.56,81.27 2 0
github.com/escarface/sarepost/internal/config/config.go:81.27,83.4 1 0
github.com/escarface/sarepost/internal/config/config.go:84.3,84.24 1 0
github.com/escarface/sarepost/internal/config/config.go:86.2,87.51 2 4
github.com/escarface/sarepost/internal/config/config.go:87.51,89.26 2 0
github.com/escarface/sarepost/internal/config/config.go:89.26,91.4 1 0
github.com/escarface/sarepost/internal/config/config.go:92.3,92.19 1 0
github.com/escarface/sarepost/internal/config/config.go:95.2,129.31 2 4
github.com/escarface/sarepost/internal/config/config.go:129.31,131.3 1 1
github.com/escarface/sarepost/internal/config/config.go:132.2,132.29 1 3
github.com/escarface/sarepost/internal/config/config.go:132.29,134.3 1 3
github.com/escarface/sarepost/internal/config/config.go:135.2,135.17 1 3
github.com/escarface/sarepost/internal/config/config.go:138.25,140.19 2 4
github.com/escarface/sarepost/internal/config/config.go:140.19,142.3 1 0
github.com/escarface/sarepost/internal/config/config.go:144.2,144.47 1 4
github.com/escarface/sarepost/internal/config/config.go:144.47,145.37 1 2
github.com/escarface/sarepost/internal/config/config.go:145.37,147.4 1 2
github.com/escarface/sarepost/internal/config/config.go:148.3,148.49 1 0
github.com/escarface/sarepost/internal/config/config.go:150.2,150.12 1 2
github.com/escarface/sarepost/internal/config/config.go:153.42,154.34 1 36
github.com/escarface/sarepost/internal/config/config.go:154.34,156.3 1 3
github.com/escarface/sarepost/internal/config/config.go:157.2,157.17 1 33
github.com/escarface/sarepost/internal/application/media/service.go:36.36,37.16 1 6
github.com/escarface/sarepost/internal/application/media/service.go:37.16,39.3 1 2
github.com/escarface/sarepost/internal/application/media/service.go:40.2,40.26 1 4
github.com/escarface/sarepost/internal/application/media/service.go:40.26,42.3 1 3
github.com/escarface/sarepost/internal/application/media/service.go:43.2,43.14 1 1
github.com/escarface/sarepost/internal/application/media/service.go:46.84,48.2 1 1
github.com/escarface/sarepost/internal/application/media/service.go:50.112,53.22 3 1
github.com/escarface/sarepost/internal/application/media/service.go:53.22,55.3 1 0
github.com/escarface/sarepost/internal/application/media/service.go:56.2,56.47 1 1
github.com/escarface/sarepost/internal/application/media/service.go:59.84,61.19 2 3
github.com/escarface/sarepost/internal/application/media/service.go:61.19,63.3 1 1
github.com/escarface/sarepost/internal/application/media/service.go:65.2,66.16 2 2
github.com/escarface/sarepost/internal/application/media/service.go:66.16,68.3 1 0
github.com/escarface/sarepost/internal/application/media/service.go:70.2,71.21 2 2
github.com/escarface/sarepost/internal/application/media/service.go:74.89,76.16 2 1
github.com/escarface/sarepost/internal/application/media/service.go:76.16,78.3 1 0
github.com/escarface/sarepost/internal/application/media/service.go:79.2,79.31 1 1
github.com/escarface/sarepost/internal/application/media/service.go:79.31,81.3 1 2
github.com/escarface/sarepost/internal/application/media/service.go:82.2,82.21 1 1
github.com/escarface/sarepost/internal/application/media/service.go:85.42,86.16 1 4
github.com/escarface/sarepost/internal/application/media/service.go:86.16,88.3 1 0
github.com/escarface/sarepost/internal/application/media/service.go:89.2,90.19 2 4
github.com/escarface/sarepost/internal/application/media/service.go:90.19,92.3 1 4
github.com/escarface/sarepost/internal/application/media/service.go:93.2,94.51 2 4
github.com/escarface/sarepost/internal/application/media/service.go:94.52,95.3 0 0
github.com/escarface/sarepost/internal/worker/worker.go:25.44,30.6 4 1
github.com/escarface/sarepost/internal/worker/worker.go:30.6,31.10 1 1
github.com/escarface/sarepost/internal/worker/worker.go:32.21,33.10 1 1
github.com/escarface/sarepost/internal/worker/worker.go:34.19,35.18 1 0
github.com/escarface/sarepost/internal/worker/worker.go:40.46,42.16 2 2
github.com/escarface/sarepost/internal/worker/worker.go:42.16,44.3 1 1
github.com/escarface/sarepost/internal/worker/worker.go:44.8,44.26 1 1
github.com/escarface/sarepost/internal/worker/worker.go:44.26,46.3 1 0
github.com/escarface/sarepost/internal/worker/worker.go:48.2,56.21 2 2
github.com/escarface/sarepost/internal/worker/worker.go:59.102,61.16 2 16
github.com/escarface/sarepost/internal/worker/worker.go:61.16,62.36 1 14
github.com/escarface/sarepost/internal/worker/worker.go:62.36,64.4 1 14
github.com/escarface/sarepost/internal/worker/worker.go:65.3,65.37 1 0
github.com/escarface/sarepost/internal/worker/worker.go:67.2,68.98 2 2
github.com/escarface/sarepost/internal/worker/worker.go:68.98,70.3 1 1
github.com/escarface/sarepost/internal/worker/worker.go:71.2,71.30 1 1
github.com/escarface/sarepost/internal/worker/worker.go:71.30,73.3 1 0
github.com/escarface/sarepost/internal/worker/worker.go:74.2,74.25 1 1
github.com/escarface/sarepost/internal/worker/worker.go:81.118,83.2 1 13
github.com/escarface/sarepost/internal/worker/worker.go:85.128,87.16 2 2
github.com/escarface/sarepost/internal/worker/worker.go:87.16,89.3 1 0
github.com/escarface/sarepost/internal/worker/worker.go:90.2,95.4 1 2
github.com/escarface/sarepost/internal/cli/capabilities.go:5.48,39.2 1 0
github.com/escarface/sarepost/internal/cli/client.go:26.76,27.18 1 28
github.com/escarface/sarepost/internal/cli/client.go:27.18,29.3 1 0
github.com/escarface/sarepost/internal/cli/client.go:30.2,32.19 3 28
github.com/escarface/sarepost/internal/cli/client.go:32.19,34.3 1 0
github.com/escarface/sarepost/internal/cli/client.go:35.2,39.3 1 28
github.com/escarface/sarepost/internal/cli/client.go:42.92,44.2 1 5
github.com/escarface/sarepost/internal/cli/client.go:46.83,48.2 1 13
github.com/escarface/sarepost/internal/cli/client.go:50.121,52.2 1 1
github.com/escarface/sarepost/internal/cli/client.go:54.77,56.2 1 1
github.com/escarface/sarepost/internal/cli/client.go:58.135,60.20 2 6
github.com/escarface/sarepost/internal/cli/client.go:60.20,62.3 1 0
github.com/escarface/sarepost/internal/cli/client.go:63.2,64.16 2 6
github.com/escarface/sarepost/internal/cli/client.go:64.16,66.3 1 1
github.com/escarface/sarepost/internal/cli/client.go:68.2,69.16 2 5
github.com/escarface/sarepost/internal/cli/client.go:69.16,72.3 2 0
[...]
github.com/escarface/sarepost/internal/api/ui_schedule.go:681.2,681.16 1 56
github.com/escarface/sarepost/internal/api/ui_schedule.go:681.16,684.3 2 0
github.com/escarface/sarepost/internal/api/ui_schedule.go:685.2,783.4 2 56
github.com/escarface/sarepost/internal/api/ui_schedule.go:786.73,787.26 1 6
github.com/escarface/sarepost/internal/api/ui_schedule.go:787.26,789.3 1 5
github.com/escarface/sarepost/internal/api/ui_schedule.go:790.2,791.35 2 1
github.com/escarface/sarepost/internal/api/ui_schedule.go:791.35,793.20 2 1
github.com/escarface/sarepost/internal/api/ui_schedule.go:793.20,794.12 1 0
github.com/escarface/sarepost/internal/api/ui_schedule.go:796.3,802.5 1 1
github.com/escarface/sarepost/internal/api/ui_schedule.go:804.2,804.20 1 1
github.com/escarface/sarepost/internal/api/ui_schedule.go:807.48,808.28 1 398
github.com/escarface/sarepost/internal/api/ui_schedule.go:808.28,809.62 1 398
github.com/escarface/sarepost/internal/api/ui_schedule.go:809.62,811.4 1 398
github.com/escarface/sarepost/internal/api/ui_schedule.go:813.2,813.35 1 0
github.com/escarface/sarepost/internal/api/ui_schedule.go:816.99,817.29 1 184
github.com/escarface/sarepost/internal/api/ui_schedule.go:817.29,819.19 2 131
github.com/escarface/sarepost/internal/api/ui_schedule.go:819.19,820.12 1 0
github.com/escarface/sarepost/internal/api/ui_schedule.go:822.3,823.19 2 131
github.com/escarface/sarepost/internal/api/ui_schedule.go:823.19,824.12 1 0
github.com/escarface/sarepost/internal/api/ui_schedule.go:826.3,827.40 2 131
github.com/escarface/sarepost/internal/api/ui_schedule.go:827.40,828.48 1 54
github.com/escarface/sarepost/internal/api/ui_schedule.go:828.48,830.10 2 50
github.com/escarface/sarepost/internal/api/ui_schedule.go:833.3,833.21 1 131
github.com/escarface/sarepost/internal/api/ui_schedule.go:833.21,834.12 1 50
github.com/escarface/sarepost/internal/api/ui_schedule.go:836.3,837.46 2 81
github.com/escarface/sarepost/internal/api/ui_schedule.go:841.73,842.23 1 81
github.com/escarface/sarepost/internal/api/ui_schedule.go:842.23,843.51 1 83
github.com/escarface/sarepost/internal/api/ui_schedule.go:843.51,845.4 1 65
github.com/escarface/sarepost/internal/api/ui_schedule.go:847.2,847.46 1 81
github.com/escarface/sarepost/internal/api/ui_schedule.go:847.46,850.19 3 2
github.com/escarface/sarepost/internal/api/ui_schedule.go:850.19,852.4 1 0
github.com/escarface/sarepost/internal/api/ui_schedule.go:853.3,853.20 1 2
github.com/escarface/sarepost/internal/api/ui_schedule.go:853.20,855.4 1 0
github.com/escarface/sarepost/internal/api/ui_schedule.go:856.3,856.26 1 2
github.com/escarface/sarepost/internal/api/ui_schedule.go:856.26,858.4 1 2
github.com/escarface/sarepost/internal/api/ui_schedule.go:859.3,859.55 1 0
github.com/escarface/sarepost/internal/api/ui_schedule.go:863.72,865.18 2 0
github.com/escarface/sarepost/internal/api/ui_schedule.go:865.18,867.3 1 0
github.com/escarface/sarepost/internal/api/ui_schedule.go:868.2,869.16 2 0
github.com/escarface/sarepost/internal/api/ui_schedule.go:869.16,871.3 1 0
github.com/escarface/sarepost/internal/api/ui_schedule.go:872.2,873.19 2 0
github.com/escarface/sarepost/internal/api/ui_schedule.go:873.19,875.3 1 0
github.com/escarface/sarepost/internal/api/ui_schedule.go:876.2,876.22 1 0
github.com/escarface/sarepost/internal/api/ui_schedule.go:876.22,878.3 1 0
github.com/escarface/sarepost/internal/api/ui_schedule.go:879.2,879.47 1 0
github.com/escarface/sarepost/internal/api/ui_schedule.go:882.53,884.2 1 56
github.com/escarface/sarepost/internal/api/ui_schedule.go:886.46,887.34 1 112
github.com/escarface/sarepost/internal/api/ui_schedule.go:887.34,889.3 1 106
github.com/escarface/sarepost/internal/api/ui_schedule.go:890.2,893.29 4 6
github.com/escarface/sarepost/internal/api/ui_schedule.go:893.29,895.15 2 16
github.com/escarface/sarepost/internal/api/ui_schedule.go:895.15,896.12 1 0
github.com/escarface/sarepost/internal/api/ui_schedule.go:898.3,898.36 1 16
github.com/escarface/sarepost/internal/api/ui_schedule.go:898.36,899.12 1 0
github.com/escarface/sarepost/internal/api/ui_schedule.go:901.3,902.24 2 16
github.com/escarface/sarepost/internal/api/ui_schedule.go:904.2,904.12 1 6
github.com/escarface/sarepost/internal/api/ui_schedule.go:907.59,909.16 2 5
github.com/escarface/sarepost/internal/api/ui_schedule.go:909.16,911.3 1 0
github.com/escarface/sarepost/internal/api/ui_schedule.go:912.2,914.25 3 5
github.com/escarface/sarepost/internal/api/ui_schedule.go:914.25,916.29 2 8
github.com/escarface/sarepost/internal/api/ui_schedule.go:916.29,917.12 1 3
github.com/escarface/sarepost/internal/api/ui_schedule.go:919.3,919.24 1 5
github.com/escarface/sarepost/internal/api/ui_schedule.go:921.2,921.12 1 5
github.com/escarface/sarepost/internal/api/ui_schedule.go:924.98,925.41 1 56
github.com/escarface/sarepost/internal/api/ui_schedule.go:925.41,927.3 1 51
github.com/escarface/sarepost/internal/api/ui_schedule.go:928.2,929.35 2 5
github.com/escarface/sarepost/internal/api/ui_schedule.go:929.35,931.15 2 10
github.com/escarface/sarepost/internal/api/ui_schedule.go:931.15,932.12 1 0
github.com/escarface/sarepost/internal/api/ui_schedule.go:934.3,934.27 1 10
github.com/escarface/sarepost/internal/api/ui_schedule.go:936.2,938.25 3 5
github.com/escarface/sarepost/internal/api/ui_schedule.go:938.25,940.15 2 10
github.com/escarface/sarepost/internal/api/ui_schedule.go:940.15,941.12 1 0
github.com/escarface/sarepost/internal/api/ui_schedule.go:943.3,943.40 1 10
github.com/escarface/sarepost/internal/api/ui_schedule.go:943.40,944.12 1 0
github.com/escarface/sarepost/internal/api/ui_schedule.go:946.3,946.36 1 10
github.com/escarface/sarepost/internal/api/ui_schedule.go:946.36,947.12 1 0
github.com/escarface/sarepost/internal/api/ui_schedule.go:949.3,950.24 2 10
github.com/escarface/sarepost/internal/api/ui_schedule.go:952.2,952.12 1 5
github.com/escarface/sarepost/internal/api/ui_schedule.go:955.88,960.31 5 91
github.com/escarface/sarepost/internal/api/ui_schedule.go:960.31,963.3 2 91
github.com/escarface/sarepost/internal/api/ui_schedule.go:964.2,964.32 1 91
github.com/escarface/sarepost/internal/api/ui_schedule.go:964.32,966.3 1 91
github.com/escarface/sarepost/internal/api/ui_schedule.go:967.2,967.31 1 91
github.com/escarface/sarepost/internal/api/ui_schedule.go:970.87,971.52 1 4
github.com/escarface/sarepost/internal/api/ui_schedule.go:971.52,973.3 1 2
github.com/escarface/sarepost/internal/api/ui_schedule.go:974.2,975.16 2 2
github.com/escarface/sarepost/internal/api/ui_schedule.go:975.16,977.3 1 0
github.com/escarface/sarepost/internal/api/ui_schedule.go:978.2,988.30 2 2
github.com/escarface/sarepost/internal/api/ui_schedule.go:991.93,992.16 1 10
github.com/escarface/sarepost/internal/api/ui_schedule.go:992.16,994.3 1 0
github.com/escarface/sarepost/internal/api/ui_schedule.go:995.2,996.18 2 10
github.com/escarface/sarepost/internal/api/ui_schedule.go:996.18,998.21 2 8
github.com/escarface/sarepost/internal/api/ui_schedule.go:998.21,1000.4 1 7
github.com/escarface/sarepost/internal/api/ui_schedule.go:1001.3,1002.17 2 1
github.com/escarface/sarepost/internal/api/ui_schedule.go:1002.17,1004.4 1 0
github.com/escarface/sarepost/internal/api/ui_schedule.go:1005.3,1005.91 1 1
github.com/escarface/sarepost/internal/api/ui_schedule.go:1005.91,1007.4 1 0
github.com/escarface/sarepost/internal/api/ui_schedule.go:1008.3,1008.64 1 1
github.com/escarface/sarepost/internal/api/ui_schedule.go:1010.2,1010.18 1 3
github.com/escarface/sarepost/internal/api/ui_schedule.go:1010.18,1012.3 1 0
github.com/escarface/sarepost/internal/api/ui_schedule.go:1013.2,1014.16 2 3
github.com/escarface/sarepost/internal/api/ui_schedule.go:1014.16,1016.3 1 0
github.com/escarface/sarepost/internal/api/ui_schedule.go:1017.2,1017.24 1 3
github.com/escarface/sarepost/internal/api/ui_schedule.go:1020.78,1022.76 2 65
github.com/escarface/sarepost/internal/api/ui_schedule.go:1023.34,1024.77 1 12
github.com/escarface/sarepost/internal/api/ui_schedule.go:1025.38,1026.81 1 1
github.com/escarface/sarepost/internal/api/ui_schedule.go:1028.2,1029.36 2 65
github.com/escarface/sarepost/internal/api/upload_stream.go:33.90,35.16 2 7
github.com/escarface/sarepost/internal/api/upload_stream.go:35.16,37.3 1 0
github.com/escarface/sarepost/internal/api/upload_stream.go:39.2,40.55 2 7
github.com/escarface/sarepost/internal/api/upload_stream.go:40.55,42.3 1 0
github.com/escarface/sarepost/internal/api/upload_stream.go:44.2,45.16 2 7
github.com/escarface/sarepost/internal/api/upload_stream.go:45.16,47.3 1 0
github.com/escarface/sarepost/internal/api/upload_stream.go:48.2,52.15 4 7
github.com/escarface/sarepost/internal/api/upload_stream.go:52.15,53.17 1 7
github.com/escarface/sarepost/internal/api/upload_stream.go:53.17,55.4 1 1
github.com/escarface/sarepost/internal/api/upload_stream.go:56.3,56.17 1 7
github.com/escarface/sarepost/internal/api/upload_stream.go:56.17,58.4 1 3
github.com/escarface/sarepost/internal/api/upload_stream.go:61.2,62.6 2 7
github.com/escarface/sarepost/internal/api/upload_stream.go:62.6,64.33 2 18
github.com/escarface/sarepost/internal/api/upload_stream.go:64.33,65.9 1 5
github.com/escarface/sarepost/internal/api/upload_stream.go:67.3,67.21 1 13
github.com/escarface/sarepost/internal/api/upload_stream.go:67.21,69.4 1 0
github.com/escarface/sarepost/internal/api/upload_stream.go:71.3,71.26 1 13
github.com/escarface/sarepost/internal/api/upload_stream.go:72.15,75.22 3 4
github.com/escarface/sarepost/internal/api/upload_stream.go:75.22,77.5 1 0
github.com/escarface/sarepost/internal/api/upload_stream.go:78.4,78.16 1 4
github.com/escarface/sarepost/internal/api/upload_stream.go:78.16,81.5 2 4
github.com/escarface/sarepost/internal/api/upload_stream.go:82.15,83.32 1 6
github.com/escarface/sarepost/internal/api/upload_stream.go:83.32,86.13 3 0
github.com/escarface/sarepost/internal/api/upload_stream.go:89.4,91.18 3 6
github.com/escarface/sarepost/internal/api/upload_stream.go:91.18,93.5 1 0
github.com/escarface/sarepost/internal/api/upload_stream.go:94.4,97.22 3 6
github.com/escarface/sarepost/internal/api/upload_stream.go:97.22,100.5 2 0
github.com/escarface/sarepost/internal/api/upload_stream.go:101.4,102.18 2 6
github.com/escarface/sarepost/internal/api/upload_stream.go:102.18,105.5 2 0
github.com/escarface/sarepost/internal/api/upload_stream.go:106.4,106.24 1 6
github.com/escarface/sarepost/internal/api/upload_stream.go:106.24,107.49 1 6
github.com/escarface/sarepost/internal/api/upload_stream.go:107.49,110.6 2 0
github.com/escarface/sarepost/internal/api/upload_stream.go:112.4,113.26 2 6
github.com/escarface/sarepost/internal/api/upload_stream.go:113.26,116.5 2 1
github.com/escarface/sarepost/internal/api/upload_stream.go:117.4,119.22 3 5
github.com/escarface/sarepost/internal/api/upload_stream.go:119.22,121.5 1 0
github.com/escarface/sarepost/internal/api/upload_stream.go:122.4,122.29 1 5
github.com/escarface/sarepost/internal/api/upload_stream.go:122.29,124.5 1 0
github.com/escarface/sarepost/internal/api/upload_stream.go:125.4,125.48 1 5
github.com/escarface/sarepost/internal/api/upload_stream.go:125.48,127.5 1 0
github.com/escarface/sarepost/internal/api/upload_stream.go:128.4,132.24 4 5
github.com/escarface/sarepost/internal/api/upload_stream.go:132.24,134.5 1 1
github.com/escarface/sarepost/internal/api/upload_stream.go:135.4,135.30 1 4
github.com/escarface/sarepost/internal/api/upload_stream.go:136.11,138.20 2 3
github.com/escarface/sarepost/internal/api/upload_stream.go:142.2,142.30 1 5
github.com/escarface/sarepost/internal/api/upload_stream.go:142.30,144.3 1 1
github.com/escarface/sarepost/internal/api/upload_stream.go:146.2,146.35 1 4
github.com/escarface/sarepost/internal/api/upload_stream.go:149.79,151.16 2 4
github.com/escarface/sarepost/internal/api/upload_stream.go:151.16,153.3 1 0
github.com/escarface/sarepost/internal/api/upload_stream.go:154.2,154.32 1 4
github.com/escarface/sarepost/internal/api/upload_stream.go:154.32,156.3 1 0
github.com/escarface/sarepost/internal/api/upload_stream.go:157.2,157.44 1 4
github.com/escarface/sarepost/internal/api/upload_stream.go:160.73,161.19 1 6
github.com/escarface/sarepost/internal/api/upload_stream.go:161.19,163.3 1 0
github.com/escarface/sarepost/internal/api/upload_stream.go:164.2,166.9 3 6
github.com/escarface/sarepost/internal/api/upload_stream.go:167.79,168.22 1 6
github.com/escarface/sarepost/internal/api/upload_stream.go:169.10,170.18 1 0
github.com/escarface/sarepost/internal/api/upload_stream.go:174.95,176.38 2 8
github.com/escarface/sarepost/internal/api/upload_stream.go:176.38,178.3 1 1
github.com/escarface/sarepost/internal/api/upload_stream.go:179.2,179.22 1 7
github.com/escarface/sarepost/internal/api/upload_stream.go:179.22,180.101 1 7
github.com/escarface/sarepost/internal/api/upload_stream.go:180.101,182.4 1 1
github.com/escarface/sarepost/internal/api/upload_stream.go:182.9,182.46 1 6
github.com/escarface/sarepost/internal/api/upload_stream.go:182.46,184.4 1 1
github.com/escarface/sarepost/internal/api/upload_stream.go:186.2,186.124 1 5
github.com/escarface/sarepost/internal/api/upload_stream.go:186.124,187.43 1 5
github.com/escarface/sarepost/internal/api/upload_stream.go:187.43,189.4 1 5
github.com/escarface/sarepost/internal/api/upload_stream.go:190.3,190.42 1 0
github.com/escarface/sarepost/internal/api/upload_stream.go:190.42,192.4 1 0
github.com/escarface/sarepost/internal/api/upload_stream.go:193.3,193.51 1 0
github.com/escarface/sarepost/internal/api/upload_stream.go:195.2,195.58 1 0
github.com/escarface/sarepost/internal/api/upload_stream.go:195.58,197.3 1 0
github.com/escarface/sarepost/internal/api/upload_stream.go:198.2,198.22 1 0
github.com/escarface/sarepost/internal/api/upload_stream.go:198.22,199.83 1 0
github.com/escarface/sarepost/internal/api/upload_stream.go:199.83,201.4 1 0
github.com/escarface/sarepost/internal/api/upload_stream.go:203.2,203.40 1 0
github.com/escarface/sarepost/internal/api/upload_stream.go:206.47,208.16 2 0
github.com/escarface/sarepost/internal/api/upload_stream.go:208.16,210.48 2 0
github.com/escarface/sarepost/internal/api/upload_stream.go:210.48,212.4 1 0
github.com/escarface/sarepost/internal/api/upload_stream.go:214.2,214.64 1 0
github.com/escarface/sarepost/internal/api/upload_stream.go:217.47,221.2 2 16
github.com/escarface/sarepost/internal/api/upload_stream.go:223.46,228.2 2 15
github.com/escarface/sarepost/internal/api/upload_stream.go:230.49,232.16 2 42
github.com/escarface/sarepost/internal/api/upload_stream.go:232.16,234.48 2 2
github.com/escarface/sarepost/internal/api/upload_stream.go:234.48,236.4 1 0
github.com/escarface/sarepost/internal/api/upload_stream.go:238.2,238.53 1 42
github.com/escarface/sarepost/internal/api/upload_stream.go:241.41,243.16 2 3
github.com/escarface/sarepost/internal/api/upload_stream.go:243.16,245.3 1 1
github.com/escarface/sarepost/internal/api/upload_stream.go:246.2,247.51 2 2
github.com/escarface/sarepost/internal/api/upload_stream.go:247.51,249.3 1 0
github.com/escarface/sarepost/internal/api/upload_stream.go:250.2,250.12 1 2
github.com/escarface/sarepost/internal/api/validate.go:47.104,48.44 1 7
github.com/escarface/sarepost/internal/api/validate.go:48.44,50.3 1 0
github.com/escarface/sarepost/internal/api/validate.go:52.2,53.16 2 7
github.com/escarface/sarepost/internal/api/validate.go:53.16,55.3 1 0
github.com/escarface/sarepost/internal/api/validate.go:56.2,56.53 1 7
github.com/escarface/sarepost/internal/api/validate.go:56.53,58.3 1 0
github.com/escarface/sarepost/internal/api/validate.go:59.2,60.9 2 7
github.com/escarface/sarepost/internal/api/validate.go:60.9,62.3 1 0
github.com/escarface/sarepost/internal/api/validate.go:64.2,65.24 2 7
github.com/escarface/sarepost/internal/api/validate.go:65.24,67.17 2 6
github.com/escarface/sarepost/internal/api/validate.go:67.17,69.4 1 0
github.com/escarface/sarepost/internal/api/validate.go:70.3,73.5 1 6
github.com/escarface/sarepost/internal/api/validate.go:75.2,75.48 1 7
github.com/escarface/sarepost/internal/api/validate.go:75.48,77.3 1 1
github.com/escarface/sarepost/internal/api/validate.go:78.2,78.47 1 6
github.com/escarface/sarepost/internal/api/validate.go:78.47,80.3 1 0
github.com/escarface/sarepost/internal/api/validate.go:82.2,83.46 2 6
github.com/escarface/sarepost/internal/api/validate.go:83.46,85.17 2 1
github.com/escarface/sarepost/internal/api/validate.go:85.17,87.4 1 0
github.com/escarface/sarepost/internal/api/validate.go:88.3,88.23 1 1
github.com/escarface/sarepost/internal/api/validate.go:91.2,92.35 2 6
github.com/escarface/sarepost/internal/api/validate.go:92.35,94.3 1 6
github.com/escarface/sarepost/internal/api/validate.go:95.2,96.16 2 6
github.com/escarface/sarepost/internal/api/validate.go:96.16,98.3 1 0
github.com/escarface/sarepost/internal/api/validate.go:99.2,100.35 2 6
github.com/escarface/sarepost/internal/api/validate.go:100.35,102.3 1 1
github.com/escarface/sarepost/internal/api/validate.go:104.2,105.22 2 6
github.com/escarface/sarepost/internal/api/validate.go:105.22,107.23 2 6
github.com/escarface/sarepost/internal/api/validate.go:107.23,109.4 1 0
github.com/escarface/sarepost/internal/api/validate.go:112.2,114.37 3 6
github.com/escarface/sarepost/internal/api/validate.go:114.37,117.42 3 6
github.com/escarface/sarepost/internal/api/validate.go:117.42,119.21 2 1
github.com/escarface/sarepost/internal/api/validate.go:119.21,120.13 1 0
github.com/escarface/sarepost/internal/api/validate.go:122.4,123.11 2 1
github.com/escarface/sarepost/internal/api/validate.go:123.11,125.5 1 0
github.com/escarface/sarepost/internal/api/validate.go:126.4,127.60 2 1
github.com/escarface/sarepost/internal/api/validate.go:129.3,129.15 1 6
github.com/escarface/sarepost/internal/api/validate.go:129.15,131.18 2 6
github.com/escarface/sarepost/internal/api/validate.go:131.18,133.5 1 0
github.com/escarface/sarepost/internal/api/validate.go:134.4,134.48 1 6
github.com/escarface/sarepost/internal/api/validate.go:135.9,136.93 1 0
github.com/escarface/sarepost/internal/api/validate.go:136.93,138.5 1 0
github.com/escarface/sarepost/internal/api/validate.go:140.3,143.5 1 6
github.com/escarface/sarepost/internal/api/validate.go:145.2,145.26 1 6
github.com/escarface/sarepost/internal/api/validate.go:145.26,147.3 1 5
github.com/escarface/sarepost/internal/api/validate.go:148.2,148.73 1 6
github.com/escarface/sarepost/internal/api/validate.go:148.73,150.3 1 0
github.com/escarface/sarepost/internal/api/validate.go:152.2,153.27 2 6
github.com/escarface/sarepost/internal/api/validate.go:153.27,155.3 1 1
github.com/escarface/sarepost/internal/api/validate.go:157.2,169.8 1 6
github.com/escarface/sarepost/internal/api/validate.go:172.76,174.61 2 5
github.com/escarface/sarepost/internal/api/validate.go:174.61,177.3 2 0
github.com/escarface/sarepost/internal/api/validate.go:178.2,179.31 2 5
github.com/escarface/sarepost/internal/api/validate.go:179.31,182.3 2 0
github.com/escarface/sarepost/internal/api/validate.go:183.2,191.16 2 5
github.com/escarface/sarepost/internal/api/validate.go:191.16,194.3 2 1
github.com/escarface/sarepost/internal/api/validate.go:195.2,195.34 1 4
github.com/escarface/sarepost/internal/api/validate.go:198.95,199.18 1 0
github.com/escarface/sarepost/internal/api/validate.go:200.24,201.21 1 0
github.com/escarface/sarepost/internal/api/validate.go:201.21,203.4 1 0
github.com/escarface/sarepost/internal/api/validate.go:204.31,205.21 1 0
github.com/escarface/sarepost/internal/api/validate.go:205.21,207.4 1 0
github.com/escarface/sarepost/internal/api/validate.go:208.31,209.21 1 0
github.com/escarface/sarepost/internal/api/validate.go:209.21,211.4 1 0
github.com/escarface/sarepost/internal/api/validate.go:212.32,213.21 1 0
github.com/escarface/sarepost/internal/api/validate.go:213.21,215.4 1 0
github.com/escarface/sarepost/internal/api/validate.go:216.10,217.21 1 0
github.com/escarface/sarepost/internal/api/validate.go:217.21,219.4 1 0
github.com/escarface/sarepost/internal/api/validate.go:221.2,221.12 1 0
